<?xml version="1.0" encoding="UTF-8"?>
<!-- Generated by org.testng.reporters.JUnitXMLReporter -->
<testsuite hostname="AT-LP-1036" name="Test" tests="61" failures="13" timestamp="12 Aug 2016 10:59:38 GMT" time="1160.378" errors="0">
  <testcase name="ValidateLoginButton" time="0.055" classname="com.makaan.Test.LoginTest"/>
  <testcase name="ValidateForgotPassword" time="10.404" classname="com.makaan.Test.LoginTest"/>
  <testcase name="ValidateResetPassword" time="6.678" classname="com.makaan.Test.LoginTest"/>
  <testcase name="ValidateMakaanLogin" time="11.28" classname="com.makaan.Test.LoginTest"/>
  <testcase name="ValidateMakaanLogout" time="3.365" classname="com.makaan.Test.LoginTest"/>
  <testcase name="Signup" time="5.821" classname="com.makaan.Test.LoginTest"/>
  <testcase name="ValidateBuyLocalities" time="32.116" classname="com.makaan.Test.SearchTest"/>
  <testcase name="ValidateRentLocalities" time="32.001" classname="com.makaan.Test.SearchTest"/>
  <testcase name="ValidateBuyProject" time="29.563" classname="com.makaan.Test.SearchTest"/>
  <testcase name="ValidateRentProject" time="26.075" classname="com.makaan.Test.SearchTest"/>
  <testcase name="ValidateBuilder" time="34.67" classname="com.makaan.Test.SearchTest"/>
  <testcase name="ValidateBuyLandmark" time="25.323" classname="com.makaan.Test.SearchTest">
    <failure type="java.lang.AssertionError" message="Fail: All Landmark Tested for Buy Tab are not successfullFail: Not able to verify Property Type with suggestion kashmere gate,delhi expected [true] but found [false]">
      <![CDATA[java.lang.AssertionError: Fail: All Landmark Tested for Buy Tab are not successfullFail: Not able to verify Property Type with suggestion kashmere gate,delhi expected [true] but found [false]
	at com.makaan.Test.SearchTest.ValidateBuyLandmark(SearchTest.java:176)
... Removed 26 stack frames]]>
    </failure>
  </testcase> <!-- ValidateBuyLandmark -->
  <testcase name="ValidateRentLandmark" time="23.252" classname="com.makaan.Test.SearchTest">
    <failure type="java.lang.AssertionError" message="Fail: All Landmark Tested for Rent Tab are not successfull expected [true] but found [false]">
      <![CDATA[java.lang.AssertionError: Fail: All Landmark Tested for Rent Tab are not successfull expected [true] but found [false]
	at com.makaan.Test.SearchTest.ValidateRentLandmark(SearchTest.java:196)
... Removed 26 stack frames]]>
    </failure>
  </testcase> <!-- ValidateRentLandmark -->
  <testcase name="ValidateSuburbBuy" time="34.062" classname="com.makaan.Test.SearchTest"/>
  <testcase name="ValidateSuburbRent" time="30.159" classname="com.makaan.Test.SearchTest"/>
  <testcase name="CloseChat" time="1.784" classname="com.makaan.Test.HomeTest"/>
  <testcase name="ValidateMainImage" time="0.067" classname="com.makaan.Test.HomeTest"/>
  <testcase name="ValidateDownloadAppButton" time="8.061" classname="com.makaan.Test.HomeTest"/>
  <testcase name="ValidateSellerLink" time="1.123" classname="com.makaan.Test.HomeTest"/>
  <testcase name="ValidateBuyerJourney" time="4.322" classname="com.makaan.Test.HomeTest"/>
  <testcase name="BuyerJourneyDrawer" time="2.094" classname="com.makaan.Test.HomeTest"/>
  <testcase name="CityDrawer" time="38.481" classname="com.makaan.Test.HomeTest"/>
  <testcase name="BuilderDrawer" time="31.154" classname="com.makaan.Test.HomeTest"/>
  <testcase name="MakaanIQDrawer" time="12.383" classname="com.makaan.Test.HomeTest"/>
  <testcase name="AppDrawer" time="9.058" classname="com.makaan.Test.HomeTest"/>
  <testcase name="ListProperty" time="4.149" classname="com.makaan.Test.HomeTest">
    <failure type="org.openqa.selenium.WebDriverException" message="unknown error: Element is not clickable at point (1481, 352)
  (Session info: chrome=47.0.2526.111)
  (Driver info: chromedriver=2.9.248304,platform=Linux 3.19.0-25-generic x86_64) (WARNING: The server did not provide any stacktrace information)
Command duration or timeout: 48 milliseconds
Build info: version: &amp;apos;3.0.0-beta2&amp;apos;, revision: &amp;apos;2aa21c1&amp;apos;, time: &amp;apos;2016-08-02 15:03:28 -0700&amp;apos;
System info: host: &amp;apos;AT-LP-1036&amp;apos;, ip: &amp;apos;127.0.1.1&amp;apos;, os.name: &amp;apos;Linux&amp;apos;, os.arch: &amp;apos;amd64&amp;apos;, os.version: &amp;apos;3.19.0-25-generic&amp;apos;, java.version: &amp;apos;1.8.0_91&amp;apos;
Driver info: org.openqa.selenium.chrome.ChromeDriver
Capabilities [{applicationCacheEnabled=false, rotatable=false, chrome={userDataDir=/tmp/.com.google.Chrome.AaMMet}, takesHeapSnapshot=true, databaseEnabled=false, handlesAlerts=true, version=47.0.2526.111, platform=LINUX, browserConnectionEnabled=false, nativeEvents=true, acceptSslCerts=true, locationContextEnabled=true, webStorageEnabled=true, browserName=chrome, takesScreenshot=true, javascriptEnabled=true, cssSelectorsEnabled=true}]
Session ID: f8b8ca32dc97061a7dd97a91d92999f6">
      <![CDATA[org.openqa.selenium.WebDriverException: unknown error: Element is not clickable at point (1481, 352)
  (Session info: chrome=47.0.2526.111)
  (Driver info: chromedriver=2.9.248304,platform=Linux 3.19.0-25-generic x86_64) (WARNING: The server did not provide any stacktrace information)
Command duration or timeout: 48 milliseconds
Build info: version: '3.0.0-beta2', revision: '2aa21c1', time: '2016-08-02 15:03:28 -0700'
System info: host: 'AT-LP-1036', ip: '127.0.1.1', os.name: 'Linux', os.arch: 'amd64', os.version: '3.19.0-25-generic', java.version: '1.8.0_91'
Driver info: org.openqa.selenium.chrome.ChromeDriver
Capabilities [{applicationCacheEnabled=false, rotatable=false, chrome={userDataDir=/tmp/.com.google.Chrome.AaMMet}, takesHeapSnapshot=true, databaseEnabled=false, handlesAlerts=true, version=47.0.2526.111, platform=LINUX, browserConnectionEnabled=false, nativeEvents=true, acceptSslCerts=true, locationContextEnabled=true, webStorageEnabled=true, browserName=chrome, takesScreenshot=true, javascriptEnabled=true, cssSelectorsEnabled=true}]
Session ID: f8b8ca32dc97061a7dd97a91d92999f6
	at org.openqa.selenium.remote.ErrorHandler.createThrowable(ErrorHandler.java:206)
	at org.openqa.selenium.remote.ErrorHandler.throwIfResponseFailed(ErrorHandler.java:158)
	at org.openqa.selenium.remote.RemoteWebDriver.execute(RemoteWebDriver.java:683)
	at org.openqa.selenium.remote.RemoteWebElement.execute(RemoteWebElement.java:319)
	at org.openqa.selenium.remote.RemoteWebElement.click(RemoteWebElement.java:85)
	at com.makaan.Middleware.HomeMiddleware.SwitchWindow(HomeMiddleware.java:629)
	at com.makaan.Middleware.HomeMiddleware.VerifyListYourProperty(HomeMiddleware.java:552)
	at com.makaan.Test.HomeTest.ListProperty(HomeTest.java:256)
... Removed 27 stack frames]]>
    </failure>
  </testcase> <!-- ListProperty -->
  <testcase name="ValidateSearchPlaceHolder" time="3.567" classname="com.makaan.Test.HomeTest"/>
  <testcase name="ValidateSpotlightProject" time="16.256" classname="com.makaan.Test.HomeTest"/>
  <testcase name="ValidateFindJoy" time="8.015" classname="com.makaan.Test.HomeTest"/>
  <testcase name="ValidateMchatCard" time="3.072" classname="com.makaan.Test.HomeTest"/>
  <testcase name="ValidateHighscoring" time="3.065" classname="com.makaan.Test.HomeTest"/>
  <testcase name="ValidateCashBackCard" time="7.289" classname="com.makaan.Test.HomeTest"/>
  <testcase name="ValidateMplusCard" time="3.093" classname="com.makaan.Test.HomeTest"/>
  <testcase name="VerifyAppSection" time="6.699" classname="com.makaan.Test.HomeTest"/>
  <testcase name="ValidateCardBuy" time="89.147" classname="com.makaan.Test.SERPTest"/>
  <testcase name="ValidateCardRent" time="88.318" classname="com.makaan.Test.SERPTest"/>
  <testcase name="BuyFilters" time="54.777" classname="com.makaan.Test.SERPTest">
    <failure type="java.lang.AssertionError" message="Fail: Property Counts are not matching for removing set Budget filter39,065 39,079 expected [true] but found [false]">
      <![CDATA[java.lang.AssertionError: Fail: Property Counts are not matching for removing set Budget filter39,065 39,079 expected [true] but found [false]
	at com.makaan.Test.SERPTest.BuyFilters(SERPTest.java:45)
... Removed 26 stack frames]]>
    </failure>
  </testcase> <!-- BuyFilters -->
  <testcase name="RentFilters" time="50.411" classname="com.makaan.Test.SERPTest"/>
  <testcase name="ValidatePropertyRent" time="12.278" classname="com.makaan.Test.SERPTest"/>
  <testcase name="ValidateReadMoreBuy" time="8.885" classname="com.makaan.Test.SERPTest"/>
  <testcase name="ValidateReadMorerent" time="11.172" classname="com.makaan.Test.SERPTest"/>
  <testcase name="ValidateSellerBuy" time="6.115" classname="com.makaan.Test.SERPTest"/>
  <testcase name="ValidateSellerRent" time="4.872" classname="com.makaan.Test.SERPTest"/>
  <testcase name="ValidateLocalityBuy" time="5.655" classname="com.makaan.Test.SERPTest"/>
  <testcase name="ValidateLocalityRent" time="6.113" classname="com.makaan.Test.SERPTest"/>
  <testcase name="ValidateProjectBuy" time="23.374" classname="com.makaan.Test.SERPTest"/>
  <testcase name="ValidateShortlistBuy" time="12.764" classname="com.makaan.Test.SERPTest">
    <failure type="org.openqa.selenium.WebDriverException" message="unknown error: Element is not clickable at point (869, 10). Other element would receive the click: &amp;lt;ul class=&amp;quot;step1 pull-right clearfix&amp;quot;&amp;gt;...&amp;lt;/ul&amp;gt;
  (Session info: chrome=47.0.2526.111)
  (Driver info: chromedriver=2.9.248304,platform=Linux 3.19.0-25-generic x86_64) (WARNING: The server did not provide any stacktrace information)
Command duration or timeout: 34 milliseconds
Build info: version: &amp;apos;3.0.0-beta2&amp;apos;, revision: &amp;apos;2aa21c1&amp;apos;, time: &amp;apos;2016-08-02 15:03:28 -0700&amp;apos;
System info: host: &amp;apos;AT-LP-1036&amp;apos;, ip: &amp;apos;127.0.1.1&amp;apos;, os.name: &amp;apos;Linux&amp;apos;, os.arch: &amp;apos;amd64&amp;apos;, os.version: &amp;apos;3.19.0-25-generic&amp;apos;, java.version: &amp;apos;1.8.0_91&amp;apos;
Driver info: org.openqa.selenium.chrome.ChromeDriver
Capabilities [{applicationCacheEnabled=false, rotatable=false, chrome={userDataDir=/tmp/.com.google.Chrome.Lbu6LX}, takesHeapSnapshot=true, databaseEnabled=false, handlesAlerts=true, version=47.0.2526.111, platform=LINUX, browserConnectionEnabled=false, nativeEvents=true, acceptSslCerts=true, locationContextEnabled=true, webStorageEnabled=true, browserName=chrome, takesScreenshot=true, javascriptEnabled=true, cssSelectorsEnabled=true}]
Session ID: 6ddea751d3ba69d173667bde2abccfe6">
      <![CDATA[org.openqa.selenium.WebDriverException: unknown error: Element is not clickable at point (869, 10). Other element would receive the click: <ul class="step1 pull-right clearfix">...</ul>
  (Session info: chrome=47.0.2526.111)
  (Driver info: chromedriver=2.9.248304,platform=Linux 3.19.0-25-generic x86_64) (WARNING: The server did not provide any stacktrace information)
Command duration or timeout: 34 milliseconds
Build info: version: '3.0.0-beta2', revision: '2aa21c1', time: '2016-08-02 15:03:28 -0700'
System info: host: 'AT-LP-1036', ip: '127.0.1.1', os.name: 'Linux', os.arch: 'amd64', os.version: '3.19.0-25-generic', java.version: '1.8.0_91'
Driver info: org.openqa.selenium.chrome.ChromeDriver
Capabilities [{applicationCacheEnabled=false, rotatable=false, chrome={userDataDir=/tmp/.com.google.Chrome.Lbu6LX}, takesHeapSnapshot=true, databaseEnabled=false, handlesAlerts=true, version=47.0.2526.111, platform=LINUX, browserConnectionEnabled=false, nativeEvents=true, acceptSslCerts=true, locationContextEnabled=true, webStorageEnabled=true, browserName=chrome, takesScreenshot=true, javascriptEnabled=true, cssSelectorsEnabled=true}]
Session ID: 6ddea751d3ba69d173667bde2abccfe6
	at org.openqa.selenium.remote.ErrorHandler.createThrowable(ErrorHandler.java:206)
	at org.openqa.selenium.remote.ErrorHandler.throwIfResponseFailed(ErrorHandler.java:158)
	at org.openqa.selenium.remote.RemoteWebDriver.execute(RemoteWebDriver.java:683)
	at org.openqa.selenium.remote.RemoteWebElement.execute(RemoteWebElement.java:319)
	at org.openqa.selenium.remote.RemoteWebElement.click(RemoteWebElement.java:85)
	at com.makaan.Webhelper.Webhelper.ClickbyXpath(Webhelper.java:124)
	at com.makaan.Middleware.SERPMiddleware.VerifyShortList(SERPMiddleware.java:672)
	at com.makaan.Test.SERPTest.ValidateShortlistBuy(SERPTest.java:304)
... Removed 27 stack frames]]>
    </failure>
  </testcase> <!-- ValidateShortlistBuy -->
  <testcase name="ValidateShortlistrent" time="10.603" classname="com.makaan.Test.SERPTest"/>
  <testcase name="Validatepagination" time="16.532" classname="com.makaan.Test.SERPTest"/>
  <testcase name="ValidateSidecards" time="35.88" classname="com.makaan.Test.SERPTest">
    <failure type="org.openqa.selenium.WebDriverException" message="unknown error: Element is not clickable at point (1095, 383). Other element would receive the click: &amp;lt;div class=&amp;quot;message-wrapper them&amp;quot;&amp;gt;...&amp;lt;/div&amp;gt;
  (Session info: chrome=47.0.2526.111)
  (Driver info: chromedriver=2.9.248304,platform=Linux 3.19.0-25-generic x86_64) (WARNING: The server did not provide any stacktrace information)
Command duration or timeout: 27 milliseconds
Build info: version: &amp;apos;3.0.0-beta2&amp;apos;, revision: &amp;apos;2aa21c1&amp;apos;, time: &amp;apos;2016-08-02 15:03:28 -0700&amp;apos;
System info: host: &amp;apos;AT-LP-1036&amp;apos;, ip: &amp;apos;127.0.1.1&amp;apos;, os.name: &amp;apos;Linux&amp;apos;, os.arch: &amp;apos;amd64&amp;apos;, os.version: &amp;apos;3.19.0-25-generic&amp;apos;, java.version: &amp;apos;1.8.0_91&amp;apos;
Driver info: org.openqa.selenium.chrome.ChromeDriver
Capabilities [{applicationCacheEnabled=false, rotatable=false, chrome={userDataDir=/tmp/.com.google.Chrome.Lbu6LX}, takesHeapSnapshot=true, databaseEnabled=false, handlesAlerts=true, version=47.0.2526.111, platform=LINUX, browserConnectionEnabled=false, nativeEvents=true, acceptSslCerts=true, locationContextEnabled=true, webStorageEnabled=true, browserName=chrome, takesScreenshot=true, javascriptEnabled=true, cssSelectorsEnabled=true}]
Session ID: 6ddea751d3ba69d173667bde2abccfe6">
      <![CDATA[org.openqa.selenium.WebDriverException: unknown error: Element is not clickable at point (1095, 383). Other element would receive the click: <div class="message-wrapper them">...</div>
  (Session info: chrome=47.0.2526.111)
  (Driver info: chromedriver=2.9.248304,platform=Linux 3.19.0-25-generic x86_64) (WARNING: The server did not provide any stacktrace information)
Command duration or timeout: 27 milliseconds
Build info: version: '3.0.0-beta2', revision: '2aa21c1', time: '2016-08-02 15:03:28 -0700'
System info: host: 'AT-LP-1036', ip: '127.0.1.1', os.name: 'Linux', os.arch: 'amd64', os.version: '3.19.0-25-generic', java.version: '1.8.0_91'
Driver info: org.openqa.selenium.chrome.ChromeDriver
Capabilities [{applicationCacheEnabled=false, rotatable=false, chrome={userDataDir=/tmp/.com.google.Chrome.Lbu6LX}, takesHeapSnapshot=true, databaseEnabled=false, handlesAlerts=true, version=47.0.2526.111, platform=LINUX, browserConnectionEnabled=false, nativeEvents=true, acceptSslCerts=true, locationContextEnabled=true, webStorageEnabled=true, browserName=chrome, takesScreenshot=true, javascriptEnabled=true, cssSelectorsEnabled=true}]
Session ID: 6ddea751d3ba69d173667bde2abccfe6
	at org.openqa.selenium.remote.ErrorHandler.createThrowable(ErrorHandler.java:206)
	at org.openqa.selenium.remote.ErrorHandler.throwIfResponseFailed(ErrorHandler.java:158)
	at org.openqa.selenium.remote.RemoteWebDriver.execute(RemoteWebDriver.java:683)
	at org.openqa.selenium.remote.RemoteWebElement.execute(RemoteWebElement.java:319)
	at org.openqa.selenium.remote.RemoteWebElement.click(RemoteWebElement.java:85)
	at com.makaan.Webhelper.Webhelper.ClickbyXpath(Webhelper.java:124)
	at com.makaan.Middleware.SERPMiddleware.VerifyLocalityCard(SERPMiddleware.java:825)
	at com.makaan.Middleware.SERPMiddleware.SideCards(SERPMiddleware.java:804)
	at com.makaan.Test.SERPTest.ValidateSidecards(SERPTest.java:362)
... Removed 27 stack frames]]>
    </failure>
  </testcase> <!-- ValidateSidecards -->
  <testcase name="ValidateMapListToggle" time="4.645" classname="com.makaan.Test.SERPTest"/>
  <testcase name="ValidateViewMoreBuy" time="9.343" classname="com.makaan.Test.SERPTest"/>
  <testcase name="ValidateViewMoreRent" time="6.979" classname="com.makaan.Test.SERPTest"/>
  <testcase name="ValidateSponsoredLink" time="31.151" classname="com.makaan.Test.SERPTest"/>
  <testcase name="ValidateSortingFilter" time="44.02" classname="com.makaan.Test.SERPTest">
    <failure type="org.openqa.selenium.WebDriverException" message="unknown error: Element is not clickable at point (1115, 7). Other element would receive the click: &amp;lt;ul class=&amp;quot;step1 pull-right clearfix&amp;quot;&amp;gt;...&amp;lt;/ul&amp;gt;
  (Session info: chrome=47.0.2526.111)
  (Driver info: chromedriver=2.9.248304,platform=Linux 3.19.0-25-generic x86_64) (WARNING: The server did not provide any stacktrace information)
Command duration or timeout: 38 milliseconds
Build info: version: &amp;apos;3.0.0-beta2&amp;apos;, revision: &amp;apos;2aa21c1&amp;apos;, time: &amp;apos;2016-08-02 15:03:28 -0700&amp;apos;
System info: host: &amp;apos;AT-LP-1036&amp;apos;, ip: &amp;apos;127.0.1.1&amp;apos;, os.name: &amp;apos;Linux&amp;apos;, os.arch: &amp;apos;amd64&amp;apos;, os.version: &amp;apos;3.19.0-25-generic&amp;apos;, java.version: &amp;apos;1.8.0_91&amp;apos;
Driver info: org.openqa.selenium.chrome.ChromeDriver
Capabilities [{applicationCacheEnabled=false, rotatable=false, chrome={userDataDir=/tmp/.com.google.Chrome.Lbu6LX}, takesHeapSnapshot=true, databaseEnabled=false, handlesAlerts=true, version=47.0.2526.111, platform=LINUX, browserConnectionEnabled=false, nativeEvents=true, acceptSslCerts=true, locationContextEnabled=true, webStorageEnabled=true, browserName=chrome, takesScreenshot=true, javascriptEnabled=true, cssSelectorsEnabled=true}]
Session ID: 6ddea751d3ba69d173667bde2abccfe6">
      <![CDATA[org.openqa.selenium.WebDriverException: unknown error: Element is not clickable at point (1115, 7). Other element would receive the click: <ul class="step1 pull-right clearfix">...</ul>
  (Session info: chrome=47.0.2526.111)
  (Driver info: chromedriver=2.9.248304,platform=Linux 3.19.0-25-generic x86_64) (WARNING: The server did not provide any stacktrace information)
Command duration or timeout: 38 milliseconds
Build info: version: '3.0.0-beta2', revision: '2aa21c1', time: '2016-08-02 15:03:28 -0700'
System info: host: 'AT-LP-1036', ip: '127.0.1.1', os.name: 'Linux', os.arch: 'amd64', os.version: '3.19.0-25-generic', java.version: '1.8.0_91'
Driver info: org.openqa.selenium.chrome.ChromeDriver
Capabilities [{applicationCacheEnabled=false, rotatable=false, chrome={userDataDir=/tmp/.com.google.Chrome.Lbu6LX}, takesHeapSnapshot=true, databaseEnabled=false, handlesAlerts=true, version=47.0.2526.111, platform=LINUX, browserConnectionEnabled=false, nativeEvents=true, acceptSslCerts=true, locationContextEnabled=true, webStorageEnabled=true, browserName=chrome, takesScreenshot=true, javascriptEnabled=true, cssSelectorsEnabled=true}]
Session ID: 6ddea751d3ba69d173667bde2abccfe6
	at org.openqa.selenium.remote.ErrorHandler.createThrowable(ErrorHandler.java:206)
	at org.openqa.selenium.remote.ErrorHandler.throwIfResponseFailed(ErrorHandler.java:158)
	at org.openqa.selenium.remote.RemoteWebDriver.execute(RemoteWebDriver.java:683)
	at org.openqa.selenium.remote.RemoteWebElement.execute(RemoteWebElement.java:319)
	at org.openqa.selenium.remote.RemoteWebElement.click(RemoteWebElement.java:85)
	at com.makaan.Webhelper.Webhelper.ClickbyXpath(Webhelper.java:124)
	at com.makaan.Middleware.SERPMiddleware.filterbySellerRating(SERPMiddleware.java:1044)
	at com.makaan.Middleware.SERPMiddleware.SortingFilter(SERPMiddleware.java:1084)
	at com.makaan.Test.SERPTest.ValidateSortingFilter(SERPTest.java:460)
... Removed 27 stack frames]]>
    </failure>
  </testcase> <!-- ValidateSortingFilter -->
  <testcase name="ValidateSetAlert" time="0.778" classname="com.makaan.Test.SERPTest">
    <failure type="org.openqa.selenium.WebDriverException" message="unknown error: Element is not clickable at point (850, 16). Other element would receive the click: &amp;lt;html lang=&amp;quot;en&amp;quot;&amp;gt;...&amp;lt;/html&amp;gt;
  (Session info: chrome=47.0.2526.111)
  (Driver info: chromedriver=2.9.248304,platform=Linux 3.19.0-25-generic x86_64) (WARNING: The server did not provide any stacktrace information)
Command duration or timeout: 191 milliseconds
Build info: version: &amp;apos;3.0.0-beta2&amp;apos;, revision: &amp;apos;2aa21c1&amp;apos;, time: &amp;apos;2016-08-02 15:03:28 -0700&amp;apos;
System info: host: &amp;apos;AT-LP-1036&amp;apos;, ip: &amp;apos;127.0.1.1&amp;apos;, os.name: &amp;apos;Linux&amp;apos;, os.arch: &amp;apos;amd64&amp;apos;, os.version: &amp;apos;3.19.0-25-generic&amp;apos;, java.version: &amp;apos;1.8.0_91&amp;apos;
Driver info: org.openqa.selenium.chrome.ChromeDriver
Capabilities [{applicationCacheEnabled=false, rotatable=false, chrome={userDataDir=/tmp/.com.google.Chrome.Lbu6LX}, takesHeapSnapshot=true, databaseEnabled=false, handlesAlerts=true, version=47.0.2526.111, platform=LINUX, browserConnectionEnabled=false, nativeEvents=true, acceptSslCerts=true, locationContextEnabled=true, webStorageEnabled=true, browserName=chrome, takesScreenshot=true, javascriptEnabled=true, cssSelectorsEnabled=true}]
Session ID: 6ddea751d3ba69d173667bde2abccfe6">
      <![CDATA[org.openqa.selenium.WebDriverException: unknown error: Element is not clickable at point (850, 16). Other element would receive the click: <html lang="en">...</html>
  (Session info: chrome=47.0.2526.111)
  (Driver info: chromedriver=2.9.248304,platform=Linux 3.19.0-25-generic x86_64) (WARNING: The server did not provide any stacktrace information)
Command duration or timeout: 191 milliseconds
Build info: version: '3.0.0-beta2', revision: '2aa21c1', time: '2016-08-02 15:03:28 -0700'
System info: host: 'AT-LP-1036', ip: '127.0.1.1', os.name: 'Linux', os.arch: 'amd64', os.version: '3.19.0-25-generic', java.version: '1.8.0_91'
Driver info: org.openqa.selenium.chrome.ChromeDriver
Capabilities [{applicationCacheEnabled=false, rotatable=false, chrome={userDataDir=/tmp/.com.google.Chrome.Lbu6LX}, takesHeapSnapshot=true, databaseEnabled=false, handlesAlerts=true, version=47.0.2526.111, platform=LINUX, browserConnectionEnabled=false, nativeEvents=true, acceptSslCerts=true, locationContextEnabled=true, webStorageEnabled=true, browserName=chrome, takesScreenshot=true, javascriptEnabled=true, cssSelectorsEnabled=true}]
Session ID: 6ddea751d3ba69d173667bde2abccfe6
	at org.openqa.selenium.remote.ErrorHandler.createThrowable(ErrorHandler.java:206)
	at org.openqa.selenium.remote.ErrorHandler.throwIfResponseFailed(ErrorHandler.java:158)
	at org.openqa.selenium.remote.RemoteWebDriver.execute(RemoteWebDriver.java:683)
	at org.openqa.selenium.remote.RemoteWebElement.execute(RemoteWebElement.java:319)
	at org.openqa.selenium.remote.RemoteWebElement.click(RemoteWebElement.java:85)
	at com.makaan.Webhelper.Webhelper.ClickbyXpath(Webhelper.java:124)
	at com.makaan.Middleware.SERPMiddleware.SetAlert(SERPMiddleware.java:687)
	at com.makaan.Test.SERPTest.ValidateSetAlert(SERPTest.java:498)
... Removed 27 stack frames]]>
    </failure>
  </testcase> <!-- ValidateSetAlert -->
  <testcase name="ValidatePYRBuy" time="4.327" classname="com.makaan.Test.PYRTest">
    <failure type="org.openqa.selenium.WebDriverException" message="unknown error: Element is not clickable at point (683, 335). Other element would receive the click: &amp;lt;div class=&amp;quot;requirement-box clearfix property moveup js-focus&amp;quot; data-type=&amp;quot;property-type-placeholder&amp;quot; style=&amp;quot;z-index: 2;&amp;quot;&amp;gt;...&amp;lt;/div&amp;gt;
  (Session info: chrome=47.0.2526.111)
  (Driver info: chromedriver=2.9.248304,platform=Linux 3.19.0-25-generic x86_64) (WARNING: The server did not provide any stacktrace information)
Command duration or timeout: 78 milliseconds
Build info: version: &amp;apos;3.0.0-beta2&amp;apos;, revision: &amp;apos;2aa21c1&amp;apos;, time: &amp;apos;2016-08-02 15:03:28 -0700&amp;apos;
System info: host: &amp;apos;AT-LP-1036&amp;apos;, ip: &amp;apos;127.0.1.1&amp;apos;, os.name: &amp;apos;Linux&amp;apos;, os.arch: &amp;apos;amd64&amp;apos;, os.version: &amp;apos;3.19.0-25-generic&amp;apos;, java.version: &amp;apos;1.8.0_91&amp;apos;
Driver info: org.openqa.selenium.chrome.ChromeDriver
Capabilities [{applicationCacheEnabled=false, rotatable=false, chrome={userDataDir=/tmp/.com.google.Chrome.TVqeXk}, takesHeapSnapshot=true, databaseEnabled=false, handlesAlerts=true, version=47.0.2526.111, platform=LINUX, browserConnectionEnabled=false, nativeEvents=true, acceptSslCerts=true, locationContextEnabled=true, webStorageEnabled=true, browserName=chrome, takesScreenshot=true, javascriptEnabled=true, cssSelectorsEnabled=true}]
Session ID: 0968aa1719f2b9c44d75b5af93d7ded4">
      <![CDATA[org.openqa.selenium.WebDriverException: unknown error: Element is not clickable at point (683, 335). Other element would receive the click: <div class="requirement-box clearfix property moveup js-focus" data-type="property-type-placeholder" style="z-index: 2;">...</div>
  (Session info: chrome=47.0.2526.111)
  (Driver info: chromedriver=2.9.248304,platform=Linux 3.19.0-25-generic x86_64) (WARNING: The server did not provide any stacktrace information)
Command duration or timeout: 78 milliseconds
Build info: version: '3.0.0-beta2', revision: '2aa21c1', time: '2016-08-02 15:03:28 -0700'
System info: host: 'AT-LP-1036', ip: '127.0.1.1', os.name: 'Linux', os.arch: 'amd64', os.version: '3.19.0-25-generic', java.version: '1.8.0_91'
Driver info: org.openqa.selenium.chrome.ChromeDriver
Capabilities [{applicationCacheEnabled=false, rotatable=false, chrome={userDataDir=/tmp/.com.google.Chrome.TVqeXk}, takesHeapSnapshot=true, databaseEnabled=false, handlesAlerts=true, version=47.0.2526.111, platform=LINUX, browserConnectionEnabled=false, nativeEvents=true, acceptSslCerts=true, locationContextEnabled=true, webStorageEnabled=true, browserName=chrome, takesScreenshot=true, javascriptEnabled=true, cssSelectorsEnabled=true}]
Session ID: 0968aa1719f2b9c44d75b5af93d7ded4
	at org.openqa.selenium.remote.ErrorHandler.createThrowable(ErrorHandler.java:206)
	at org.openqa.selenium.remote.ErrorHandler.throwIfResponseFailed(ErrorHandler.java:158)
	at org.openqa.selenium.remote.RemoteWebDriver.execute(RemoteWebDriver.java:683)
	at org.openqa.selenium.remote.RemoteWebElement.execute(RemoteWebElement.java:319)
	at org.openqa.selenium.remote.RemoteWebElement.click(RemoteWebElement.java:85)
	at com.makaan.Webhelper.Webhelper.ClickbyXpath(Webhelper.java:124)
	at com.makaan.Middleware.PYRMiddleware.PYRRequirement(PYRMiddleware.java:229)
	at com.makaan.Middleware.PYRMiddleware.PYRBuy(PYRMiddleware.java:63)
	at com.makaan.Test.PYRTest.ValidatePYRBuy(PYRTest.java:41)
... Removed 27 stack frames]]>
    </failure>
  </testcase> <!-- ValidatePYRBuy -->
  <testcase name="ValidatePYRRent" time="0.076" classname="com.makaan.Test.PYRTest">
    <failure type="org.openqa.selenium.WebDriverException" message="unknown error: Element is not clickable at point (1048, 584). Other element would receive the click: &amp;lt;div data-type=&amp;quot;pyr-overlay&amp;quot; class=&amp;quot;thoverlay&amp;quot;&amp;gt;&amp;lt;/div&amp;gt;
  (Session info: chrome=47.0.2526.111)
  (Driver info: chromedriver=2.9.248304,platform=Linux 3.19.0-25-generic x86_64) (WARNING: The server did not provide any stacktrace information)
Command duration or timeout: 39 milliseconds
Build info: version: &amp;apos;3.0.0-beta2&amp;apos;, revision: &amp;apos;2aa21c1&amp;apos;, time: &amp;apos;2016-08-02 15:03:28 -0700&amp;apos;
System info: host: &amp;apos;AT-LP-1036&amp;apos;, ip: &amp;apos;127.0.1.1&amp;apos;, os.name: &amp;apos;Linux&amp;apos;, os.arch: &amp;apos;amd64&amp;apos;, os.version: &amp;apos;3.19.0-25-generic&amp;apos;, java.version: &amp;apos;1.8.0_91&amp;apos;
Driver info: org.openqa.selenium.chrome.ChromeDriver
Capabilities [{applicationCacheEnabled=false, rotatable=false, chrome={userDataDir=/tmp/.com.google.Chrome.TVqeXk}, takesHeapSnapshot=true, databaseEnabled=false, handlesAlerts=true, version=47.0.2526.111, platform=LINUX, browserConnectionEnabled=false, nativeEvents=true, acceptSslCerts=true, locationContextEnabled=true, webStorageEnabled=true, browserName=chrome, takesScreenshot=true, javascriptEnabled=true, cssSelectorsEnabled=true}]
Session ID: 0968aa1719f2b9c44d75b5af93d7ded4">
      <![CDATA[org.openqa.selenium.WebDriverException: unknown error: Element is not clickable at point (1048, 584). Other element would receive the click: <div data-type="pyr-overlay" class="thoverlay"></div>
  (Session info: chrome=47.0.2526.111)
  (Driver info: chromedriver=2.9.248304,platform=Linux 3.19.0-25-generic x86_64) (WARNING: The server did not provide any stacktrace information)
Command duration or timeout: 39 milliseconds
Build info: version: '3.0.0-beta2', revision: '2aa21c1', time: '2016-08-02 15:03:28 -0700'
System info: host: 'AT-LP-1036', ip: '127.0.1.1', os.name: 'Linux', os.arch: 'amd64', os.version: '3.19.0-25-generic', java.version: '1.8.0_91'
Driver info: org.openqa.selenium.chrome.ChromeDriver
Capabilities [{applicationCacheEnabled=false, rotatable=false, chrome={userDataDir=/tmp/.com.google.Chrome.TVqeXk}, takesHeapSnapshot=true, databaseEnabled=false, handlesAlerts=true, version=47.0.2526.111, platform=LINUX, browserConnectionEnabled=false, nativeEvents=true, acceptSslCerts=true, locationContextEnabled=true, webStorageEnabled=true, browserName=chrome, takesScreenshot=true, javascriptEnabled=true, cssSelectorsEnabled=true}]
Session ID: 0968aa1719f2b9c44d75b5af93d7ded4
	at org.openqa.selenium.remote.ErrorHandler.createThrowable(ErrorHandler.java:206)
	at org.openqa.selenium.remote.ErrorHandler.throwIfResponseFailed(ErrorHandler.java:158)
	at org.openqa.selenium.remote.RemoteWebDriver.execute(RemoteWebDriver.java:683)
	at org.openqa.selenium.remote.RemoteWebElement.execute(RemoteWebElement.java:319)
	at org.openqa.selenium.remote.RemoteWebElement.click(RemoteWebElement.java:85)
	at com.makaan.Webhelper.Webhelper.ClickbyXpath(Webhelper.java:124)
	at com.makaan.Middleware.PYRMiddleware.PYRRequirement(PYRMiddleware.java:208)
	at com.makaan.Middleware.PYRMiddleware.PYRRent(PYRMiddleware.java:78)
	at com.makaan.Test.PYRTest.ValidatePYRRent(PYRTest.java:63)
... Removed 27 stack frames]]>
    </failure>
  </testcase> <!-- ValidatePYRRent -->
  <testcase name="ConnectNow" time="0.315" classname="com.makaan.Test.ConnectNowTest">
    <failure type="java.lang.AssertionError" message="Fail: Lead popup did not open expected [true] but found [false]">
      <![CDATA[java.lang.AssertionError: Fail: Lead popup did not open expected [true] but found [false]
	at com.makaan.Test.ConnectNowTest.ConnectNow(ConnectNowTest.java:45)
... Removed 26 stack frames]]>
    </failure>
  </testcase> <!-- ConnectNow -->
  <testcase name="ValidateDB" time="31.656" classname="com.makaan.Test.ConnectNowTest">
    <failure type="java.lang.AssertionError" message="Fail: Lead Drop was not successfull as Db did not get updated expected [true] but found [false]">
      <![CDATA[java.lang.AssertionError: Fail: Lead Drop was not successfull as Db did not get updated expected [true] but found [false]
	at com.makaan.Test.ConnectNowTest.ValidateDB(ConnectNowTest.java:66)
... Removed 26 stack frames]]>
    </failure>
  </testcase> <!-- ValidateDB -->
  <testcase name="ContactSeller" time="62.35" classname="com.makaan.Test.ConnectNowTest">
    <failure type="org.openqa.selenium.TimeoutException" message="Expected condition failed: waiting for visibility of element located by By.xpath: .//div[@data-module=&amp;apos;topSellerPyr&amp;apos;] (tried for 60 second(s) with 500 MILLISECONDS interval)
Build info: version: &amp;apos;3.0.0-beta2&amp;apos;, revision: &amp;apos;2aa21c1&amp;apos;, time: &amp;apos;2016-08-02 15:03:28 -0700&amp;apos;
System info: host: &amp;apos;AT-LP-1036&amp;apos;, ip: &amp;apos;127.0.1.1&amp;apos;, os.name: &amp;apos;Linux&amp;apos;, os.arch: &amp;apos;amd64&amp;apos;, os.version: &amp;apos;3.19.0-25-generic&amp;apos;, java.version: &amp;apos;1.8.0_91&amp;apos;
Driver info: org.openqa.selenium.chrome.ChromeDriver
Capabilities [{applicationCacheEnabled=false, rotatable=false, chrome={userDataDir=/tmp/.com.google.Chrome.sivT4F}, takesHeapSnapshot=true, databaseEnabled=false, handlesAlerts=true, version=47.0.2526.111, platform=LINUX, browserConnectionEnabled=false, nativeEvents=true, acceptSslCerts=true, locationContextEnabled=true, webStorageEnabled=true, browserName=chrome, takesScreenshot=true, javascriptEnabled=true, cssSelectorsEnabled=true}]
Session ID: 42b2a5df46f1c5a078be3c4161813443">
      <![CDATA[org.openqa.selenium.TimeoutException: Expected condition failed: waiting for visibility of element located by By.xpath: .//div[@data-module='topSellerPyr'] (tried for 60 second(s) with 500 MILLISECONDS interval)
Build info: version: '3.0.0-beta2', revision: '2aa21c1', time: '2016-08-02 15:03:28 -0700'
System info: host: 'AT-LP-1036', ip: '127.0.1.1', os.name: 'Linux', os.arch: 'amd64', os.version: '3.19.0-25-generic', java.version: '1.8.0_91'
Driver info: org.openqa.selenium.chrome.ChromeDriver
Capabilities [{applicationCacheEnabled=false, rotatable=false, chrome={userDataDir=/tmp/.com.google.Chrome.sivT4F}, takesHeapSnapshot=true, databaseEnabled=false, handlesAlerts=true, version=47.0.2526.111, platform=LINUX, browserConnectionEnabled=false, nativeEvents=true, acceptSslCerts=true, locationContextEnabled=true, webStorageEnabled=true, browserName=chrome, takesScreenshot=true, javascriptEnabled=true, cssSelectorsEnabled=true}]
Session ID: 42b2a5df46f1c5a078be3c4161813443
	at org.openqa.selenium.support.ui.WebDriverWait.timeoutException(WebDriverWait.java:80)
	at org.openqa.selenium.support.ui.FluentWait.until(FluentWait.java:260)
	at com.makaan.Webhelper.Webhelper.WaitUntillVisiblility(Webhelper.java:74)
	at com.makaan.Middleware.ConnectNowMiddleware.ContactSellers(ConnectNowMiddleware.java:372)
	at com.makaan.Test.ConnectNowTest.ContactSeller(ConnectNowTest.java:128)
... Removed 23 stack frames]]>
    </failure>
  </testcase> <!-- ContactSeller -->
</testsuite> <!-- Test -->
