<!DOCTYPE html PUBLIC "-//W3C//DTD XHTML 1.1//EN" "http://www.w3.org/TR/xhtml11/DTD/xhtml11.dtd">
<html xmlns="http://www.w3.org/1999/xhtml"><head><title>TestNG Report</title><style type="text/css">table {margin-bottom:10px;border-collapse:collapse;empty-cells:show}th,td {border:1px solid #009;padding:.25em .5em}th {vertical-align:bottom}td {vertical-align:top}table a {font-weight:bold}.stripe td {background-color: #E6EBF9}.num {text-align:right}.passedodd td {background-color: #3F3}.passedeven td {background-color: #0A0}.skippedodd td {background-color: #DDD}.skippedeven td {background-color: #CCC}.failedodd td,.attn {background-color: #F33}.failedeven td,.stripe .attn {background-color: #D00}.stacktrace {white-space:pre;font-family:monospace}.totop {font-size:85%;text-align:center;border-bottom:2px solid #000}</style></head><body><table><tr><th>Test</th><th># Passed</th><th># Skipped</th><th># Failed</th><th>Time (ms)</th><th>Included Groups</th><th>Excluded Groups</th></tr><tr><th colspan="7">Suite</th></tr><tr><td><a href="#t0">Test</a></td><td class="num">48</td><td class="num">0</td><td class="num attn">13</td><td class="num">1,160,378</td><td></td><td></td></tr></table><table><thead><tr><th>Class</th><th>Method</th><th>Start</th><th>Time (ms)</th></tr></thead><tbody><tr><th colspan="4">Suite</th></tr></tbody><tbody id="t0"><tr><th colspan="4">Test &#8212; failed</th></tr><tr class="failedeven"><td rowspan="3">com.makaan.Test.ConnectNowTest</td><td><a href="#m0">ConnectNow</a></td><td rowspan="1">1470999484170</td><td rowspan="1">315</td></tr><tr class="failedeven"><td><a href="#m1">ContactSeller</a></td><td rowspan="1">1470999516141</td><td rowspan="1">62350</td></tr><tr class="failedeven"><td><a href="#m2">ValidateDB</a></td><td rowspan="1">1470999484485</td><td rowspan="1">31656</td></tr><tr class="failedodd"><td rowspan="1">com.makaan.Test.HomeTest</td><td><a href="#m3">ListProperty</a></td><td rowspan="1">1470998860713</td><td rowspan="1">4149</td></tr><tr class="failedeven"><td rowspan="2">com.makaan.Test.PYRTest</td><td><a href="#m4">ValidatePYRBuy</a></td><td rowspan="1">1470999471005</td><td rowspan="1">4327</td></tr><tr class="failedeven"><td><a href="#m5">ValidatePYRRent</a></td><td rowspan="1">1470999475332</td><td rowspan="1">76</td></tr><tr class="failedodd"><td rowspan="5">com.makaan.Test.SERPTest</td><td><a href="#m6">BuyFilters</a></td><td rowspan="1">1470999103148</td><td rowspan="1">54777</td></tr><tr class="failedodd"><td><a href="#m7">ValidateSetAlert</a></td><td rowspan="1">1470999458720</td><td rowspan="1">778</td></tr><tr class="failedodd"><td><a href="#m8">ValidateShortlistBuy</a></td><td rowspan="1">1470999286802</td><td rowspan="1">12764</td></tr><tr class="failedodd"><td><a href="#m9">ValidateSidecards</a></td><td rowspan="1">1470999326701</td><td rowspan="1">35880</td></tr><tr class="failedodd"><td><a href="#m10">ValidateSortingFilter</a></td><td rowspan="1">1470999414700</td><td rowspan="1">44020</td></tr><tr class="failedeven"><td rowspan="2">com.makaan.Test.SearchTest</td><td><a href="#m11">ValidateBuyLandmark</a></td><td rowspan="1">1470998631774</td><td rowspan="1">25323</td></tr><tr class="failedeven"><td><a href="#m12">ValidateRentLandmark</a></td><td rowspan="1">1470998657098</td><td rowspan="1">23252</td></tr><tr><th colspan="4">Test &#8212; passed</th></tr><tr class="passedeven"><td rowspan="18">com.makaan.Test.HomeTest</td><td><a href="#m13">AppDrawer</a></td><td rowspan="1">1470998851655</td><td rowspan="1">9058</td></tr><tr class="passedeven"><td><a href="#m14">BuilderDrawer</a></td><td rowspan="1">1470998808118</td><td rowspan="1">31154</td></tr><tr class="passedeven"><td><a href="#m15">BuyerJourneyDrawer</a></td><td rowspan="1">1470998767543</td><td rowspan="1">2094</td></tr><tr class="passedeven"><td><a href="#m16">CityDrawer</a></td><td rowspan="1">1470998769637</td><td rowspan="1">38481</td></tr><tr class="passedeven"><td><a href="#m17">CloseChat</a></td><td rowspan="1">1470998752184</td><td rowspan="1">1784</td></tr><tr class="passedeven"><td><a href="#m18">MakaanIQDrawer</a></td><td rowspan="1">1470998839272</td><td rowspan="1">12383</td></tr><tr class="passedeven"><td><a href="#m19">ValidateBuyerJourney</a></td><td rowspan="1">1470998763221</td><td rowspan="1">4322</td></tr><tr class="passedeven"><td><a href="#m20">ValidateCashBackCard</a></td><td rowspan="1">1470998898837</td><td rowspan="1">7289</td></tr><tr class="passedeven"><td><a href="#m21">ValidateDownloadAppButton</a></td><td rowspan="1">1470998754036</td><td rowspan="1">8061</td></tr><tr class="passedeven"><td><a href="#m22">ValidateFindJoy</a></td><td rowspan="1">1470998884685</td><td rowspan="1">8015</td></tr><tr class="passedeven"><td><a href="#m23">ValidateHighscoring</a></td><td rowspan="1">1470998895772</td><td rowspan="1">3065</td></tr><tr class="passedeven"><td><a href="#m24">ValidateMainImage</a></td><td rowspan="1">1470998753968</td><td rowspan="1">67</td></tr><tr class="passedeven"><td><a href="#m25">ValidateMchatCard</a></td><td rowspan="1">1470998892700</td><td rowspan="1">3072</td></tr><tr class="passedeven"><td><a href="#m26">ValidateMplusCard</a></td><td rowspan="1">1470998906126</td><td rowspan="1">3093</td></tr><tr class="passedeven"><td><a href="#m27">ValidateSearchPlaceHolder</a></td><td rowspan="1">1470998864862</td><td rowspan="1">3567</td></tr><tr class="passedeven"><td><a href="#m28">ValidateSellerLink</a></td><td rowspan="1">1470998762097</td><td rowspan="1">1123</td></tr><tr class="passedeven"><td><a href="#m29">ValidateSpotlightProject</a></td><td rowspan="1">1470998868429</td><td rowspan="1">16256</td></tr><tr class="passedeven"><td><a href="#m30">VerifyAppSection</a></td><td rowspan="1">1470998909219</td><td rowspan="1">6699</td></tr><tr class="passedodd"><td rowspan="6">com.makaan.Test.LoginTest</td><td><a href="#m31">Signup</a></td><td rowspan="1">1470998461658</td><td rowspan="1">5821</td></tr><tr class="passedodd"><td><a href="#m32">ValidateForgotPassword</a></td><td rowspan="1">1470998429930</td><td rowspan="1">10404</td></tr><tr class="passedodd"><td><a href="#m33">ValidateLoginButton</a></td><td rowspan="1">1470998429875</td><td rowspan="1">55</td></tr><tr class="passedodd"><td><a href="#m34">ValidateMakaanLogin</a></td><td rowspan="1">1470998447013</td><td rowspan="1">11280</td></tr><tr class="passedodd"><td><a href="#m35">ValidateMakaanLogout</a></td><td rowspan="1">1470998458293</td><td rowspan="1">3365</td></tr><tr class="passedodd"><td><a href="#m36">ValidateResetPassword</a></td><td rowspan="1">1470998440334</td><td rowspan="1">6678</td></tr><tr class="passedeven"><td rowspan="17">com.makaan.Test.SERPTest</td><td><a href="#m37">RentFilters</a></td><td rowspan="1">1470999157925</td><td rowspan="1">50411</td></tr><tr class="passedeven"><td><a href="#m38">ValidateCardBuy</a></td><td rowspan="1">1470998925683</td><td rowspan="1">89147</td></tr><tr class="passedeven"><td><a href="#m39">ValidateCardRent</a></td><td rowspan="1">1470999014830</td><td rowspan="1">88318</td></tr><tr class="passedeven"><td><a href="#m40">ValidateLocalityBuy</a></td><td rowspan="1">1470999251659</td><td rowspan="1">5655</td></tr><tr class="passedeven"><td><a href="#m41">ValidateLocalityRent</a></td><td rowspan="1">1470999257314</td><td rowspan="1">6113</td></tr><tr class="passedeven"><td><a href="#m42">ValidateMapListToggle</a></td><td rowspan="1">1470999362581</td><td rowspan="1">4645</td></tr><tr class="passedeven"><td><a href="#m43">ValidateProjectBuy</a></td><td rowspan="1">1470999263428</td><td rowspan="1">23374</td></tr><tr class="passedeven"><td><a href="#m44">ValidatePropertyRent</a></td><td rowspan="1">1470999208336</td><td rowspan="1">12278</td></tr><tr class="passedeven"><td><a href="#m45">ValidateReadMoreBuy</a></td><td rowspan="1">1470999220614</td><td rowspan="1">8885</td></tr><tr class="passedeven"><td><a href="#m46">ValidateReadMorerent</a></td><td rowspan="1">1470999229499</td><td rowspan="1">11172</td></tr><tr class="passedeven"><td><a href="#m47">ValidateSellerBuy</a></td><td rowspan="1">1470999240671</td><td rowspan="1">6115</td></tr><tr class="passedeven"><td><a href="#m48">ValidateSellerRent</a></td><td rowspan="1">1470999246786</td><td rowspan="1">4872</td></tr><tr class="passedeven"><td><a href="#m49">ValidateShortlistrent</a></td><td rowspan="1">1470999299566</td><td rowspan="1">10603</td></tr><tr class="passedeven"><td><a href="#m50">ValidateSponsoredLink</a></td><td rowspan="1">1470999383549</td><td rowspan="1">31151</td></tr><tr class="passedeven"><td><a href="#m51">ValidateViewMoreBuy</a></td><td rowspan="1">1470999367226</td><td rowspan="1">9343</td></tr><tr class="passedeven"><td><a href="#m52">ValidateViewMoreRent</a></td><td rowspan="1">1470999376569</td><td rowspan="1">6979</td></tr><tr class="passedeven"><td><a href="#m53">Validatepagination</a></td><td rowspan="1">1470999310169</td><td rowspan="1">16532</td></tr><tr class="passedodd"><td rowspan="7">com.makaan.Test.SearchTest</td><td><a href="#m54">ValidateBuilder</a></td><td rowspan="1">1470998597104</td><td rowspan="1">34670</td></tr><tr class="passedodd"><td><a href="#m55">ValidateBuyLocalities</a></td><td rowspan="1">1470998477347</td><td rowspan="1">32116</td></tr><tr class="passedodd"><td><a href="#m56">ValidateBuyProject</a></td><td rowspan="1">1470998541465</td><td rowspan="1">29563</td></tr><tr class="passedodd"><td><a href="#m57">ValidateRentLocalities</a></td><td rowspan="1">1470998509463</td><td rowspan="1">32001</td></tr><tr class="passedodd"><td><a href="#m58">ValidateRentProject</a></td><td rowspan="1">1470998571029</td><td rowspan="1">26075</td></tr><tr class="passedodd"><td><a href="#m59">ValidateSuburbBuy</a></td><td rowspan="1">1470998680350</td><td rowspan="1">34062</td></tr><tr class="passedodd"><td><a href="#m60">ValidateSuburbRent</a></td><td rowspan="1">1470998714412</td><td rowspan="1">30159</td></tr></tbody></table><h2>Test</h2><h3 id="m0">com.makaan.Test.ConnectNowTest#ConnectNow</h3><table class="result"><tr><th>Exception</th></tr><tr><td><div class="stacktrace">java.lang.AssertionError: Fail: Lead popup did not open expected [true] but found [false]
	at com.makaan.Test.ConnectNowTest.ConnectNow(ConnectNowTest.java:45)
... Removed 26 stack frames</div></td></tr></table><p class="totop"><a href="#summary">back to summary</a></p><h3 id="m1">com.makaan.Test.ConnectNowTest#ContactSeller</h3><table class="result"><tr><th>Exception</th></tr><tr><td><div class="stacktrace">org.openqa.selenium.TimeoutException: Expected condition failed: waiting for visibility of element located by By.xpath: .//div[@data-module=&apos;topSellerPyr&apos;] (tried for 60 second(s) with 500 MILLISECONDS interval)
Build info: version: &apos;3.0.0-beta2&apos;, revision: &apos;2aa21c1&apos;, time: &apos;2016-08-02 15:03:28 -0700&apos;
System info: host: &apos;AT-LP-1036&apos;, ip: &apos;127.0.1.1&apos;, os.name: &apos;Linux&apos;, os.arch: &apos;amd64&apos;, os.version: &apos;3.19.0-25-generic&apos;, java.version: &apos;1.8.0_91&apos;
Driver info: org.openqa.selenium.chrome.ChromeDriver
Capabilities [{applicationCacheEnabled=false, rotatable=false, chrome={userDataDir=/tmp/.com.google.Chrome.sivT4F}, takesHeapSnapshot=true, databaseEnabled=false, handlesAlerts=true, version=47.0.2526.111, platform=LINUX, browserConnectionEnabled=false, nativeEvents=true, acceptSslCerts=true, locationContextEnabled=true, webStorageEnabled=true, browserName=chrome, takesScreenshot=true, javascriptEnabled=true, cssSelectorsEnabled=true}]
Session ID: 42b2a5df46f1c5a078be3c4161813443
	at org.openqa.selenium.support.ui.WebDriverWait.timeoutException(WebDriverWait.java:80)
	at org.openqa.selenium.support.ui.FluentWait.until(FluentWait.java:260)
	at com.makaan.Webhelper.Webhelper.WaitUntillVisiblility(Webhelper.java:74)
	at com.makaan.Middleware.ConnectNowMiddleware.ContactSellers(ConnectNowMiddleware.java:372)
	at com.makaan.Test.ConnectNowTest.ContactSeller(ConnectNowTest.java:128)
... Removed 23 stack frames</div></td></tr></table><p class="totop"><a href="#summary">back to summary</a></p><h3 id="m2">com.makaan.Test.ConnectNowTest#ValidateDB</h3><table class="result"><tr><th>Exception</th></tr><tr><td><div class="stacktrace">java.lang.AssertionError: Fail: Lead Drop was not successfull as Db did not get updated expected [true] but found [false]
	at com.makaan.Test.ConnectNowTest.ValidateDB(ConnectNowTest.java:66)
... Removed 26 stack frames</div></td></tr></table><p class="totop"><a href="#summary">back to summary</a></p><h3 id="m3">com.makaan.Test.HomeTest#ListProperty</h3><table class="result"><tr><th>Exception</th></tr><tr><td><div class="stacktrace">org.openqa.selenium.WebDriverException: unknown error: Element is not clickable at point (1481, 352)
  (Session info: chrome=47.0.2526.111)
  (Driver info: chromedriver=2.9.248304,platform=Linux 3.19.0-25-generic x86_64) (WARNING: The server did not provide any stacktrace information)
Command duration or timeout: 48 milliseconds
Build info: version: &apos;3.0.0-beta2&apos;, revision: &apos;2aa21c1&apos;, time: &apos;2016-08-02 15:03:28 -0700&apos;
System info: host: &apos;AT-LP-1036&apos;, ip: &apos;127.0.1.1&apos;, os.name: &apos;Linux&apos;, os.arch: &apos;amd64&apos;, os.version: &apos;3.19.0-25-generic&apos;, java.version: &apos;1.8.0_91&apos;
Driver info: org.openqa.selenium.chrome.ChromeDriver
Capabilities [{applicationCacheEnabled=false, rotatable=false, chrome={userDataDir=/tmp/.com.google.Chrome.AaMMet}, takesHeapSnapshot=true, databaseEnabled=false, handlesAlerts=true, version=47.0.2526.111, platform=LINUX, browserConnectionEnabled=false, nativeEvents=true, acceptSslCerts=true, locationContextEnabled=true, webStorageEnabled=true, browserName=chrome, takesScreenshot=true, javascriptEnabled=true, cssSelectorsEnabled=true}]
Session ID: f8b8ca32dc97061a7dd97a91d92999f6
	at org.openqa.selenium.remote.ErrorHandler.createThrowable(ErrorHandler.java:206)
	at org.openqa.selenium.remote.ErrorHandler.throwIfResponseFailed(ErrorHandler.java:158)
	at org.openqa.selenium.remote.RemoteWebDriver.execute(RemoteWebDriver.java:683)
	at org.openqa.selenium.remote.RemoteWebElement.execute(RemoteWebElement.java:319)
	at org.openqa.selenium.remote.RemoteWebElement.click(RemoteWebElement.java:85)
	at com.makaan.Middleware.HomeMiddleware.SwitchWindow(HomeMiddleware.java:629)
	at com.makaan.Middleware.HomeMiddleware.VerifyListYourProperty(HomeMiddleware.java:552)
	at com.makaan.Test.HomeTest.ListProperty(HomeTest.java:256)
... Removed 27 stack frames</div></td></tr></table><p class="totop"><a href="#summary">back to summary</a></p><h3 id="m4">com.makaan.Test.PYRTest#ValidatePYRBuy</h3><table class="result"><tr><th>Exception</th></tr><tr><td><div class="stacktrace">org.openqa.selenium.WebDriverException: unknown error: Element is not clickable at point (683, 335). Other element would receive the click: &lt;div class=&quot;requirement-box clearfix property moveup js-focus&quot; data-type=&quot;property-type-placeholder&quot; style=&quot;z-index: 2;&quot;&gt;...&lt;/div&gt;
  (Session info: chrome=47.0.2526.111)
  (Driver info: chromedriver=2.9.248304,platform=Linux 3.19.0-25-generic x86_64) (WARNING: The server did not provide any stacktrace information)
Command duration or timeout: 78 milliseconds
Build info: version: &apos;3.0.0-beta2&apos;, revision: &apos;2aa21c1&apos;, time: &apos;2016-08-02 15:03:28 -0700&apos;
System info: host: &apos;AT-LP-1036&apos;, ip: &apos;127.0.1.1&apos;, os.name: &apos;Linux&apos;, os.arch: &apos;amd64&apos;, os.version: &apos;3.19.0-25-generic&apos;, java.version: &apos;1.8.0_91&apos;
Driver info: org.openqa.selenium.chrome.ChromeDriver
Capabilities [{applicationCacheEnabled=false, rotatable=false, chrome={userDataDir=/tmp/.com.google.Chrome.TVqeXk}, takesHeapSnapshot=true, databaseEnabled=false, handlesAlerts=true, version=47.0.2526.111, platform=LINUX, browserConnectionEnabled=false, nativeEvents=true, acceptSslCerts=true, locationContextEnabled=true, webStorageEnabled=true, browserName=chrome, takesScreenshot=true, javascriptEnabled=true, cssSelectorsEnabled=true}]
Session ID: 0968aa1719f2b9c44d75b5af93d7ded4
	at org.openqa.selenium.remote.ErrorHandler.createThrowable(ErrorHandler.java:206)
	at org.openqa.selenium.remote.ErrorHandler.throwIfResponseFailed(ErrorHandler.java:158)
	at org.openqa.selenium.remote.RemoteWebDriver.execute(RemoteWebDriver.java:683)
	at org.openqa.selenium.remote.RemoteWebElement.execute(RemoteWebElement.java:319)
	at org.openqa.selenium.remote.RemoteWebElement.click(RemoteWebElement.java:85)
	at com.makaan.Webhelper.Webhelper.ClickbyXpath(Webhelper.java:124)
	at com.makaan.Middleware.PYRMiddleware.PYRRequirement(PYRMiddleware.java:229)
	at com.makaan.Middleware.PYRMiddleware.PYRBuy(PYRMiddleware.java:63)
	at com.makaan.Test.PYRTest.ValidatePYRBuy(PYRTest.java:41)
... Removed 27 stack frames</div></td></tr></table><p class="totop"><a href="#summary">back to summary</a></p><h3 id="m5">com.makaan.Test.PYRTest#ValidatePYRRent</h3><table class="result"><tr><th>Exception</th></tr><tr><td><div class="stacktrace">org.openqa.selenium.WebDriverException: unknown error: Element is not clickable at point (1048, 584). Other element would receive the click: &lt;div data-type=&quot;pyr-overlay&quot; class=&quot;thoverlay&quot;&gt;&lt;/div&gt;
  (Session info: chrome=47.0.2526.111)
  (Driver info: chromedriver=2.9.248304,platform=Linux 3.19.0-25-generic x86_64) (WARNING: The server did not provide any stacktrace information)
Command duration or timeout: 39 milliseconds
Build info: version: &apos;3.0.0-beta2&apos;, revision: &apos;2aa21c1&apos;, time: &apos;2016-08-02 15:03:28 -0700&apos;
System info: host: &apos;AT-LP-1036&apos;, ip: &apos;127.0.1.1&apos;, os.name: &apos;Linux&apos;, os.arch: &apos;amd64&apos;, os.version: &apos;3.19.0-25-generic&apos;, java.version: &apos;1.8.0_91&apos;
Driver info: org.openqa.selenium.chrome.ChromeDriver
Capabilities [{applicationCacheEnabled=false, rotatable=false, chrome={userDataDir=/tmp/.com.google.Chrome.TVqeXk}, takesHeapSnapshot=true, databaseEnabled=false, handlesAlerts=true, version=47.0.2526.111, platform=LINUX, browserConnectionEnabled=false, nativeEvents=true, acceptSslCerts=true, locationContextEnabled=true, webStorageEnabled=true, browserName=chrome, takesScreenshot=true, javascriptEnabled=true, cssSelectorsEnabled=true}]
Session ID: 0968aa1719f2b9c44d75b5af93d7ded4
	at org.openqa.selenium.remote.ErrorHandler.createThrowable(ErrorHandler.java:206)
	at org.openqa.selenium.remote.ErrorHandler.throwIfResponseFailed(ErrorHandler.java:158)
	at org.openqa.selenium.remote.RemoteWebDriver.execute(RemoteWebDriver.java:683)
	at org.openqa.selenium.remote.RemoteWebElement.execute(RemoteWebElement.java:319)
	at org.openqa.selenium.remote.RemoteWebElement.click(RemoteWebElement.java:85)
	at com.makaan.Webhelper.Webhelper.ClickbyXpath(Webhelper.java:124)
	at com.makaan.Middleware.PYRMiddleware.PYRRequirement(PYRMiddleware.java:208)
	at com.makaan.Middleware.PYRMiddleware.PYRRent(PYRMiddleware.java:78)
	at com.makaan.Test.PYRTest.ValidatePYRRent(PYRTest.java:63)
... Removed 27 stack frames</div></td></tr></table><p class="totop"><a href="#summary">back to summary</a></p><h3 id="m6">com.makaan.Test.SERPTest#BuyFilters</h3><table class="result"><tr><th>Exception</th></tr><tr><td><div class="stacktrace">java.lang.AssertionError: Fail: Property Counts are not matching for removing set Budget filter39,065 39,079 expected [true] but found [false]
	at com.makaan.Test.SERPTest.BuyFilters(SERPTest.java:45)
... Removed 26 stack frames</div></td></tr></table><p class="totop"><a href="#summary">back to summary</a></p><h3 id="m7">com.makaan.Test.SERPTest#ValidateSetAlert</h3><table class="result"><tr><th>Exception</th></tr><tr><td><div class="stacktrace">org.openqa.selenium.WebDriverException: unknown error: Element is not clickable at point (850, 16). Other element would receive the click: &lt;html lang=&quot;en&quot;&gt;...&lt;/html&gt;
  (Session info: chrome=47.0.2526.111)
  (Driver info: chromedriver=2.9.248304,platform=Linux 3.19.0-25-generic x86_64) (WARNING: The server did not provide any stacktrace information)
Command duration or timeout: 191 milliseconds
Build info: version: &apos;3.0.0-beta2&apos;, revision: &apos;2aa21c1&apos;, time: &apos;2016-08-02 15:03:28 -0700&apos;
System info: host: &apos;AT-LP-1036&apos;, ip: &apos;127.0.1.1&apos;, os.name: &apos;Linux&apos;, os.arch: &apos;amd64&apos;, os.version: &apos;3.19.0-25-generic&apos;, java.version: &apos;1.8.0_91&apos;
Driver info: org.openqa.selenium.chrome.ChromeDriver
Capabilities [{applicationCacheEnabled=false, rotatable=false, chrome={userDataDir=/tmp/.com.google.Chrome.Lbu6LX}, takesHeapSnapshot=true, databaseEnabled=false, handlesAlerts=true, version=47.0.2526.111, platform=LINUX, browserConnectionEnabled=false, nativeEvents=true, acceptSslCerts=true, locationContextEnabled=true, webStorageEnabled=true, browserName=chrome, takesScreenshot=true, javascriptEnabled=true, cssSelectorsEnabled=true}]
Session ID: 6ddea751d3ba69d173667bde2abccfe6
	at org.openqa.selenium.remote.ErrorHandler.createThrowable(ErrorHandler.java:206)
	at org.openqa.selenium.remote.ErrorHandler.throwIfResponseFailed(ErrorHandler.java:158)
	at org.openqa.selenium.remote.RemoteWebDriver.execute(RemoteWebDriver.java:683)
	at org.openqa.selenium.remote.RemoteWebElement.execute(RemoteWebElement.java:319)
	at org.openqa.selenium.remote.RemoteWebElement.click(RemoteWebElement.java:85)
	at com.makaan.Webhelper.Webhelper.ClickbyXpath(Webhelper.java:124)
	at com.makaan.Middleware.SERPMiddleware.SetAlert(SERPMiddleware.java:687)
	at com.makaan.Test.SERPTest.ValidateSetAlert(SERPTest.java:498)
... Removed 27 stack frames</div></td></tr></table><p class="totop"><a href="#summary">back to summary</a></p><h3 id="m8">com.makaan.Test.SERPTest#ValidateShortlistBuy</h3><table class="result"><tr><th>Exception</th></tr><tr><td><div class="stacktrace">org.openqa.selenium.WebDriverException: unknown error: Element is not clickable at point (869, 10). Other element would receive the click: &lt;ul class=&quot;step1 pull-right clearfix&quot;&gt;...&lt;/ul&gt;
  (Session info: chrome=47.0.2526.111)
  (Driver info: chromedriver=2.9.248304,platform=Linux 3.19.0-25-generic x86_64) (WARNING: The server did not provide any stacktrace information)
Command duration or timeout: 34 milliseconds
Build info: version: &apos;3.0.0-beta2&apos;, revision: &apos;2aa21c1&apos;, time: &apos;2016-08-02 15:03:28 -0700&apos;
System info: host: &apos;AT-LP-1036&apos;, ip: &apos;127.0.1.1&apos;, os.name: &apos;Linux&apos;, os.arch: &apos;amd64&apos;, os.version: &apos;3.19.0-25-generic&apos;, java.version: &apos;1.8.0_91&apos;
Driver info: org.openqa.selenium.chrome.ChromeDriver
Capabilities [{applicationCacheEnabled=false, rotatable=false, chrome={userDataDir=/tmp/.com.google.Chrome.Lbu6LX}, takesHeapSnapshot=true, databaseEnabled=false, handlesAlerts=true, version=47.0.2526.111, platform=LINUX, browserConnectionEnabled=false, nativeEvents=true, acceptSslCerts=true, locationContextEnabled=true, webStorageEnabled=true, browserName=chrome, takesScreenshot=true, javascriptEnabled=true, cssSelectorsEnabled=true}]
Session ID: 6ddea751d3ba69d173667bde2abccfe6
	at org.openqa.selenium.remote.ErrorHandler.createThrowable(ErrorHandler.java:206)
	at org.openqa.selenium.remote.ErrorHandler.throwIfResponseFailed(ErrorHandler.java:158)
	at org.openqa.selenium.remote.RemoteWebDriver.execute(RemoteWebDriver.java:683)
	at org.openqa.selenium.remote.RemoteWebElement.execute(RemoteWebElement.java:319)
	at org.openqa.selenium.remote.RemoteWebElement.click(RemoteWebElement.java:85)
	at com.makaan.Webhelper.Webhelper.ClickbyXpath(Webhelper.java:124)
	at com.makaan.Middleware.SERPMiddleware.VerifyShortList(SERPMiddleware.java:672)
	at com.makaan.Test.SERPTest.ValidateShortlistBuy(SERPTest.java:304)
... Removed 27 stack frames</div></td></tr></table><p class="totop"><a href="#summary">back to summary</a></p><h3 id="m9">com.makaan.Test.SERPTest#ValidateSidecards</h3><table class="result"><tr><th>Exception</th></tr><tr><td><div class="stacktrace">org.openqa.selenium.WebDriverException: unknown error: Element is not clickable at point (1095, 383). Other element would receive the click: &lt;div class=&quot;message-wrapper them&quot;&gt;...&lt;/div&gt;
  (Session info: chrome=47.0.2526.111)
  (Driver info: chromedriver=2.9.248304,platform=Linux 3.19.0-25-generic x86_64) (WARNING: The server did not provide any stacktrace information)
Command duration or timeout: 27 milliseconds
Build info: version: &apos;3.0.0-beta2&apos;, revision: &apos;2aa21c1&apos;, time: &apos;2016-08-02 15:03:28 -0700&apos;
System info: host: &apos;AT-LP-1036&apos;, ip: &apos;127.0.1.1&apos;, os.name: &apos;Linux&apos;, os.arch: &apos;amd64&apos;, os.version: &apos;3.19.0-25-generic&apos;, java.version: &apos;1.8.0_91&apos;
Driver info: org.openqa.selenium.chrome.ChromeDriver
Capabilities [{applicationCacheEnabled=false, rotatable=false, chrome={userDataDir=/tmp/.com.google.Chrome.Lbu6LX}, takesHeapSnapshot=true, databaseEnabled=false, handlesAlerts=true, version=47.0.2526.111, platform=LINUX, browserConnectionEnabled=false, nativeEvents=true, acceptSslCerts=true, locationContextEnabled=true, webStorageEnabled=true, browserName=chrome, takesScreenshot=true, javascriptEnabled=true, cssSelectorsEnabled=true}]
Session ID: 6ddea751d3ba69d173667bde2abccfe6
	at org.openqa.selenium.remote.ErrorHandler.createThrowable(ErrorHandler.java:206)
	at org.openqa.selenium.remote.ErrorHandler.throwIfResponseFailed(ErrorHandler.java:158)
	at org.openqa.selenium.remote.RemoteWebDriver.execute(RemoteWebDriver.java:683)
	at org.openqa.selenium.remote.RemoteWebElement.execute(RemoteWebElement.java:319)
	at org.openqa.selenium.remote.RemoteWebElement.click(RemoteWebElement.java:85)
	at com.makaan.Webhelper.Webhelper.ClickbyXpath(Webhelper.java:124)
	at com.makaan.Middleware.SERPMiddleware.VerifyLocalityCard(SERPMiddleware.java:825)
	at com.makaan.Middleware.SERPMiddleware.SideCards(SERPMiddleware.java:804)
	at com.makaan.Test.SERPTest.ValidateSidecards(SERPTest.java:362)
... Removed 27 stack frames</div></td></tr></table><p class="totop"><a href="#summary">back to summary</a></p><h3 id="m10">com.makaan.Test.SERPTest#ValidateSortingFilter</h3><table class="result"><tr><th>Exception</th></tr><tr><td><div class="stacktrace">org.openqa.selenium.WebDriverException: unknown error: Element is not clickable at point (1115, 7). Other element would receive the click: &lt;ul class=&quot;step1 pull-right clearfix&quot;&gt;...&lt;/ul&gt;
  (Session info: chrome=47.0.2526.111)
  (Driver info: chromedriver=2.9.248304,platform=Linux 3.19.0-25-generic x86_64) (WARNING: The server did not provide any stacktrace information)
Command duration or timeout: 38 milliseconds
Build info: version: &apos;3.0.0-beta2&apos;, revision: &apos;2aa21c1&apos;, time: &apos;2016-08-02 15:03:28 -0700&apos;
System info: host: &apos;AT-LP-1036&apos;, ip: &apos;127.0.1.1&apos;, os.name: &apos;Linux&apos;, os.arch: &apos;amd64&apos;, os.version: &apos;3.19.0-25-generic&apos;, java.version: &apos;1.8.0_91&apos;
Driver info: org.openqa.selenium.chrome.ChromeDriver
Capabilities [{applicationCacheEnabled=false, rotatable=false, chrome={userDataDir=/tmp/.com.google.Chrome.Lbu6LX}, takesHeapSnapshot=true, databaseEnabled=false, handlesAlerts=true, version=47.0.2526.111, platform=LINUX, browserConnectionEnabled=false, nativeEvents=true, acceptSslCerts=true, locationContextEnabled=true, webStorageEnabled=true, browserName=chrome, takesScreenshot=true, javascriptEnabled=true, cssSelectorsEnabled=true}]
Session ID: 6ddea751d3ba69d173667bde2abccfe6
	at org.openqa.selenium.remote.ErrorHandler.createThrowable(ErrorHandler.java:206)
	at org.openqa.selenium.remote.ErrorHandler.throwIfResponseFailed(ErrorHandler.java:158)
	at org.openqa.selenium.remote.RemoteWebDriver.execute(RemoteWebDriver.java:683)
	at org.openqa.selenium.remote.RemoteWebElement.execute(RemoteWebElement.java:319)
	at org.openqa.selenium.remote.RemoteWebElement.click(RemoteWebElement.java:85)
	at com.makaan.Webhelper.Webhelper.ClickbyXpath(Webhelper.java:124)
	at com.makaan.Middleware.SERPMiddleware.filterbySellerRating(SERPMiddleware.java:1044)
	at com.makaan.Middleware.SERPMiddleware.SortingFilter(SERPMiddleware.java:1084)
	at com.makaan.Test.SERPTest.ValidateSortingFilter(SERPTest.java:460)
... Removed 27 stack frames</div></td></tr></table><p class="totop"><a href="#summary">back to summary</a></p><h3 id="m11">com.makaan.Test.SearchTest#ValidateBuyLandmark</h3><table class="result"><tr><th>Exception</th></tr><tr><td><div class="stacktrace">java.lang.AssertionError: Fail: All Landmark Tested for Buy Tab are not successfullFail: Not able to verify Property Type with suggestion kashmere gate,delhi expected [true] but found [false]
	at com.makaan.Test.SearchTest.ValidateBuyLandmark(SearchTest.java:176)
... Removed 26 stack frames</div></td></tr></table><p class="totop"><a href="#summary">back to summary</a></p><h3 id="m12">com.makaan.Test.SearchTest#ValidateRentLandmark</h3><table class="result"><tr><th>Exception</th></tr><tr><td><div class="stacktrace">java.lang.AssertionError: Fail: All Landmark Tested for Rent Tab are not successfull expected [true] but found [false]
	at com.makaan.Test.SearchTest.ValidateRentLandmark(SearchTest.java:196)
... Removed 26 stack frames</div></td></tr></table><p class="totop"><a href="#summary">back to summary</a></p><h3 id="m13">com.makaan.Test.HomeTest#AppDrawer</h3><table class="result"></table><p class="totop"><a href="#summary">back to summary</a></p><h3 id="m14">com.makaan.Test.HomeTest#BuilderDrawer</h3><table class="result"></table><p class="totop"><a href="#summary">back to summary</a></p><h3 id="m15">com.makaan.Test.HomeTest#BuyerJourneyDrawer</h3><table class="result"></table><p class="totop"><a href="#summary">back to summary</a></p><h3 id="m16">com.makaan.Test.HomeTest#CityDrawer</h3><table class="result"></table><p class="totop"><a href="#summary">back to summary</a></p><h3 id="m17">com.makaan.Test.HomeTest#CloseChat</h3><table class="result"></table><p class="totop"><a href="#summary">back to summary</a></p><h3 id="m18">com.makaan.Test.HomeTest#MakaanIQDrawer</h3><table class="result"></table><p class="totop"><a href="#summary">back to summary</a></p><h3 id="m19">com.makaan.Test.HomeTest#ValidateBuyerJourney</h3><table class="result"></table><p class="totop"><a href="#summary">back to summary</a></p><h3 id="m20">com.makaan.Test.HomeTest#ValidateCashBackCard</h3><table class="result"></table><p class="totop"><a href="#summary">back to summary</a></p><h3 id="m21">com.makaan.Test.HomeTest#ValidateDownloadAppButton</h3><table class="result"></table><p class="totop"><a href="#summary">back to summary</a></p><h3 id="m22">com.makaan.Test.HomeTest#ValidateFindJoy</h3><table class="result"></table><p class="totop"><a href="#summary">back to summary</a></p><h3 id="m23">com.makaan.Test.HomeTest#ValidateHighscoring</h3><table class="result"></table><p class="totop"><a href="#summary">back to summary</a></p><h3 id="m24">com.makaan.Test.HomeTest#ValidateMainImage</h3><table class="result"></table><p class="totop"><a href="#summary">back to summary</a></p><h3 id="m25">com.makaan.Test.HomeTest#ValidateMchatCard</h3><table class="result"></table><p class="totop"><a href="#summary">back to summary</a></p><h3 id="m26">com.makaan.Test.HomeTest#ValidateMplusCard</h3><table class="result"></table><p class="totop"><a href="#summary">back to summary</a></p><h3 id="m27">com.makaan.Test.HomeTest#ValidateSearchPlaceHolder</h3><table class="result"></table><p class="totop"><a href="#summary">back to summary</a></p><h3 id="m28">com.makaan.Test.HomeTest#ValidateSellerLink</h3><table class="result"></table><p class="totop"><a href="#summary">back to summary</a></p><h3 id="m29">com.makaan.Test.HomeTest#ValidateSpotlightProject</h3><table class="result"></table><p class="totop"><a href="#summary">back to summary</a></p><h3 id="m30">com.makaan.Test.HomeTest#VerifyAppSection</h3><table class="result"></table><p class="totop"><a href="#summary">back to summary</a></p><h3 id="m31">com.makaan.Test.LoginTest#Signup</h3><table class="result"></table><p class="totop"><a href="#summary">back to summary</a></p><h3 id="m32">com.makaan.Test.LoginTest#ValidateForgotPassword</h3><table class="result"></table><p class="totop"><a href="#summary">back to summary</a></p><h3 id="m33">com.makaan.Test.LoginTest#ValidateLoginButton</h3><table class="result"></table><p class="totop"><a href="#summary">back to summary</a></p><h3 id="m34">com.makaan.Test.LoginTest#ValidateMakaanLogin</h3><table class="result"></table><p class="totop"><a href="#summary">back to summary</a></p><h3 id="m35">com.makaan.Test.LoginTest#ValidateMakaanLogout</h3><table class="result"></table><p class="totop"><a href="#summary">back to summary</a></p><h3 id="m36">com.makaan.Test.LoginTest#ValidateResetPassword</h3><table class="result"></table><p class="totop"><a href="#summary">back to summary</a></p><h3 id="m37">com.makaan.Test.SERPTest#RentFilters</h3><table class="result"></table><p class="totop"><a href="#summary">back to summary</a></p><h3 id="m38">com.makaan.Test.SERPTest#ValidateCardBuy</h3><table class="result"></table><p class="totop"><a href="#summary">back to summary</a></p><h3 id="m39">com.makaan.Test.SERPTest#ValidateCardRent</h3><table class="result"></table><p class="totop"><a href="#summary">back to summary</a></p><h3 id="m40">com.makaan.Test.SERPTest#ValidateLocalityBuy</h3><table class="result"></table><p class="totop"><a href="#summary">back to summary</a></p><h3 id="m41">com.makaan.Test.SERPTest#ValidateLocalityRent</h3><table class="result"></table><p class="totop"><a href="#summary">back to summary</a></p><h3 id="m42">com.makaan.Test.SERPTest#ValidateMapListToggle</h3><table class="result"></table><p class="totop"><a href="#summary">back to summary</a></p><h3 id="m43">com.makaan.Test.SERPTest#ValidateProjectBuy</h3><table class="result"></table><p class="totop"><a href="#summary">back to summary</a></p><h3 id="m44">com.makaan.Test.SERPTest#ValidatePropertyRent</h3><table class="result"></table><p class="totop"><a href="#summary">back to summary</a></p><h3 id="m45">com.makaan.Test.SERPTest#ValidateReadMoreBuy</h3><table class="result"></table><p class="totop"><a href="#summary">back to summary</a></p><h3 id="m46">com.makaan.Test.SERPTest#ValidateReadMorerent</h3><table class="result"></table><p class="totop"><a href="#summary">back to summary</a></p><h3 id="m47">com.makaan.Test.SERPTest#ValidateSellerBuy</h3><table class="result"></table><p class="totop"><a href="#summary">back to summary</a></p><h3 id="m48">com.makaan.Test.SERPTest#ValidateSellerRent</h3><table class="result"></table><p class="totop"><a href="#summary">back to summary</a></p><h3 id="m49">com.makaan.Test.SERPTest#ValidateShortlistrent</h3><table class="result"></table><p class="totop"><a href="#summary">back to summary</a></p><h3 id="m50">com.makaan.Test.SERPTest#ValidateSponsoredLink</h3><table class="result"></table><p class="totop"><a href="#summary">back to summary</a></p><h3 id="m51">com.makaan.Test.SERPTest#ValidateViewMoreBuy</h3><table class="result"></table><p class="totop"><a href="#summary">back to summary</a></p><h3 id="m52">com.makaan.Test.SERPTest#ValidateViewMoreRent</h3><table class="result"></table><p class="totop"><a href="#summary">back to summary</a></p><h3 id="m53">com.makaan.Test.SERPTest#Validatepagination</h3><table class="result"></table><p class="totop"><a href="#summary">back to summary</a></p><h3 id="m54">com.makaan.Test.SearchTest#ValidateBuilder</h3><table class="result"></table><p class="totop"><a href="#summary">back to summary</a></p><h3 id="m55">com.makaan.Test.SearchTest#ValidateBuyLocalities</h3><table class="result"></table><p class="totop"><a href="#summary">back to summary</a></p><h3 id="m56">com.makaan.Test.SearchTest#ValidateBuyProject</h3><table class="result"></table><p class="totop"><a href="#summary">back to summary</a></p><h3 id="m57">com.makaan.Test.SearchTest#ValidateRentLocalities</h3><table class="result"></table><p class="totop"><a href="#summary">back to summary</a></p><h3 id="m58">com.makaan.Test.SearchTest#ValidateRentProject</h3><table class="result"></table><p class="totop"><a href="#summary">back to summary</a></p><h3 id="m59">com.makaan.Test.SearchTest#ValidateSuburbBuy</h3><table class="result"></table><p class="totop"><a href="#summary">back to summary</a></p><h3 id="m60">com.makaan.Test.SearchTest#ValidateSuburbRent</h3><table class="result"></table><p class="totop"><a href="#summary">back to summary</a></p></body></html>