<?xml version="1.0" encoding="UTF-8"?>
<testng-results skipped="0" failed="13" total="61" passed="48">
  <reporter-output>
  </reporter-output>
  <suite name="Suite" duration-ms="1160378" started-at="2016-08-12T10:40:18Z" finished-at="2016-08-12T10:59:38Z">
    <groups>
    </groups>
    <test name="Test" duration-ms="1160378" started-at="2016-08-12T10:40:18Z" finished-at="2016-08-12T10:59:38Z">
      <class name="com.makaan.Test.PYRTest">
        <test-method status="PASS" signature="InitiateDriver()[pri:0, instance:com.makaan.Test.PYRTest@2a40cd94]" name="InitiateDriver" is-config="true" duration-ms="11247" started-at="2016-08-12T16:27:39Z" finished-at="2016-08-12T16:27:51Z">
          <reporter-output>
          </reporter-output>
        </test-method> <!-- InitiateDriver -->
        <test-method status="FAIL" signature="ValidatePYRBuy()[pri:1, instance:com.makaan.Test.PYRTest@2a40cd94]" name="ValidatePYRBuy" duration-ms="4327" started-at="2016-08-12T16:27:51Z" finished-at="2016-08-12T16:27:55Z">
          <exception class="org.openqa.selenium.WebDriverException">
            <message>
              <![CDATA[unknown error: Element is not clickable at point (683, 335). Other element would receive the click: <div class="requirement-box clearfix property moveup js-focus" data-type="property-type-placeholder" style="z-index: 2;">...</div>
  (Session info: chrome=47.0.2526.111)
  (Driver info: chromedriver=2.9.248304,platform=Linux 3.19.0-25-generic x86_64) (WARNING: The server did not provide any stacktrace information)
Command duration or timeout: 78 milliseconds
Build info: version: '3.0.0-beta2', revision: '2aa21c1', time: '2016-08-02 15:03:28 -0700'
System info: host: 'AT-LP-1036', ip: '127.0.1.1', os.name: 'Linux', os.arch: 'amd64', os.version: '3.19.0-25-generic', java.version: '1.8.0_91'
Driver info: org.openqa.selenium.chrome.ChromeDriver
Capabilities [{applicationCacheEnabled=false, rotatable=false, chrome={userDataDir=/tmp/.com.google.Chrome.TVqeXk}, takesHeapSnapshot=true, databaseEnabled=false, handlesAlerts=true, version=47.0.2526.111, platform=LINUX, browserConnectionEnabled=false, nativeEvents=true, acceptSslCerts=true, locationContextEnabled=true, webStorageEnabled=true, browserName=chrome, takesScreenshot=true, javascriptEnabled=true, cssSelectorsEnabled=true}]
Session ID: 0968aa1719f2b9c44d75b5af93d7ded4]]>
            </message>
            <full-stacktrace>
              <![CDATA[org.openqa.selenium.WebDriverException: unknown error: Element is not clickable at point (683, 335). Other element would receive the click: <div class="requirement-box clearfix property moveup js-focus" data-type="property-type-placeholder" style="z-index: 2;">...</div>
  (Session info: chrome=47.0.2526.111)
  (Driver info: chromedriver=2.9.248304,platform=Linux 3.19.0-25-generic x86_64) (WARNING: The server did not provide any stacktrace information)
Command duration or timeout: 78 milliseconds
Build info: version: '3.0.0-beta2', revision: '2aa21c1', time: '2016-08-02 15:03:28 -0700'
System info: host: 'AT-LP-1036', ip: '127.0.1.1', os.name: 'Linux', os.arch: 'amd64', os.version: '3.19.0-25-generic', java.version: '1.8.0_91'
Driver info: org.openqa.selenium.chrome.ChromeDriver
Capabilities [{applicationCacheEnabled=false, rotatable=false, chrome={userDataDir=/tmp/.com.google.Chrome.TVqeXk}, takesHeapSnapshot=true, databaseEnabled=false, handlesAlerts=true, version=47.0.2526.111, platform=LINUX, browserConnectionEnabled=false, nativeEvents=true, acceptSslCerts=true, locationContextEnabled=true, webStorageEnabled=true, browserName=chrome, takesScreenshot=true, javascriptEnabled=true, cssSelectorsEnabled=true}]
Session ID: 0968aa1719f2b9c44d75b5af93d7ded4
	at sun.reflect.NativeConstructorAccessorImpl.newInstance0(Native Method)
	at sun.reflect.NativeConstructorAccessorImpl.newInstance(NativeConstructorAccessorImpl.java:62)
	at sun.reflect.DelegatingConstructorAccessorImpl.newInstance(DelegatingConstructorAccessorImpl.java:45)
	at java.lang.reflect.Constructor.newInstance(Constructor.java:423)
	at org.openqa.selenium.remote.ErrorHandler.createThrowable(ErrorHandler.java:206)
	at org.openqa.selenium.remote.ErrorHandler.throwIfResponseFailed(ErrorHandler.java:158)
	at org.openqa.selenium.remote.RemoteWebDriver.execute(RemoteWebDriver.java:683)
	at org.openqa.selenium.remote.RemoteWebElement.execute(RemoteWebElement.java:319)
	at org.openqa.selenium.remote.RemoteWebElement.click(RemoteWebElement.java:85)
	at com.makaan.Webhelper.Webhelper.ClickbyXpath(Webhelper.java:124)
	at com.makaan.Middleware.PYRMiddleware.PYRRequirement(PYRMiddleware.java:229)
	at com.makaan.Middleware.PYRMiddleware.PYRBuy(PYRMiddleware.java:63)
	at com.makaan.Test.PYRTest.ValidatePYRBuy(PYRTest.java:41)
	at sun.reflect.NativeMethodAccessorImpl.invoke0(Native Method)
	at sun.reflect.NativeMethodAccessorImpl.invoke(NativeMethodAccessorImpl.java:62)
	at sun.reflect.DelegatingMethodAccessorImpl.invoke(DelegatingMethodAccessorImpl.java:43)
	at java.lang.reflect.Method.invoke(Method.java:498)
	at org.testng.internal.MethodInvocationHelper.invokeMethod(MethodInvocationHelper.java:85)
	at org.testng.internal.Invoker.invokeMethod(Invoker.java:639)
	at org.testng.internal.Invoker.invokeTestMethod(Invoker.java:816)
	at org.testng.internal.Invoker.invokeTestMethods(Invoker.java:1124)
	at org.testng.internal.TestMethodWorker.invokeTestMethods(TestMethodWorker.java:125)
	at org.testng.internal.TestMethodWorker.run(TestMethodWorker.java:108)
	at org.testng.TestRunner.privateRun(TestRunner.java:774)
	at org.testng.TestRunner.run(TestRunner.java:624)
	at org.testng.SuiteRunner.runTest(SuiteRunner.java:359)
	at org.testng.SuiteRunner.runSequentially(SuiteRunner.java:354)
	at org.testng.SuiteRunner.privateRun(SuiteRunner.java:312)
	at org.testng.SuiteRunner.run(SuiteRunner.java:261)
	at org.testng.SuiteRunnerWorker.runSuite(SuiteRunnerWorker.java:52)
	at org.testng.SuiteRunnerWorker.run(SuiteRunnerWorker.java:86)
	at org.testng.TestNG.runSuitesSequentially(TestNG.java:1215)
	at org.testng.TestNG.runSuitesLocally(TestNG.java:1140)
	at org.testng.TestNG.run(TestNG.java:1048)
	at org.testng.TestNG.privateMain(TestNG.java:1355)
	at org.testng.TestNG.main(TestNG.java:1324)
]]>
            </full-stacktrace>
          </exception> <!-- org.openqa.selenium.WebDriverException -->
          <reporter-output>
          </reporter-output>
        </test-method> <!-- ValidatePYRBuy -->
        <test-method status="FAIL" signature="ValidatePYRRent()[pri:2, instance:com.makaan.Test.PYRTest@2a40cd94]" name="ValidatePYRRent" duration-ms="76" started-at="2016-08-12T16:27:55Z" finished-at="2016-08-12T16:27:55Z">
          <exception class="org.openqa.selenium.WebDriverException">
            <message>
              <![CDATA[unknown error: Element is not clickable at point (1048, 584). Other element would receive the click: <div data-type="pyr-overlay" class="thoverlay"></div>
  (Session info: chrome=47.0.2526.111)
  (Driver info: chromedriver=2.9.248304,platform=Linux 3.19.0-25-generic x86_64) (WARNING: The server did not provide any stacktrace information)
Command duration or timeout: 39 milliseconds
Build info: version: '3.0.0-beta2', revision: '2aa21c1', time: '2016-08-02 15:03:28 -0700'
System info: host: 'AT-LP-1036', ip: '127.0.1.1', os.name: 'Linux', os.arch: 'amd64', os.version: '3.19.0-25-generic', java.version: '1.8.0_91'
Driver info: org.openqa.selenium.chrome.ChromeDriver
Capabilities [{applicationCacheEnabled=false, rotatable=false, chrome={userDataDir=/tmp/.com.google.Chrome.TVqeXk}, takesHeapSnapshot=true, databaseEnabled=false, handlesAlerts=true, version=47.0.2526.111, platform=LINUX, browserConnectionEnabled=false, nativeEvents=true, acceptSslCerts=true, locationContextEnabled=true, webStorageEnabled=true, browserName=chrome, takesScreenshot=true, javascriptEnabled=true, cssSelectorsEnabled=true}]
Session ID: 0968aa1719f2b9c44d75b5af93d7ded4]]>
            </message>
            <full-stacktrace>
              <![CDATA[org.openqa.selenium.WebDriverException: unknown error: Element is not clickable at point (1048, 584). Other element would receive the click: <div data-type="pyr-overlay" class="thoverlay"></div>
  (Session info: chrome=47.0.2526.111)
  (Driver info: chromedriver=2.9.248304,platform=Linux 3.19.0-25-generic x86_64) (WARNING: The server did not provide any stacktrace information)
Command duration or timeout: 39 milliseconds
Build info: version: '3.0.0-beta2', revision: '2aa21c1', time: '2016-08-02 15:03:28 -0700'
System info: host: 'AT-LP-1036', ip: '127.0.1.1', os.name: 'Linux', os.arch: 'amd64', os.version: '3.19.0-25-generic', java.version: '1.8.0_91'
Driver info: org.openqa.selenium.chrome.ChromeDriver
Capabilities [{applicationCacheEnabled=false, rotatable=false, chrome={userDataDir=/tmp/.com.google.Chrome.TVqeXk}, takesHeapSnapshot=true, databaseEnabled=false, handlesAlerts=true, version=47.0.2526.111, platform=LINUX, browserConnectionEnabled=false, nativeEvents=true, acceptSslCerts=true, locationContextEnabled=true, webStorageEnabled=true, browserName=chrome, takesScreenshot=true, javascriptEnabled=true, cssSelectorsEnabled=true}]
Session ID: 0968aa1719f2b9c44d75b5af93d7ded4
	at sun.reflect.NativeConstructorAccessorImpl.newInstance0(Native Method)
	at sun.reflect.NativeConstructorAccessorImpl.newInstance(NativeConstructorAccessorImpl.java:62)
	at sun.reflect.DelegatingConstructorAccessorImpl.newInstance(DelegatingConstructorAccessorImpl.java:45)
	at java.lang.reflect.Constructor.newInstance(Constructor.java:423)
	at org.openqa.selenium.remote.ErrorHandler.createThrowable(ErrorHandler.java:206)
	at org.openqa.selenium.remote.ErrorHandler.throwIfResponseFailed(ErrorHandler.java:158)
	at org.openqa.selenium.remote.RemoteWebDriver.execute(RemoteWebDriver.java:683)
	at org.openqa.selenium.remote.RemoteWebElement.execute(RemoteWebElement.java:319)
	at org.openqa.selenium.remote.RemoteWebElement.click(RemoteWebElement.java:85)
	at com.makaan.Webhelper.Webhelper.ClickbyXpath(Webhelper.java:124)
	at com.makaan.Middleware.PYRMiddleware.PYRRequirement(PYRMiddleware.java:208)
	at com.makaan.Middleware.PYRMiddleware.PYRRent(PYRMiddleware.java:78)
	at com.makaan.Test.PYRTest.ValidatePYRRent(PYRTest.java:63)
	at sun.reflect.NativeMethodAccessorImpl.invoke0(Native Method)
	at sun.reflect.NativeMethodAccessorImpl.invoke(NativeMethodAccessorImpl.java:62)
	at sun.reflect.DelegatingMethodAccessorImpl.invoke(DelegatingMethodAccessorImpl.java:43)
	at java.lang.reflect.Method.invoke(Method.java:498)
	at org.testng.internal.MethodInvocationHelper.invokeMethod(MethodInvocationHelper.java:85)
	at org.testng.internal.Invoker.invokeMethod(Invoker.java:639)
	at org.testng.internal.Invoker.invokeTestMethod(Invoker.java:816)
	at org.testng.internal.Invoker.invokeTestMethods(Invoker.java:1124)
	at org.testng.internal.TestMethodWorker.invokeTestMethods(TestMethodWorker.java:125)
	at org.testng.internal.TestMethodWorker.run(TestMethodWorker.java:108)
	at org.testng.TestRunner.privateRun(TestRunner.java:774)
	at org.testng.TestRunner.run(TestRunner.java:624)
	at org.testng.SuiteRunner.runTest(SuiteRunner.java:359)
	at org.testng.SuiteRunner.runSequentially(SuiteRunner.java:354)
	at org.testng.SuiteRunner.privateRun(SuiteRunner.java:312)
	at org.testng.SuiteRunner.run(SuiteRunner.java:261)
	at org.testng.SuiteRunnerWorker.runSuite(SuiteRunnerWorker.java:52)
	at org.testng.SuiteRunnerWorker.run(SuiteRunnerWorker.java:86)
	at org.testng.TestNG.runSuitesSequentially(TestNG.java:1215)
	at org.testng.TestNG.runSuitesLocally(TestNG.java:1140)
	at org.testng.TestNG.run(TestNG.java:1048)
	at org.testng.TestNG.privateMain(TestNG.java:1355)
	at org.testng.TestNG.main(TestNG.java:1324)
]]>
            </full-stacktrace>
          </exception> <!-- org.openqa.selenium.WebDriverException -->
          <reporter-output>
          </reporter-output>
        </test-method> <!-- ValidatePYRRent -->
        <test-method status="PASS" signature="Close()[pri:0, instance:com.makaan.Test.PYRTest@2a40cd94]" name="Close" is-config="true" duration-ms="168" started-at="2016-08-12T16:27:55Z" finished-at="2016-08-12T16:27:55Z">
          <reporter-output>
          </reporter-output>
        </test-method> <!-- Close -->
      </class> <!-- com.makaan.Test.PYRTest -->
      <class name="com.makaan.Test.LoginTest">
        <test-method status="PASS" signature="InitiateDriver()[pri:0, instance:com.makaan.Test.LoginTest@2bea5ab4]" name="InitiateDriver" is-config="true" duration-ms="11559" started-at="2016-08-12T16:10:18Z" finished-at="2016-08-12T16:10:29Z">
          <reporter-output>
          </reporter-output>
        </test-method> <!-- InitiateDriver -->
        <test-method status="PASS" signature="ValidateLoginButton()[pri:1, instance:com.makaan.Test.LoginTest@2bea5ab4]" name="ValidateLoginButton" duration-ms="55" started-at="2016-08-12T16:10:29Z" finished-at="2016-08-12T16:10:29Z">
          <reporter-output>
          </reporter-output>
        </test-method> <!-- ValidateLoginButton -->
        <test-method status="PASS" signature="ValidateForgotPassword()[pri:3, instance:com.makaan.Test.LoginTest@2bea5ab4]" name="ValidateForgotPassword" duration-ms="10404" started-at="2016-08-12T16:10:29Z" finished-at="2016-08-12T16:10:40Z">
          <reporter-output>
          </reporter-output>
        </test-method> <!-- ValidateForgotPassword -->
        <test-method status="PASS" signature="ValidateResetPassword()[pri:4, instance:com.makaan.Test.LoginTest@2bea5ab4]" name="ValidateResetPassword" duration-ms="6678" started-at="2016-08-12T16:10:40Z" finished-at="2016-08-12T16:10:47Z">
          <reporter-output>
          </reporter-output>
        </test-method> <!-- ValidateResetPassword -->
        <test-method status="PASS" signature="ValidateMakaanLogin()[pri:5, instance:com.makaan.Test.LoginTest@2bea5ab4]" name="ValidateMakaanLogin" duration-ms="11280" started-at="2016-08-12T16:10:47Z" finished-at="2016-08-12T16:10:58Z">
          <reporter-output>
          </reporter-output>
        </test-method> <!-- ValidateMakaanLogin -->
        <test-method status="PASS" signature="ValidateMakaanLogout()[pri:6, instance:com.makaan.Test.LoginTest@2bea5ab4]" name="ValidateMakaanLogout" duration-ms="3365" started-at="2016-08-12T16:10:58Z" finished-at="2016-08-12T16:11:01Z">
          <reporter-output>
          </reporter-output>
        </test-method> <!-- ValidateMakaanLogout -->
        <test-method status="PASS" signature="Signup()[pri:7, instance:com.makaan.Test.LoginTest@2bea5ab4]" name="Signup" duration-ms="5821" started-at="2016-08-12T16:11:01Z" finished-at="2016-08-12T16:11:07Z">
          <reporter-output>
          </reporter-output>
        </test-method> <!-- Signup -->
        <test-method status="PASS" signature="Close()[pri:0, instance:com.makaan.Test.LoginTest@2bea5ab4]" name="Close" is-config="true" duration-ms="240" started-at="2016-08-12T16:11:07Z" finished-at="2016-08-12T16:11:07Z">
          <reporter-output>
          </reporter-output>
        </test-method> <!-- Close -->
      </class> <!-- com.makaan.Test.LoginTest -->
      <class name="com.makaan.Test.SearchTest">
        <test-method status="PASS" signature="InitiateDriver()[pri:0, instance:com.makaan.Test.SearchTest@3d8314f0]" name="InitiateDriver" is-config="true" duration-ms="9627" started-at="2016-08-12T16:11:07Z" finished-at="2016-08-12T16:11:17Z">
          <reporter-output>
          </reporter-output>
        </test-method> <!-- InitiateDriver -->
        <test-method status="PASS" signature="ValidateBuyLocalities()[pri:3, instance:com.makaan.Test.SearchTest@3d8314f0]" name="ValidateBuyLocalities" duration-ms="32116" started-at="2016-08-12T16:11:17Z" finished-at="2016-08-12T16:11:49Z">
          <reporter-output>
          </reporter-output>
        </test-method> <!-- ValidateBuyLocalities -->
        <test-method status="PASS" signature="ValidateRentLocalities()[pri:4, instance:com.makaan.Test.SearchTest@3d8314f0]" name="ValidateRentLocalities" duration-ms="32001" started-at="2016-08-12T16:11:49Z" finished-at="2016-08-12T16:12:21Z">
          <reporter-output>
          </reporter-output>
        </test-method> <!-- ValidateRentLocalities -->
        <test-method status="PASS" signature="ValidateBuyProject()[pri:5, instance:com.makaan.Test.SearchTest@3d8314f0]" name="ValidateBuyProject" duration-ms="29563" started-at="2016-08-12T16:12:21Z" finished-at="2016-08-12T16:12:51Z">
          <reporter-output>
          </reporter-output>
        </test-method> <!-- ValidateBuyProject -->
        <test-method status="PASS" signature="ValidateRentProject()[pri:6, instance:com.makaan.Test.SearchTest@3d8314f0]" name="ValidateRentProject" duration-ms="26075" started-at="2016-08-12T16:12:51Z" finished-at="2016-08-12T16:13:17Z">
          <reporter-output>
          </reporter-output>
        </test-method> <!-- ValidateRentProject -->
        <test-method status="PASS" signature="ValidateBuilder()[pri:7, instance:com.makaan.Test.SearchTest@3d8314f0]" name="ValidateBuilder" duration-ms="34670" started-at="2016-08-12T16:13:17Z" finished-at="2016-08-12T16:13:51Z">
          <reporter-output>
          </reporter-output>
        </test-method> <!-- ValidateBuilder -->
        <test-method status="FAIL" signature="ValidateBuyLandmark()[pri:8, instance:com.makaan.Test.SearchTest@3d8314f0]" name="ValidateBuyLandmark" duration-ms="25323" started-at="2016-08-12T16:13:51Z" finished-at="2016-08-12T16:14:17Z">
          <exception class="java.lang.AssertionError">
            <message>
              <![CDATA[Fail: All Landmark Tested for Buy Tab are not successfullFail: Not able to verify Property Type with suggestion kashmere gate,delhi expected [true] but found [false]]]>
            </message>
            <full-stacktrace>
              <![CDATA[java.lang.AssertionError: Fail: All Landmark Tested for Buy Tab are not successfullFail: Not able to verify Property Type with suggestion kashmere gate,delhi expected [true] but found [false]
	at org.testng.Assert.fail(Assert.java:94)
	at org.testng.Assert.failNotEquals(Assert.java:496)
	at org.testng.Assert.assertTrue(Assert.java:42)
	at com.makaan.Test.SearchTest.ValidateBuyLandmark(SearchTest.java:176)
	at sun.reflect.NativeMethodAccessorImpl.invoke0(Native Method)
	at sun.reflect.NativeMethodAccessorImpl.invoke(NativeMethodAccessorImpl.java:62)
	at sun.reflect.DelegatingMethodAccessorImpl.invoke(DelegatingMethodAccessorImpl.java:43)
	at java.lang.reflect.Method.invoke(Method.java:498)
	at org.testng.internal.MethodInvocationHelper.invokeMethod(MethodInvocationHelper.java:85)
	at org.testng.internal.Invoker.invokeMethod(Invoker.java:639)
	at org.testng.internal.Invoker.invokeTestMethod(Invoker.java:816)
	at org.testng.internal.Invoker.invokeTestMethods(Invoker.java:1124)
	at org.testng.internal.TestMethodWorker.invokeTestMethods(TestMethodWorker.java:125)
	at org.testng.internal.TestMethodWorker.run(TestMethodWorker.java:108)
	at org.testng.TestRunner.privateRun(TestRunner.java:774)
	at org.testng.TestRunner.run(TestRunner.java:624)
	at org.testng.SuiteRunner.runTest(SuiteRunner.java:359)
	at org.testng.SuiteRunner.runSequentially(SuiteRunner.java:354)
	at org.testng.SuiteRunner.privateRun(SuiteRunner.java:312)
	at org.testng.SuiteRunner.run(SuiteRunner.java:261)
	at org.testng.SuiteRunnerWorker.runSuite(SuiteRunnerWorker.java:52)
	at org.testng.SuiteRunnerWorker.run(SuiteRunnerWorker.java:86)
	at org.testng.TestNG.runSuitesSequentially(TestNG.java:1215)
	at org.testng.TestNG.runSuitesLocally(TestNG.java:1140)
	at org.testng.TestNG.run(TestNG.java:1048)
	at org.testng.TestNG.privateMain(TestNG.java:1355)
	at org.testng.TestNG.main(TestNG.java:1324)
]]>
            </full-stacktrace>
          </exception> <!-- java.lang.AssertionError -->
          <reporter-output>
          </reporter-output>
        </test-method> <!-- ValidateBuyLandmark -->
        <test-method status="FAIL" signature="ValidateRentLandmark()[pri:9, instance:com.makaan.Test.SearchTest@3d8314f0]" name="ValidateRentLandmark" duration-ms="23252" started-at="2016-08-12T16:14:17Z" finished-at="2016-08-12T16:14:40Z">
          <exception class="java.lang.AssertionError">
            <message>
              <![CDATA[Fail: All Landmark Tested for Rent Tab are not successfull expected [true] but found [false]]]>
            </message>
            <full-stacktrace>
              <![CDATA[java.lang.AssertionError: Fail: All Landmark Tested for Rent Tab are not successfull expected [true] but found [false]
	at org.testng.Assert.fail(Assert.java:94)
	at org.testng.Assert.failNotEquals(Assert.java:496)
	at org.testng.Assert.assertTrue(Assert.java:42)
	at com.makaan.Test.SearchTest.ValidateRentLandmark(SearchTest.java:196)
	at sun.reflect.NativeMethodAccessorImpl.invoke0(Native Method)
	at sun.reflect.NativeMethodAccessorImpl.invoke(NativeMethodAccessorImpl.java:62)
	at sun.reflect.DelegatingMethodAccessorImpl.invoke(DelegatingMethodAccessorImpl.java:43)
	at java.lang.reflect.Method.invoke(Method.java:498)
	at org.testng.internal.MethodInvocationHelper.invokeMethod(MethodInvocationHelper.java:85)
	at org.testng.internal.Invoker.invokeMethod(Invoker.java:639)
	at org.testng.internal.Invoker.invokeTestMethod(Invoker.java:816)
	at org.testng.internal.Invoker.invokeTestMethods(Invoker.java:1124)
	at org.testng.internal.TestMethodWorker.invokeTestMethods(TestMethodWorker.java:125)
	at org.testng.internal.TestMethodWorker.run(TestMethodWorker.java:108)
	at org.testng.TestRunner.privateRun(TestRunner.java:774)
	at org.testng.TestRunner.run(TestRunner.java:624)
	at org.testng.SuiteRunner.runTest(SuiteRunner.java:359)
	at org.testng.SuiteRunner.runSequentially(SuiteRunner.java:354)
	at org.testng.SuiteRunner.privateRun(SuiteRunner.java:312)
	at org.testng.SuiteRunner.run(SuiteRunner.java:261)
	at org.testng.SuiteRunnerWorker.runSuite(SuiteRunnerWorker.java:52)
	at org.testng.SuiteRunnerWorker.run(SuiteRunnerWorker.java:86)
	at org.testng.TestNG.runSuitesSequentially(TestNG.java:1215)
	at org.testng.TestNG.runSuitesLocally(TestNG.java:1140)
	at org.testng.TestNG.run(TestNG.java:1048)
	at org.testng.TestNG.privateMain(TestNG.java:1355)
	at org.testng.TestNG.main(TestNG.java:1324)
]]>
            </full-stacktrace>
          </exception> <!-- java.lang.AssertionError -->
          <reporter-output>
          </reporter-output>
        </test-method> <!-- ValidateRentLandmark -->
        <test-method status="PASS" signature="ValidateSuburbBuy()[pri:10, instance:com.makaan.Test.SearchTest@3d8314f0]" name="ValidateSuburbBuy" duration-ms="34062" started-at="2016-08-12T16:14:40Z" finished-at="2016-08-12T16:15:14Z">
          <reporter-output>
          </reporter-output>
        </test-method> <!-- ValidateSuburbBuy -->
        <test-method status="PASS" signature="ValidateSuburbRent()[pri:11, instance:com.makaan.Test.SearchTest@3d8314f0]" name="ValidateSuburbRent" duration-ms="30159" started-at="2016-08-12T16:15:14Z" finished-at="2016-08-12T16:15:44Z">
          <reporter-output>
          </reporter-output>
        </test-method> <!-- ValidateSuburbRent -->
        <test-method status="PASS" signature="Close()[pri:0, instance:com.makaan.Test.SearchTest@3d8314f0]" name="Close" is-config="true" duration-ms="188" started-at="2016-08-12T16:15:44Z" finished-at="2016-08-12T16:15:44Z">
          <reporter-output>
          </reporter-output>
        </test-method> <!-- Close -->
      </class> <!-- com.makaan.Test.SearchTest -->
      <class name="com.makaan.Test.HomeTest">
        <test-method status="PASS" signature="InitiateDriver()[pri:0, instance:com.makaan.Test.HomeTest@2df32bf7]" name="InitiateDriver" is-config="true" duration-ms="7424" started-at="2016-08-12T16:15:44Z" finished-at="2016-08-12T16:15:52Z">
          <reporter-output>
          </reporter-output>
        </test-method> <!-- InitiateDriver -->
        <test-method status="PASS" signature="CloseChat()[pri:0, instance:com.makaan.Test.HomeTest@2df32bf7]" name="CloseChat" duration-ms="1784" started-at="2016-08-12T16:15:52Z" finished-at="2016-08-12T16:15:53Z">
          <reporter-output>
          </reporter-output>
        </test-method> <!-- CloseChat -->
        <test-method status="PASS" signature="ValidateMainImage()[pri:1, instance:com.makaan.Test.HomeTest@2df32bf7]" name="ValidateMainImage" duration-ms="67" started-at="2016-08-12T16:15:53Z" finished-at="2016-08-12T16:15:54Z">
          <reporter-output>
          </reporter-output>
        </test-method> <!-- ValidateMainImage -->
        <test-method status="PASS" signature="ValidateDownloadAppButton()[pri:2, instance:com.makaan.Test.HomeTest@2df32bf7]" name="ValidateDownloadAppButton" duration-ms="8061" started-at="2016-08-12T16:15:54Z" finished-at="2016-08-12T16:16:02Z">
          <reporter-output>
          </reporter-output>
        </test-method> <!-- ValidateDownloadAppButton -->
        <test-method status="PASS" signature="ValidateSellerLink()[pri:3, instance:com.makaan.Test.HomeTest@2df32bf7]" name="ValidateSellerLink" duration-ms="1123" started-at="2016-08-12T16:16:02Z" finished-at="2016-08-12T16:16:03Z">
          <reporter-output>
          </reporter-output>
        </test-method> <!-- ValidateSellerLink -->
        <test-method status="PASS" signature="ValidateBuyerJourney()[pri:4, instance:com.makaan.Test.HomeTest@2df32bf7]" name="ValidateBuyerJourney" duration-ms="4322" started-at="2016-08-12T16:16:03Z" finished-at="2016-08-12T16:16:07Z">
          <reporter-output>
          </reporter-output>
        </test-method> <!-- ValidateBuyerJourney -->
        <test-method status="PASS" signature="BuyerJourneyDrawer()[pri:5, instance:com.makaan.Test.HomeTest@2df32bf7]" name="BuyerJourneyDrawer" duration-ms="2094" started-at="2016-08-12T16:16:07Z" finished-at="2016-08-12T16:16:09Z">
          <reporter-output>
          </reporter-output>
        </test-method> <!-- BuyerJourneyDrawer -->
        <test-method status="PASS" signature="CityDrawer()[pri:6, instance:com.makaan.Test.HomeTest@2df32bf7]" name="CityDrawer" duration-ms="38481" started-at="2016-08-12T16:16:09Z" finished-at="2016-08-12T16:16:48Z">
          <reporter-output>
          </reporter-output>
        </test-method> <!-- CityDrawer -->
        <test-method status="PASS" signature="BuilderDrawer()[pri:7, instance:com.makaan.Test.HomeTest@2df32bf7]" name="BuilderDrawer" duration-ms="31154" started-at="2016-08-12T16:16:48Z" finished-at="2016-08-12T16:17:19Z">
          <reporter-output>
          </reporter-output>
        </test-method> <!-- BuilderDrawer -->
        <test-method status="PASS" signature="MakaanIQDrawer()[pri:9, instance:com.makaan.Test.HomeTest@2df32bf7]" name="MakaanIQDrawer" duration-ms="12383" started-at="2016-08-12T16:17:19Z" finished-at="2016-08-12T16:17:31Z">
          <reporter-output>
          </reporter-output>
        </test-method> <!-- MakaanIQDrawer -->
        <test-method status="PASS" signature="AppDrawer()[pri:10, instance:com.makaan.Test.HomeTest@2df32bf7]" name="AppDrawer" duration-ms="9058" started-at="2016-08-12T16:17:31Z" finished-at="2016-08-12T16:17:40Z">
          <reporter-output>
          </reporter-output>
        </test-method> <!-- AppDrawer -->
        <test-method status="FAIL" signature="ListProperty()[pri:11, instance:com.makaan.Test.HomeTest@2df32bf7]" name="ListProperty" duration-ms="4149" started-at="2016-08-12T16:17:40Z" finished-at="2016-08-12T16:17:44Z">
          <exception class="org.openqa.selenium.WebDriverException">
            <message>
              <![CDATA[unknown error: Element is not clickable at point (1481, 352)
  (Session info: chrome=47.0.2526.111)
  (Driver info: chromedriver=2.9.248304,platform=Linux 3.19.0-25-generic x86_64) (WARNING: The server did not provide any stacktrace information)
Command duration or timeout: 48 milliseconds
Build info: version: '3.0.0-beta2', revision: '2aa21c1', time: '2016-08-02 15:03:28 -0700'
System info: host: 'AT-LP-1036', ip: '127.0.1.1', os.name: 'Linux', os.arch: 'amd64', os.version: '3.19.0-25-generic', java.version: '1.8.0_91'
Driver info: org.openqa.selenium.chrome.ChromeDriver
Capabilities [{applicationCacheEnabled=false, rotatable=false, chrome={userDataDir=/tmp/.com.google.Chrome.AaMMet}, takesHeapSnapshot=true, databaseEnabled=false, handlesAlerts=true, version=47.0.2526.111, platform=LINUX, browserConnectionEnabled=false, nativeEvents=true, acceptSslCerts=true, locationContextEnabled=true, webStorageEnabled=true, browserName=chrome, takesScreenshot=true, javascriptEnabled=true, cssSelectorsEnabled=true}]
Session ID: f8b8ca32dc97061a7dd97a91d92999f6]]>
            </message>
            <full-stacktrace>
              <![CDATA[org.openqa.selenium.WebDriverException: unknown error: Element is not clickable at point (1481, 352)
  (Session info: chrome=47.0.2526.111)
  (Driver info: chromedriver=2.9.248304,platform=Linux 3.19.0-25-generic x86_64) (WARNING: The server did not provide any stacktrace information)
Command duration or timeout: 48 milliseconds
Build info: version: '3.0.0-beta2', revision: '2aa21c1', time: '2016-08-02 15:03:28 -0700'
System info: host: 'AT-LP-1036', ip: '127.0.1.1', os.name: 'Linux', os.arch: 'amd64', os.version: '3.19.0-25-generic', java.version: '1.8.0_91'
Driver info: org.openqa.selenium.chrome.ChromeDriver
Capabilities [{applicationCacheEnabled=false, rotatable=false, chrome={userDataDir=/tmp/.com.google.Chrome.AaMMet}, takesHeapSnapshot=true, databaseEnabled=false, handlesAlerts=true, version=47.0.2526.111, platform=LINUX, browserConnectionEnabled=false, nativeEvents=true, acceptSslCerts=true, locationContextEnabled=true, webStorageEnabled=true, browserName=chrome, takesScreenshot=true, javascriptEnabled=true, cssSelectorsEnabled=true}]
Session ID: f8b8ca32dc97061a7dd97a91d92999f6
	at sun.reflect.NativeConstructorAccessorImpl.newInstance0(Native Method)
	at sun.reflect.NativeConstructorAccessorImpl.newInstance(NativeConstructorAccessorImpl.java:62)
	at sun.reflect.DelegatingConstructorAccessorImpl.newInstance(DelegatingConstructorAccessorImpl.java:45)
	at java.lang.reflect.Constructor.newInstance(Constructor.java:423)
	at org.openqa.selenium.remote.ErrorHandler.createThrowable(ErrorHandler.java:206)
	at org.openqa.selenium.remote.ErrorHandler.throwIfResponseFailed(ErrorHandler.java:158)
	at org.openqa.selenium.remote.RemoteWebDriver.execute(RemoteWebDriver.java:683)
	at org.openqa.selenium.remote.RemoteWebElement.execute(RemoteWebElement.java:319)
	at org.openqa.selenium.remote.RemoteWebElement.click(RemoteWebElement.java:85)
	at com.makaan.Middleware.HomeMiddleware.SwitchWindow(HomeMiddleware.java:629)
	at com.makaan.Middleware.HomeMiddleware.VerifyListYourProperty(HomeMiddleware.java:552)
	at com.makaan.Test.HomeTest.ListProperty(HomeTest.java:256)
	at sun.reflect.NativeMethodAccessorImpl.invoke0(Native Method)
	at sun.reflect.NativeMethodAccessorImpl.invoke(NativeMethodAccessorImpl.java:62)
	at sun.reflect.DelegatingMethodAccessorImpl.invoke(DelegatingMethodAccessorImpl.java:43)
	at java.lang.reflect.Method.invoke(Method.java:498)
	at org.testng.internal.MethodInvocationHelper.invokeMethod(MethodInvocationHelper.java:85)
	at org.testng.internal.Invoker.invokeMethod(Invoker.java:639)
	at org.testng.internal.Invoker.invokeTestMethod(Invoker.java:816)
	at org.testng.internal.Invoker.invokeTestMethods(Invoker.java:1124)
	at org.testng.internal.TestMethodWorker.invokeTestMethods(TestMethodWorker.java:125)
	at org.testng.internal.TestMethodWorker.run(TestMethodWorker.java:108)
	at org.testng.TestRunner.privateRun(TestRunner.java:774)
	at org.testng.TestRunner.run(TestRunner.java:624)
	at org.testng.SuiteRunner.runTest(SuiteRunner.java:359)
	at org.testng.SuiteRunner.runSequentially(SuiteRunner.java:354)
	at org.testng.SuiteRunner.privateRun(SuiteRunner.java:312)
	at org.testng.SuiteRunner.run(SuiteRunner.java:261)
	at org.testng.SuiteRunnerWorker.runSuite(SuiteRunnerWorker.java:52)
	at org.testng.SuiteRunnerWorker.run(SuiteRunnerWorker.java:86)
	at org.testng.TestNG.runSuitesSequentially(TestNG.java:1215)
	at org.testng.TestNG.runSuitesLocally(TestNG.java:1140)
	at org.testng.TestNG.run(TestNG.java:1048)
	at org.testng.TestNG.privateMain(TestNG.java:1355)
	at org.testng.TestNG.main(TestNG.java:1324)
]]>
            </full-stacktrace>
          </exception> <!-- org.openqa.selenium.WebDriverException -->
          <reporter-output>
          </reporter-output>
        </test-method> <!-- ListProperty -->
        <test-method status="PASS" signature="ValidateSearchPlaceHolder()[pri:12, instance:com.makaan.Test.HomeTest@2df32bf7]" name="ValidateSearchPlaceHolder" duration-ms="3567" started-at="2016-08-12T16:17:44Z" finished-at="2016-08-12T16:17:48Z">
          <reporter-output>
          </reporter-output>
        </test-method> <!-- ValidateSearchPlaceHolder -->
        <test-method status="PASS" signature="ValidateSpotlightProject()[pri:13, instance:com.makaan.Test.HomeTest@2df32bf7]" name="ValidateSpotlightProject" duration-ms="16256" started-at="2016-08-12T16:17:48Z" finished-at="2016-08-12T16:18:04Z">
          <reporter-output>
          </reporter-output>
        </test-method> <!-- ValidateSpotlightProject -->
        <test-method status="PASS" signature="ValidateFindJoy()[pri:14, instance:com.makaan.Test.HomeTest@2df32bf7]" name="ValidateFindJoy" duration-ms="8015" started-at="2016-08-12T16:18:04Z" finished-at="2016-08-12T16:18:12Z">
          <reporter-output>
          </reporter-output>
        </test-method> <!-- ValidateFindJoy -->
        <test-method status="PASS" signature="ValidateMchatCard()[pri:15, instance:com.makaan.Test.HomeTest@2df32bf7]" name="ValidateMchatCard" duration-ms="3072" started-at="2016-08-12T16:18:12Z" finished-at="2016-08-12T16:18:15Z">
          <reporter-output>
          </reporter-output>
        </test-method> <!-- ValidateMchatCard -->
        <test-method status="PASS" signature="ValidateHighscoring()[pri:16, instance:com.makaan.Test.HomeTest@2df32bf7]" name="ValidateHighscoring" duration-ms="3065" started-at="2016-08-12T16:18:15Z" finished-at="2016-08-12T16:18:18Z">
          <reporter-output>
          </reporter-output>
        </test-method> <!-- ValidateHighscoring -->
        <test-method status="PASS" signature="ValidateCashBackCard()[pri:17, instance:com.makaan.Test.HomeTest@2df32bf7]" name="ValidateCashBackCard" duration-ms="7289" started-at="2016-08-12T16:18:18Z" finished-at="2016-08-12T16:18:26Z">
          <reporter-output>
          </reporter-output>
        </test-method> <!-- ValidateCashBackCard -->
        <test-method status="PASS" signature="ValidateMplusCard()[pri:18, instance:com.makaan.Test.HomeTest@2df32bf7]" name="ValidateMplusCard" duration-ms="3093" started-at="2016-08-12T16:18:26Z" finished-at="2016-08-12T16:18:29Z">
          <reporter-output>
          </reporter-output>
        </test-method> <!-- ValidateMplusCard -->
        <test-method status="PASS" signature="VerifyAppSection()[pri:19, instance:com.makaan.Test.HomeTest@2df32bf7]" name="VerifyAppSection" duration-ms="6699" started-at="2016-08-12T16:18:29Z" finished-at="2016-08-12T16:18:35Z">
          <reporter-output>
          </reporter-output>
        </test-method> <!-- VerifyAppSection -->
        <test-method status="PASS" signature="Close()[pri:0, instance:com.makaan.Test.HomeTest@2df32bf7]" name="Close" is-config="true" duration-ms="356" started-at="2016-08-12T16:18:35Z" finished-at="2016-08-12T16:18:36Z">
          <reporter-output>
          </reporter-output>
        </test-method> <!-- Close -->
      </class> <!-- com.makaan.Test.HomeTest -->
      <class name="com.makaan.Test.SERPTest">
        <test-method status="PASS" signature="InitiateDriver()[pri:0, instance:com.makaan.Test.SERPTest@530612ba]" name="InitiateDriver" is-config="true" duration-ms="9408" started-at="2016-08-12T16:18:36Z" finished-at="2016-08-12T16:18:45Z">
          <reporter-output>
          </reporter-output>
        </test-method> <!-- InitiateDriver -->
        <test-method status="PASS" signature="ValidateCardBuy()[pri:1, instance:com.makaan.Test.SERPTest@530612ba]" name="ValidateCardBuy" duration-ms="89147" started-at="2016-08-12T16:18:45Z" finished-at="2016-08-12T16:20:14Z">
          <reporter-output>
          </reporter-output>
        </test-method> <!-- ValidateCardBuy -->
        <test-method status="PASS" signature="ValidateCardRent()[pri:2, instance:com.makaan.Test.SERPTest@530612ba]" name="ValidateCardRent" duration-ms="88318" started-at="2016-08-12T16:20:14Z" finished-at="2016-08-12T16:21:43Z">
          <reporter-output>
          </reporter-output>
        </test-method> <!-- ValidateCardRent -->
        <test-method status="FAIL" signature="BuyFilters()[pri:3, instance:com.makaan.Test.SERPTest@530612ba]" name="BuyFilters" duration-ms="54777" started-at="2016-08-12T16:21:43Z" finished-at="2016-08-12T16:22:37Z">
          <exception class="java.lang.AssertionError">
            <message>
              <![CDATA[Fail: Property Counts are not matching for removing set Budget filter39,065 39,079 expected [true] but found [false]]]>
            </message>
            <full-stacktrace>
              <![CDATA[java.lang.AssertionError: Fail: Property Counts are not matching for removing set Budget filter39,065 39,079 expected [true] but found [false]
	at org.testng.Assert.fail(Assert.java:94)
	at org.testng.Assert.failNotEquals(Assert.java:496)
	at org.testng.Assert.assertTrue(Assert.java:42)
	at com.makaan.Test.SERPTest.BuyFilters(SERPTest.java:45)
	at sun.reflect.NativeMethodAccessorImpl.invoke0(Native Method)
	at sun.reflect.NativeMethodAccessorImpl.invoke(NativeMethodAccessorImpl.java:62)
	at sun.reflect.DelegatingMethodAccessorImpl.invoke(DelegatingMethodAccessorImpl.java:43)
	at java.lang.reflect.Method.invoke(Method.java:498)
	at org.testng.internal.MethodInvocationHelper.invokeMethod(MethodInvocationHelper.java:85)
	at org.testng.internal.Invoker.invokeMethod(Invoker.java:639)
	at org.testng.internal.Invoker.invokeTestMethod(Invoker.java:816)
	at org.testng.internal.Invoker.invokeTestMethods(Invoker.java:1124)
	at org.testng.internal.TestMethodWorker.invokeTestMethods(TestMethodWorker.java:125)
	at org.testng.internal.TestMethodWorker.run(TestMethodWorker.java:108)
	at org.testng.TestRunner.privateRun(TestRunner.java:774)
	at org.testng.TestRunner.run(TestRunner.java:624)
	at org.testng.SuiteRunner.runTest(SuiteRunner.java:359)
	at org.testng.SuiteRunner.runSequentially(SuiteRunner.java:354)
	at org.testng.SuiteRunner.privateRun(SuiteRunner.java:312)
	at org.testng.SuiteRunner.run(SuiteRunner.java:261)
	at org.testng.SuiteRunnerWorker.runSuite(SuiteRunnerWorker.java:52)
	at org.testng.SuiteRunnerWorker.run(SuiteRunnerWorker.java:86)
	at org.testng.TestNG.runSuitesSequentially(TestNG.java:1215)
	at org.testng.TestNG.runSuitesLocally(TestNG.java:1140)
	at org.testng.TestNG.run(TestNG.java:1048)
	at org.testng.TestNG.privateMain(TestNG.java:1355)
	at org.testng.TestNG.main(TestNG.java:1324)
]]>
            </full-stacktrace>
          </exception> <!-- java.lang.AssertionError -->
          <reporter-output>
          </reporter-output>
        </test-method> <!-- BuyFilters -->
        <test-method status="PASS" signature="RentFilters()[pri:4, instance:com.makaan.Test.SERPTest@530612ba]" name="RentFilters" duration-ms="50411" started-at="2016-08-12T16:22:37Z" finished-at="2016-08-12T16:23:28Z">
          <reporter-output>
          </reporter-output>
        </test-method> <!-- RentFilters -->
        <test-method status="PASS" signature="ValidatePropertyRent()[pri:6, instance:com.makaan.Test.SERPTest@530612ba]" name="ValidatePropertyRent" duration-ms="12278" started-at="2016-08-12T16:23:28Z" finished-at="2016-08-12T16:23:40Z">
          <reporter-output>
          </reporter-output>
        </test-method> <!-- ValidatePropertyRent -->
        <test-method status="PASS" signature="ValidateReadMoreBuy()[pri:7, instance:com.makaan.Test.SERPTest@530612ba]" name="ValidateReadMoreBuy" duration-ms="8885" started-at="2016-08-12T16:23:40Z" finished-at="2016-08-12T16:23:49Z">
          <reporter-output>
          </reporter-output>
        </test-method> <!-- ValidateReadMoreBuy -->
        <test-method status="PASS" signature="ValidateReadMorerent()[pri:8, instance:com.makaan.Test.SERPTest@530612ba]" name="ValidateReadMorerent" duration-ms="11172" started-at="2016-08-12T16:23:49Z" finished-at="2016-08-12T16:24:00Z">
          <reporter-output>
          </reporter-output>
        </test-method> <!-- ValidateReadMorerent -->
        <test-method status="PASS" signature="ValidateSellerBuy()[pri:9, instance:com.makaan.Test.SERPTest@530612ba]" name="ValidateSellerBuy" duration-ms="6115" started-at="2016-08-12T16:24:00Z" finished-at="2016-08-12T16:24:06Z">
          <reporter-output>
          </reporter-output>
        </test-method> <!-- ValidateSellerBuy -->
        <test-method status="PASS" signature="ValidateSellerRent()[pri:10, instance:com.makaan.Test.SERPTest@530612ba]" name="ValidateSellerRent" duration-ms="4872" started-at="2016-08-12T16:24:06Z" finished-at="2016-08-12T16:24:11Z">
          <reporter-output>
          </reporter-output>
        </test-method> <!-- ValidateSellerRent -->
        <test-method status="PASS" signature="ValidateLocalityBuy()[pri:11, instance:com.makaan.Test.SERPTest@530612ba]" name="ValidateLocalityBuy" duration-ms="5655" started-at="2016-08-12T16:24:11Z" finished-at="2016-08-12T16:24:17Z">
          <reporter-output>
          </reporter-output>
        </test-method> <!-- ValidateLocalityBuy -->
        <test-method status="PASS" signature="ValidateLocalityRent()[pri:12, instance:com.makaan.Test.SERPTest@530612ba]" name="ValidateLocalityRent" duration-ms="6113" started-at="2016-08-12T16:24:17Z" finished-at="2016-08-12T16:24:23Z">
          <reporter-output>
          </reporter-output>
        </test-method> <!-- ValidateLocalityRent -->
        <test-method status="PASS" signature="ValidateProjectBuy()[pri:13, instance:com.makaan.Test.SERPTest@530612ba]" name="ValidateProjectBuy" duration-ms="23374" started-at="2016-08-12T16:24:23Z" finished-at="2016-08-12T16:24:46Z">
          <reporter-output>
          </reporter-output>
        </test-method> <!-- ValidateProjectBuy -->
        <test-method status="FAIL" signature="ValidateShortlistBuy()[pri:15, instance:com.makaan.Test.SERPTest@530612ba]" name="ValidateShortlistBuy" duration-ms="12764" started-at="2016-08-12T16:24:46Z" finished-at="2016-08-12T16:24:59Z">
          <exception class="org.openqa.selenium.WebDriverException">
            <message>
              <![CDATA[unknown error: Element is not clickable at point (869, 10). Other element would receive the click: <ul class="step1 pull-right clearfix">...</ul>
  (Session info: chrome=47.0.2526.111)
  (Driver info: chromedriver=2.9.248304,platform=Linux 3.19.0-25-generic x86_64) (WARNING: The server did not provide any stacktrace information)
Command duration or timeout: 34 milliseconds
Build info: version: '3.0.0-beta2', revision: '2aa21c1', time: '2016-08-02 15:03:28 -0700'
System info: host: 'AT-LP-1036', ip: '127.0.1.1', os.name: 'Linux', os.arch: 'amd64', os.version: '3.19.0-25-generic', java.version: '1.8.0_91'
Driver info: org.openqa.selenium.chrome.ChromeDriver
Capabilities [{applicationCacheEnabled=false, rotatable=false, chrome={userDataDir=/tmp/.com.google.Chrome.Lbu6LX}, takesHeapSnapshot=true, databaseEnabled=false, handlesAlerts=true, version=47.0.2526.111, platform=LINUX, browserConnectionEnabled=false, nativeEvents=true, acceptSslCerts=true, locationContextEnabled=true, webStorageEnabled=true, browserName=chrome, takesScreenshot=true, javascriptEnabled=true, cssSelectorsEnabled=true}]
Session ID: 6ddea751d3ba69d173667bde2abccfe6]]>
            </message>
            <full-stacktrace>
              <![CDATA[org.openqa.selenium.WebDriverException: unknown error: Element is not clickable at point (869, 10). Other element would receive the click: <ul class="step1 pull-right clearfix">...</ul>
  (Session info: chrome=47.0.2526.111)
  (Driver info: chromedriver=2.9.248304,platform=Linux 3.19.0-25-generic x86_64) (WARNING: The server did not provide any stacktrace information)
Command duration or timeout: 34 milliseconds
Build info: version: '3.0.0-beta2', revision: '2aa21c1', time: '2016-08-02 15:03:28 -0700'
System info: host: 'AT-LP-1036', ip: '127.0.1.1', os.name: 'Linux', os.arch: 'amd64', os.version: '3.19.0-25-generic', java.version: '1.8.0_91'
Driver info: org.openqa.selenium.chrome.ChromeDriver
Capabilities [{applicationCacheEnabled=false, rotatable=false, chrome={userDataDir=/tmp/.com.google.Chrome.Lbu6LX}, takesHeapSnapshot=true, databaseEnabled=false, handlesAlerts=true, version=47.0.2526.111, platform=LINUX, browserConnectionEnabled=false, nativeEvents=true, acceptSslCerts=true, locationContextEnabled=true, webStorageEnabled=true, browserName=chrome, takesScreenshot=true, javascriptEnabled=true, cssSelectorsEnabled=true}]
Session ID: 6ddea751d3ba69d173667bde2abccfe6
	at sun.reflect.NativeConstructorAccessorImpl.newInstance0(Native Method)
	at sun.reflect.NativeConstructorAccessorImpl.newInstance(NativeConstructorAccessorImpl.java:62)
	at sun.reflect.DelegatingConstructorAccessorImpl.newInstance(DelegatingConstructorAccessorImpl.java:45)
	at java.lang.reflect.Constructor.newInstance(Constructor.java:423)
	at org.openqa.selenium.remote.ErrorHandler.createThrowable(ErrorHandler.java:206)
	at org.openqa.selenium.remote.ErrorHandler.throwIfResponseFailed(ErrorHandler.java:158)
	at org.openqa.selenium.remote.RemoteWebDriver.execute(RemoteWebDriver.java:683)
	at org.openqa.selenium.remote.RemoteWebElement.execute(RemoteWebElement.java:319)
	at org.openqa.selenium.remote.RemoteWebElement.click(RemoteWebElement.java:85)
	at com.makaan.Webhelper.Webhelper.ClickbyXpath(Webhelper.java:124)
	at com.makaan.Middleware.SERPMiddleware.VerifyShortList(SERPMiddleware.java:672)
	at com.makaan.Test.SERPTest.ValidateShortlistBuy(SERPTest.java:304)
	at sun.reflect.NativeMethodAccessorImpl.invoke0(Native Method)
	at sun.reflect.NativeMethodAccessorImpl.invoke(NativeMethodAccessorImpl.java:62)
	at sun.reflect.DelegatingMethodAccessorImpl.invoke(DelegatingMethodAccessorImpl.java:43)
	at java.lang.reflect.Method.invoke(Method.java:498)
	at org.testng.internal.MethodInvocationHelper.invokeMethod(MethodInvocationHelper.java:85)
	at org.testng.internal.Invoker.invokeMethod(Invoker.java:639)
	at org.testng.internal.Invoker.invokeTestMethod(Invoker.java:816)
	at org.testng.internal.Invoker.invokeTestMethods(Invoker.java:1124)
	at org.testng.internal.TestMethodWorker.invokeTestMethods(TestMethodWorker.java:125)
	at org.testng.internal.TestMethodWorker.run(TestMethodWorker.java:108)
	at org.testng.TestRunner.privateRun(TestRunner.java:774)
	at org.testng.TestRunner.run(TestRunner.java:624)
	at org.testng.SuiteRunner.runTest(SuiteRunner.java:359)
	at org.testng.SuiteRunner.runSequentially(SuiteRunner.java:354)
	at org.testng.SuiteRunner.privateRun(SuiteRunner.java:312)
	at org.testng.SuiteRunner.run(SuiteRunner.java:261)
	at org.testng.SuiteRunnerWorker.runSuite(SuiteRunnerWorker.java:52)
	at org.testng.SuiteRunnerWorker.run(SuiteRunnerWorker.java:86)
	at org.testng.TestNG.runSuitesSequentially(TestNG.java:1215)
	at org.testng.TestNG.runSuitesLocally(TestNG.java:1140)
	at org.testng.TestNG.run(TestNG.java:1048)
	at org.testng.TestNG.privateMain(TestNG.java:1355)
	at org.testng.TestNG.main(TestNG.java:1324)
]]>
            </full-stacktrace>
          </exception> <!-- org.openqa.selenium.WebDriverException -->
          <reporter-output>
          </reporter-output>
        </test-method> <!-- ValidateShortlistBuy -->
        <test-method status="PASS" signature="ValidateShortlistrent()[pri:16, instance:com.makaan.Test.SERPTest@530612ba]" name="ValidateShortlistrent" duration-ms="10603" started-at="2016-08-12T16:24:59Z" finished-at="2016-08-12T16:25:10Z">
          <reporter-output>
          </reporter-output>
        </test-method> <!-- ValidateShortlistrent -->
        <test-method status="PASS" signature="Validatepagination()[pri:17, instance:com.makaan.Test.SERPTest@530612ba]" name="Validatepagination" duration-ms="16532" started-at="2016-08-12T16:25:10Z" finished-at="2016-08-12T16:25:26Z">
          <reporter-output>
          </reporter-output>
        </test-method> <!-- Validatepagination -->
        <test-method status="FAIL" signature="ValidateSidecards()[pri:18, instance:com.makaan.Test.SERPTest@530612ba]" name="ValidateSidecards" duration-ms="35880" started-at="2016-08-12T16:25:26Z" finished-at="2016-08-12T16:26:02Z">
          <exception class="org.openqa.selenium.WebDriverException">
            <message>
              <![CDATA[unknown error: Element is not clickable at point (1095, 383). Other element would receive the click: <div class="message-wrapper them">...</div>
  (Session info: chrome=47.0.2526.111)
  (Driver info: chromedriver=2.9.248304,platform=Linux 3.19.0-25-generic x86_64) (WARNING: The server did not provide any stacktrace information)
Command duration or timeout: 27 milliseconds
Build info: version: '3.0.0-beta2', revision: '2aa21c1', time: '2016-08-02 15:03:28 -0700'
System info: host: 'AT-LP-1036', ip: '127.0.1.1', os.name: 'Linux', os.arch: 'amd64', os.version: '3.19.0-25-generic', java.version: '1.8.0_91'
Driver info: org.openqa.selenium.chrome.ChromeDriver
Capabilities [{applicationCacheEnabled=false, rotatable=false, chrome={userDataDir=/tmp/.com.google.Chrome.Lbu6LX}, takesHeapSnapshot=true, databaseEnabled=false, handlesAlerts=true, version=47.0.2526.111, platform=LINUX, browserConnectionEnabled=false, nativeEvents=true, acceptSslCerts=true, locationContextEnabled=true, webStorageEnabled=true, browserName=chrome, takesScreenshot=true, javascriptEnabled=true, cssSelectorsEnabled=true}]
Session ID: 6ddea751d3ba69d173667bde2abccfe6]]>
            </message>
            <full-stacktrace>
              <![CDATA[org.openqa.selenium.WebDriverException: unknown error: Element is not clickable at point (1095, 383). Other element would receive the click: <div class="message-wrapper them">...</div>
  (Session info: chrome=47.0.2526.111)
  (Driver info: chromedriver=2.9.248304,platform=Linux 3.19.0-25-generic x86_64) (WARNING: The server did not provide any stacktrace information)
Command duration or timeout: 27 milliseconds
Build info: version: '3.0.0-beta2', revision: '2aa21c1', time: '2016-08-02 15:03:28 -0700'
System info: host: 'AT-LP-1036', ip: '127.0.1.1', os.name: 'Linux', os.arch: 'amd64', os.version: '3.19.0-25-generic', java.version: '1.8.0_91'
Driver info: org.openqa.selenium.chrome.ChromeDriver
Capabilities [{applicationCacheEnabled=false, rotatable=false, chrome={userDataDir=/tmp/.com.google.Chrome.Lbu6LX}, takesHeapSnapshot=true, databaseEnabled=false, handlesAlerts=true, version=47.0.2526.111, platform=LINUX, browserConnectionEnabled=false, nativeEvents=true, acceptSslCerts=true, locationContextEnabled=true, webStorageEnabled=true, browserName=chrome, takesScreenshot=true, javascriptEnabled=true, cssSelectorsEnabled=true}]
Session ID: 6ddea751d3ba69d173667bde2abccfe6
	at sun.reflect.NativeConstructorAccessorImpl.newInstance0(Native Method)
	at sun.reflect.NativeConstructorAccessorImpl.newInstance(NativeConstructorAccessorImpl.java:62)
	at sun.reflect.DelegatingConstructorAccessorImpl.newInstance(DelegatingConstructorAccessorImpl.java:45)
	at java.lang.reflect.Constructor.newInstance(Constructor.java:423)
	at org.openqa.selenium.remote.ErrorHandler.createThrowable(ErrorHandler.java:206)
	at org.openqa.selenium.remote.ErrorHandler.throwIfResponseFailed(ErrorHandler.java:158)
	at org.openqa.selenium.remote.RemoteWebDriver.execute(RemoteWebDriver.java:683)
	at org.openqa.selenium.remote.RemoteWebElement.execute(RemoteWebElement.java:319)
	at org.openqa.selenium.remote.RemoteWebElement.click(RemoteWebElement.java:85)
	at com.makaan.Webhelper.Webhelper.ClickbyXpath(Webhelper.java:124)
	at com.makaan.Middleware.SERPMiddleware.VerifyLocalityCard(SERPMiddleware.java:825)
	at com.makaan.Middleware.SERPMiddleware.SideCards(SERPMiddleware.java:804)
	at com.makaan.Test.SERPTest.ValidateSidecards(SERPTest.java:362)
	at sun.reflect.NativeMethodAccessorImpl.invoke0(Native Method)
	at sun.reflect.NativeMethodAccessorImpl.invoke(NativeMethodAccessorImpl.java:62)
	at sun.reflect.DelegatingMethodAccessorImpl.invoke(DelegatingMethodAccessorImpl.java:43)
	at java.lang.reflect.Method.invoke(Method.java:498)
	at org.testng.internal.MethodInvocationHelper.invokeMethod(MethodInvocationHelper.java:85)
	at org.testng.internal.Invoker.invokeMethod(Invoker.java:639)
	at org.testng.internal.Invoker.invokeTestMethod(Invoker.java:816)
	at org.testng.internal.Invoker.invokeTestMethods(Invoker.java:1124)
	at org.testng.internal.TestMethodWorker.invokeTestMethods(TestMethodWorker.java:125)
	at org.testng.internal.TestMethodWorker.run(TestMethodWorker.java:108)
	at org.testng.TestRunner.privateRun(TestRunner.java:774)
	at org.testng.TestRunner.run(TestRunner.java:624)
	at org.testng.SuiteRunner.runTest(SuiteRunner.java:359)
	at org.testng.SuiteRunner.runSequentially(SuiteRunner.java:354)
	at org.testng.SuiteRunner.privateRun(SuiteRunner.java:312)
	at org.testng.SuiteRunner.run(SuiteRunner.java:261)
	at org.testng.SuiteRunnerWorker.runSuite(SuiteRunnerWorker.java:52)
	at org.testng.SuiteRunnerWorker.run(SuiteRunnerWorker.java:86)
	at org.testng.TestNG.runSuitesSequentially(TestNG.java:1215)
	at org.testng.TestNG.runSuitesLocally(TestNG.java:1140)
	at org.testng.TestNG.run(TestNG.java:1048)
	at org.testng.TestNG.privateMain(TestNG.java:1355)
	at org.testng.TestNG.main(TestNG.java:1324)
]]>
            </full-stacktrace>
          </exception> <!-- org.openqa.selenium.WebDriverException -->
          <reporter-output>
          </reporter-output>
        </test-method> <!-- ValidateSidecards -->
        <test-method status="PASS" signature="ValidateMapListToggle()[pri:19, instance:com.makaan.Test.SERPTest@530612ba]" name="ValidateMapListToggle" duration-ms="4645" started-at="2016-08-12T16:26:02Z" finished-at="2016-08-12T16:26:07Z">
          <reporter-output>
          </reporter-output>
        </test-method> <!-- ValidateMapListToggle -->
        <test-method status="PASS" signature="ValidateViewMoreBuy()[pri:20, instance:com.makaan.Test.SERPTest@530612ba]" name="ValidateViewMoreBuy" duration-ms="9343" started-at="2016-08-12T16:26:07Z" finished-at="2016-08-12T16:26:16Z">
          <reporter-output>
          </reporter-output>
        </test-method> <!-- ValidateViewMoreBuy -->
        <test-method status="PASS" signature="ValidateViewMoreRent()[pri:21, instance:com.makaan.Test.SERPTest@530612ba]" name="ValidateViewMoreRent" duration-ms="6979" started-at="2016-08-12T16:26:16Z" finished-at="2016-08-12T16:26:23Z">
          <reporter-output>
          </reporter-output>
        </test-method> <!-- ValidateViewMoreRent -->
        <test-method status="PASS" signature="ValidateSponsoredLink()[pri:22, instance:com.makaan.Test.SERPTest@530612ba]" name="ValidateSponsoredLink" duration-ms="31151" started-at="2016-08-12T16:26:23Z" finished-at="2016-08-12T16:26:54Z">
          <reporter-output>
          </reporter-output>
        </test-method> <!-- ValidateSponsoredLink -->
        <test-method status="FAIL" signature="ValidateSortingFilter()[pri:23, instance:com.makaan.Test.SERPTest@530612ba]" name="ValidateSortingFilter" duration-ms="44020" started-at="2016-08-12T16:26:54Z" finished-at="2016-08-12T16:27:38Z">
          <exception class="org.openqa.selenium.WebDriverException">
            <message>
              <![CDATA[unknown error: Element is not clickable at point (1115, 7). Other element would receive the click: <ul class="step1 pull-right clearfix">...</ul>
  (Session info: chrome=47.0.2526.111)
  (Driver info: chromedriver=2.9.248304,platform=Linux 3.19.0-25-generic x86_64) (WARNING: The server did not provide any stacktrace information)
Command duration or timeout: 38 milliseconds
Build info: version: '3.0.0-beta2', revision: '2aa21c1', time: '2016-08-02 15:03:28 -0700'
System info: host: 'AT-LP-1036', ip: '127.0.1.1', os.name: 'Linux', os.arch: 'amd64', os.version: '3.19.0-25-generic', java.version: '1.8.0_91'
Driver info: org.openqa.selenium.chrome.ChromeDriver
Capabilities [{applicationCacheEnabled=false, rotatable=false, chrome={userDataDir=/tmp/.com.google.Chrome.Lbu6LX}, takesHeapSnapshot=true, databaseEnabled=false, handlesAlerts=true, version=47.0.2526.111, platform=LINUX, browserConnectionEnabled=false, nativeEvents=true, acceptSslCerts=true, locationContextEnabled=true, webStorageEnabled=true, browserName=chrome, takesScreenshot=true, javascriptEnabled=true, cssSelectorsEnabled=true}]
Session ID: 6ddea751d3ba69d173667bde2abccfe6]]>
            </message>
            <full-stacktrace>
              <![CDATA[org.openqa.selenium.WebDriverException: unknown error: Element is not clickable at point (1115, 7). Other element would receive the click: <ul class="step1 pull-right clearfix">...</ul>
  (Session info: chrome=47.0.2526.111)
  (Driver info: chromedriver=2.9.248304,platform=Linux 3.19.0-25-generic x86_64) (WARNING: The server did not provide any stacktrace information)
Command duration or timeout: 38 milliseconds
Build info: version: '3.0.0-beta2', revision: '2aa21c1', time: '2016-08-02 15:03:28 -0700'
System info: host: 'AT-LP-1036', ip: '127.0.1.1', os.name: 'Linux', os.arch: 'amd64', os.version: '3.19.0-25-generic', java.version: '1.8.0_91'
Driver info: org.openqa.selenium.chrome.ChromeDriver
Capabilities [{applicationCacheEnabled=false, rotatable=false, chrome={userDataDir=/tmp/.com.google.Chrome.Lbu6LX}, takesHeapSnapshot=true, databaseEnabled=false, handlesAlerts=true, version=47.0.2526.111, platform=LINUX, browserConnectionEnabled=false, nativeEvents=true, acceptSslCerts=true, locationContextEnabled=true, webStorageEnabled=true, browserName=chrome, takesScreenshot=true, javascriptEnabled=true, cssSelectorsEnabled=true}]
Session ID: 6ddea751d3ba69d173667bde2abccfe6
	at sun.reflect.NativeConstructorAccessorImpl.newInstance0(Native Method)
	at sun.reflect.NativeConstructorAccessorImpl.newInstance(NativeConstructorAccessorImpl.java:62)
	at sun.reflect.DelegatingConstructorAccessorImpl.newInstance(DelegatingConstructorAccessorImpl.java:45)
	at java.lang.reflect.Constructor.newInstance(Constructor.java:423)
	at org.openqa.selenium.remote.ErrorHandler.createThrowable(ErrorHandler.java:206)
	at org.openqa.selenium.remote.ErrorHandler.throwIfResponseFailed(ErrorHandler.java:158)
	at org.openqa.selenium.remote.RemoteWebDriver.execute(RemoteWebDriver.java:683)
	at org.openqa.selenium.remote.RemoteWebElement.execute(RemoteWebElement.java:319)
	at org.openqa.selenium.remote.RemoteWebElement.click(RemoteWebElement.java:85)
	at com.makaan.Webhelper.Webhelper.ClickbyXpath(Webhelper.java:124)
	at com.makaan.Middleware.SERPMiddleware.filterbySellerRating(SERPMiddleware.java:1044)
	at com.makaan.Middleware.SERPMiddleware.SortingFilter(SERPMiddleware.java:1084)
	at com.makaan.Test.SERPTest.ValidateSortingFilter(SERPTest.java:460)
	at sun.reflect.NativeMethodAccessorImpl.invoke0(Native Method)
	at sun.reflect.NativeMethodAccessorImpl.invoke(NativeMethodAccessorImpl.java:62)
	at sun.reflect.DelegatingMethodAccessorImpl.invoke(DelegatingMethodAccessorImpl.java:43)
	at java.lang.reflect.Method.invoke(Method.java:498)
	at org.testng.internal.MethodInvocationHelper.invokeMethod(MethodInvocationHelper.java:85)
	at org.testng.internal.Invoker.invokeMethod(Invoker.java:639)
	at org.testng.internal.Invoker.invokeTestMethod(Invoker.java:816)
	at org.testng.internal.Invoker.invokeTestMethods(Invoker.java:1124)
	at org.testng.internal.TestMethodWorker.invokeTestMethods(TestMethodWorker.java:125)
	at org.testng.internal.TestMethodWorker.run(TestMethodWorker.java:108)
	at org.testng.TestRunner.privateRun(TestRunner.java:774)
	at org.testng.TestRunner.run(TestRunner.java:624)
	at org.testng.SuiteRunner.runTest(SuiteRunner.java:359)
	at org.testng.SuiteRunner.runSequentially(SuiteRunner.java:354)
	at org.testng.SuiteRunner.privateRun(SuiteRunner.java:312)
	at org.testng.SuiteRunner.run(SuiteRunner.java:261)
	at org.testng.SuiteRunnerWorker.runSuite(SuiteRunnerWorker.java:52)
	at org.testng.SuiteRunnerWorker.run(SuiteRunnerWorker.java:86)
	at org.testng.TestNG.runSuitesSequentially(TestNG.java:1215)
	at org.testng.TestNG.runSuitesLocally(TestNG.java:1140)
	at org.testng.TestNG.run(TestNG.java:1048)
	at org.testng.TestNG.privateMain(TestNG.java:1355)
	at org.testng.TestNG.main(TestNG.java:1324)
]]>
            </full-stacktrace>
          </exception> <!-- org.openqa.selenium.WebDriverException -->
          <reporter-output>
          </reporter-output>
        </test-method> <!-- ValidateSortingFilter -->
        <test-method status="FAIL" signature="ValidateSetAlert()[pri:25, instance:com.makaan.Test.SERPTest@530612ba]" name="ValidateSetAlert" duration-ms="778" started-at="2016-08-12T16:27:38Z" finished-at="2016-08-12T16:27:39Z">
          <exception class="org.openqa.selenium.WebDriverException">
            <message>
              <![CDATA[unknown error: Element is not clickable at point (850, 16). Other element would receive the click: <html lang="en">...</html>
  (Session info: chrome=47.0.2526.111)
  (Driver info: chromedriver=2.9.248304,platform=Linux 3.19.0-25-generic x86_64) (WARNING: The server did not provide any stacktrace information)
Command duration or timeout: 191 milliseconds
Build info: version: '3.0.0-beta2', revision: '2aa21c1', time: '2016-08-02 15:03:28 -0700'
System info: host: 'AT-LP-1036', ip: '127.0.1.1', os.name: 'Linux', os.arch: 'amd64', os.version: '3.19.0-25-generic', java.version: '1.8.0_91'
Driver info: org.openqa.selenium.chrome.ChromeDriver
Capabilities [{applicationCacheEnabled=false, rotatable=false, chrome={userDataDir=/tmp/.com.google.Chrome.Lbu6LX}, takesHeapSnapshot=true, databaseEnabled=false, handlesAlerts=true, version=47.0.2526.111, platform=LINUX, browserConnectionEnabled=false, nativeEvents=true, acceptSslCerts=true, locationContextEnabled=true, webStorageEnabled=true, browserName=chrome, takesScreenshot=true, javascriptEnabled=true, cssSelectorsEnabled=true}]
Session ID: 6ddea751d3ba69d173667bde2abccfe6]]>
            </message>
            <full-stacktrace>
              <![CDATA[org.openqa.selenium.WebDriverException: unknown error: Element is not clickable at point (850, 16). Other element would receive the click: <html lang="en">...</html>
  (Session info: chrome=47.0.2526.111)
  (Driver info: chromedriver=2.9.248304,platform=Linux 3.19.0-25-generic x86_64) (WARNING: The server did not provide any stacktrace information)
Command duration or timeout: 191 milliseconds
Build info: version: '3.0.0-beta2', revision: '2aa21c1', time: '2016-08-02 15:03:28 -0700'
System info: host: 'AT-LP-1036', ip: '127.0.1.1', os.name: 'Linux', os.arch: 'amd64', os.version: '3.19.0-25-generic', java.version: '1.8.0_91'
Driver info: org.openqa.selenium.chrome.ChromeDriver
Capabilities [{applicationCacheEnabled=false, rotatable=false, chrome={userDataDir=/tmp/.com.google.Chrome.Lbu6LX}, takesHeapSnapshot=true, databaseEnabled=false, handlesAlerts=true, version=47.0.2526.111, platform=LINUX, browserConnectionEnabled=false, nativeEvents=true, acceptSslCerts=true, locationContextEnabled=true, webStorageEnabled=true, browserName=chrome, takesScreenshot=true, javascriptEnabled=true, cssSelectorsEnabled=true}]
Session ID: 6ddea751d3ba69d173667bde2abccfe6
	at sun.reflect.NativeConstructorAccessorImpl.newInstance0(Native Method)
	at sun.reflect.NativeConstructorAccessorImpl.newInstance(NativeConstructorAccessorImpl.java:62)
	at sun.reflect.DelegatingConstructorAccessorImpl.newInstance(DelegatingConstructorAccessorImpl.java:45)
	at java.lang.reflect.Constructor.newInstance(Constructor.java:423)
	at org.openqa.selenium.remote.ErrorHandler.createThrowable(ErrorHandler.java:206)
	at org.openqa.selenium.remote.ErrorHandler.throwIfResponseFailed(ErrorHandler.java:158)
	at org.openqa.selenium.remote.RemoteWebDriver.execute(RemoteWebDriver.java:683)
	at org.openqa.selenium.remote.RemoteWebElement.execute(RemoteWebElement.java:319)
	at org.openqa.selenium.remote.RemoteWebElement.click(RemoteWebElement.java:85)
	at com.makaan.Webhelper.Webhelper.ClickbyXpath(Webhelper.java:124)
	at com.makaan.Middleware.SERPMiddleware.SetAlert(SERPMiddleware.java:687)
	at com.makaan.Test.SERPTest.ValidateSetAlert(SERPTest.java:498)
	at sun.reflect.NativeMethodAccessorImpl.invoke0(Native Method)
	at sun.reflect.NativeMethodAccessorImpl.invoke(NativeMethodAccessorImpl.java:62)
	at sun.reflect.DelegatingMethodAccessorImpl.invoke(DelegatingMethodAccessorImpl.java:43)
	at java.lang.reflect.Method.invoke(Method.java:498)
	at org.testng.internal.MethodInvocationHelper.invokeMethod(MethodInvocationHelper.java:85)
	at org.testng.internal.Invoker.invokeMethod(Invoker.java:639)
	at org.testng.internal.Invoker.invokeTestMethod(Invoker.java:816)
	at org.testng.internal.Invoker.invokeTestMethods(Invoker.java:1124)
	at org.testng.internal.TestMethodWorker.invokeTestMethods(TestMethodWorker.java:125)
	at org.testng.internal.TestMethodWorker.run(TestMethodWorker.java:108)
	at org.testng.TestRunner.privateRun(TestRunner.java:774)
	at org.testng.TestRunner.run(TestRunner.java:624)
	at org.testng.SuiteRunner.runTest(SuiteRunner.java:359)
	at org.testng.SuiteRunner.runSequentially(SuiteRunner.java:354)
	at org.testng.SuiteRunner.privateRun(SuiteRunner.java:312)
	at org.testng.SuiteRunner.run(SuiteRunner.java:261)
	at org.testng.SuiteRunnerWorker.runSuite(SuiteRunnerWorker.java:52)
	at org.testng.SuiteRunnerWorker.run(SuiteRunnerWorker.java:86)
	at org.testng.TestNG.runSuitesSequentially(TestNG.java:1215)
	at org.testng.TestNG.runSuitesLocally(TestNG.java:1140)
	at org.testng.TestNG.run(TestNG.java:1048)
	at org.testng.TestNG.privateMain(TestNG.java:1355)
	at org.testng.TestNG.main(TestNG.java:1324)
]]>
            </full-stacktrace>
          </exception> <!-- org.openqa.selenium.WebDriverException -->
          <reporter-output>
          </reporter-output>
        </test-method> <!-- ValidateSetAlert -->
        <test-method status="PASS" signature="Close()[pri:0, instance:com.makaan.Test.SERPTest@530612ba]" name="Close" is-config="true" duration-ms="259" started-at="2016-08-12T16:27:39Z" finished-at="2016-08-12T16:27:39Z">
          <reporter-output>
          </reporter-output>
        </test-method> <!-- Close -->
      </class> <!-- com.makaan.Test.SERPTest -->
      <class name="com.makaan.Test.ConnectNowTest">
        <test-method status="PASS" signature="InitiateDriver()[pri:0, instance:com.makaan.Test.ConnectNowTest@f4168b8]" name="InitiateDriver" is-config="true" duration-ms="8593" started-at="2016-08-12T16:27:55Z" finished-at="2016-08-12T16:28:04Z">
          <reporter-output>
          </reporter-output>
        </test-method> <!-- InitiateDriver -->
        <test-method status="FAIL" signature="ConnectNow()[pri:1, instance:com.makaan.Test.ConnectNowTest@f4168b8]" name="ConnectNow" duration-ms="315" started-at="2016-08-12T16:28:04Z" finished-at="2016-08-12T16:28:04Z">
          <exception class="java.lang.AssertionError">
            <message>
              <![CDATA[Fail: Lead popup did not open expected [true] but found [false]]]>
            </message>
            <full-stacktrace>
              <![CDATA[java.lang.AssertionError: Fail: Lead popup did not open expected [true] but found [false]
	at org.testng.Assert.fail(Assert.java:94)
	at org.testng.Assert.failNotEquals(Assert.java:496)
	at org.testng.Assert.assertTrue(Assert.java:42)
	at com.makaan.Test.ConnectNowTest.ConnectNow(ConnectNowTest.java:45)
	at sun.reflect.NativeMethodAccessorImpl.invoke0(Native Method)
	at sun.reflect.NativeMethodAccessorImpl.invoke(NativeMethodAccessorImpl.java:62)
	at sun.reflect.DelegatingMethodAccessorImpl.invoke(DelegatingMethodAccessorImpl.java:43)
	at java.lang.reflect.Method.invoke(Method.java:498)
	at org.testng.internal.MethodInvocationHelper.invokeMethod(MethodInvocationHelper.java:85)
	at org.testng.internal.Invoker.invokeMethod(Invoker.java:639)
	at org.testng.internal.Invoker.invokeTestMethod(Invoker.java:816)
	at org.testng.internal.Invoker.invokeTestMethods(Invoker.java:1124)
	at org.testng.internal.TestMethodWorker.invokeTestMethods(TestMethodWorker.java:125)
	at org.testng.internal.TestMethodWorker.run(TestMethodWorker.java:108)
	at org.testng.TestRunner.privateRun(TestRunner.java:774)
	at org.testng.TestRunner.run(TestRunner.java:624)
	at org.testng.SuiteRunner.runTest(SuiteRunner.java:359)
	at org.testng.SuiteRunner.runSequentially(SuiteRunner.java:354)
	at org.testng.SuiteRunner.privateRun(SuiteRunner.java:312)
	at org.testng.SuiteRunner.run(SuiteRunner.java:261)
	at org.testng.SuiteRunnerWorker.runSuite(SuiteRunnerWorker.java:52)
	at org.testng.SuiteRunnerWorker.run(SuiteRunnerWorker.java:86)
	at org.testng.TestNG.runSuitesSequentially(TestNG.java:1215)
	at org.testng.TestNG.runSuitesLocally(TestNG.java:1140)
	at org.testng.TestNG.run(TestNG.java:1048)
	at org.testng.TestNG.privateMain(TestNG.java:1355)
	at org.testng.TestNG.main(TestNG.java:1324)
]]>
            </full-stacktrace>
          </exception> <!-- java.lang.AssertionError -->
          <reporter-output>
          </reporter-output>
        </test-method> <!-- ConnectNow -->
        <test-method status="FAIL" signature="ValidateDB()[pri:2, instance:com.makaan.Test.ConnectNowTest@f4168b8]" name="ValidateDB" duration-ms="31656" started-at="2016-08-12T16:28:04Z" finished-at="2016-08-12T16:28:36Z">
          <exception class="java.lang.AssertionError">
            <message>
              <![CDATA[Fail: Lead Drop was not successfull as Db did not get updated expected [true] but found [false]]]>
            </message>
            <full-stacktrace>
              <![CDATA[java.lang.AssertionError: Fail: Lead Drop was not successfull as Db did not get updated expected [true] but found [false]
	at org.testng.Assert.fail(Assert.java:94)
	at org.testng.Assert.failNotEquals(Assert.java:496)
	at org.testng.Assert.assertTrue(Assert.java:42)
	at com.makaan.Test.ConnectNowTest.ValidateDB(ConnectNowTest.java:66)
	at sun.reflect.NativeMethodAccessorImpl.invoke0(Native Method)
	at sun.reflect.NativeMethodAccessorImpl.invoke(NativeMethodAccessorImpl.java:62)
	at sun.reflect.DelegatingMethodAccessorImpl.invoke(DelegatingMethodAccessorImpl.java:43)
	at java.lang.reflect.Method.invoke(Method.java:498)
	at org.testng.internal.MethodInvocationHelper.invokeMethod(MethodInvocationHelper.java:85)
	at org.testng.internal.Invoker.invokeMethod(Invoker.java:639)
	at org.testng.internal.Invoker.invokeTestMethod(Invoker.java:816)
	at org.testng.internal.Invoker.invokeTestMethods(Invoker.java:1124)
	at org.testng.internal.TestMethodWorker.invokeTestMethods(TestMethodWorker.java:125)
	at org.testng.internal.TestMethodWorker.run(TestMethodWorker.java:108)
	at org.testng.TestRunner.privateRun(TestRunner.java:774)
	at org.testng.TestRunner.run(TestRunner.java:624)
	at org.testng.SuiteRunner.runTest(SuiteRunner.java:359)
	at org.testng.SuiteRunner.runSequentially(SuiteRunner.java:354)
	at org.testng.SuiteRunner.privateRun(SuiteRunner.java:312)
	at org.testng.SuiteRunner.run(SuiteRunner.java:261)
	at org.testng.SuiteRunnerWorker.runSuite(SuiteRunnerWorker.java:52)
	at org.testng.SuiteRunnerWorker.run(SuiteRunnerWorker.java:86)
	at org.testng.TestNG.runSuitesSequentially(TestNG.java:1215)
	at org.testng.TestNG.runSuitesLocally(TestNG.java:1140)
	at org.testng.TestNG.run(TestNG.java:1048)
	at org.testng.TestNG.privateMain(TestNG.java:1355)
	at org.testng.TestNG.main(TestNG.java:1324)
]]>
            </full-stacktrace>
          </exception> <!-- java.lang.AssertionError -->
          <reporter-output>
          </reporter-output>
        </test-method> <!-- ValidateDB -->
        <test-method status="FAIL" signature="ContactSeller()[pri:5, instance:com.makaan.Test.ConnectNowTest@f4168b8]" name="ContactSeller" duration-ms="62350" started-at="2016-08-12T16:28:36Z" finished-at="2016-08-12T16:29:38Z">
          <exception class="org.openqa.selenium.TimeoutException">
            <message>
              <![CDATA[Expected condition failed: waiting for visibility of element located by By.xpath: .//div[@data-module='topSellerPyr'] (tried for 60 second(s) with 500 MILLISECONDS interval)
Build info: version: '3.0.0-beta2', revision: '2aa21c1', time: '2016-08-02 15:03:28 -0700'
System info: host: 'AT-LP-1036', ip: '127.0.1.1', os.name: 'Linux', os.arch: 'amd64', os.version: '3.19.0-25-generic', java.version: '1.8.0_91'
Driver info: org.openqa.selenium.chrome.ChromeDriver
Capabilities [{applicationCacheEnabled=false, rotatable=false, chrome={userDataDir=/tmp/.com.google.Chrome.sivT4F}, takesHeapSnapshot=true, databaseEnabled=false, handlesAlerts=true, version=47.0.2526.111, platform=LINUX, browserConnectionEnabled=false, nativeEvents=true, acceptSslCerts=true, locationContextEnabled=true, webStorageEnabled=true, browserName=chrome, takesScreenshot=true, javascriptEnabled=true, cssSelectorsEnabled=true}]
Session ID: 42b2a5df46f1c5a078be3c4161813443]]>
            </message>
            <full-stacktrace>
              <![CDATA[org.openqa.selenium.TimeoutException: Expected condition failed: waiting for visibility of element located by By.xpath: .//div[@data-module='topSellerPyr'] (tried for 60 second(s) with 500 MILLISECONDS interval)
Build info: version: '3.0.0-beta2', revision: '2aa21c1', time: '2016-08-02 15:03:28 -0700'
System info: host: 'AT-LP-1036', ip: '127.0.1.1', os.name: 'Linux', os.arch: 'amd64', os.version: '3.19.0-25-generic', java.version: '1.8.0_91'
Driver info: org.openqa.selenium.chrome.ChromeDriver
Capabilities [{applicationCacheEnabled=false, rotatable=false, chrome={userDataDir=/tmp/.com.google.Chrome.sivT4F}, takesHeapSnapshot=true, databaseEnabled=false, handlesAlerts=true, version=47.0.2526.111, platform=LINUX, browserConnectionEnabled=false, nativeEvents=true, acceptSslCerts=true, locationContextEnabled=true, webStorageEnabled=true, browserName=chrome, takesScreenshot=true, javascriptEnabled=true, cssSelectorsEnabled=true}]
Session ID: 42b2a5df46f1c5a078be3c4161813443
	at org.openqa.selenium.support.ui.WebDriverWait.timeoutException(WebDriverWait.java:80)
	at org.openqa.selenium.support.ui.FluentWait.until(FluentWait.java:260)
	at com.makaan.Webhelper.Webhelper.WaitUntillVisiblility(Webhelper.java:74)
	at com.makaan.Middleware.ConnectNowMiddleware.ContactSellers(ConnectNowMiddleware.java:372)
	at com.makaan.Test.ConnectNowTest.ContactSeller(ConnectNowTest.java:128)
	at sun.reflect.NativeMethodAccessorImpl.invoke0(Native Method)
	at sun.reflect.NativeMethodAccessorImpl.invoke(NativeMethodAccessorImpl.java:62)
	at sun.reflect.DelegatingMethodAccessorImpl.invoke(DelegatingMethodAccessorImpl.java:43)
	at java.lang.reflect.Method.invoke(Method.java:498)
	at org.testng.internal.MethodInvocationHelper.invokeMethod(MethodInvocationHelper.java:85)
	at org.testng.internal.Invoker.invokeMethod(Invoker.java:639)
	at org.testng.internal.Invoker.invokeTestMethod(Invoker.java:816)
	at org.testng.internal.Invoker.invokeTestMethods(Invoker.java:1124)
	at org.testng.internal.TestMethodWorker.invokeTestMethods(TestMethodWorker.java:125)
	at org.testng.internal.TestMethodWorker.run(TestMethodWorker.java:108)
	at org.testng.TestRunner.privateRun(TestRunner.java:774)
	at org.testng.TestRunner.run(TestRunner.java:624)
	at org.testng.SuiteRunner.runTest(SuiteRunner.java:359)
	at org.testng.SuiteRunner.runSequentially(SuiteRunner.java:354)
	at org.testng.SuiteRunner.privateRun(SuiteRunner.java:312)
	at org.testng.SuiteRunner.run(SuiteRunner.java:261)
	at org.testng.SuiteRunnerWorker.runSuite(SuiteRunnerWorker.java:52)
	at org.testng.SuiteRunnerWorker.run(SuiteRunnerWorker.java:86)
	at org.testng.TestNG.runSuitesSequentially(TestNG.java:1215)
	at org.testng.TestNG.runSuitesLocally(TestNG.java:1140)
	at org.testng.TestNG.run(TestNG.java:1048)
	at org.testng.TestNG.privateMain(TestNG.java:1355)
	at org.testng.TestNG.main(TestNG.java:1324)
]]>
            </full-stacktrace>
          </exception> <!-- org.openqa.selenium.TimeoutException -->
          <reporter-output>
          </reporter-output>
        </test-method> <!-- ContactSeller -->
        <test-method status="PASS" signature="Close()[pri:0, instance:com.makaan.Test.ConnectNowTest@f4168b8]" name="Close" is-config="true" duration-ms="172" started-at="2016-08-12T16:29:38Z" finished-at="2016-08-12T16:29:38Z">
          <reporter-output>
          </reporter-output>
        </test-method> <!-- Close -->
      </class> <!-- com.makaan.Test.ConnectNowTest -->
    </test> <!-- Test -->
  </suite> <!-- Suite -->
</testng-results>
