<?xml version="1.0" encoding="UTF-8"?>
<!-- Generated by org.testng.reporters.JUnitXMLReporter -->
<testsuite hostname="59.161.75.73.del-cdma.dialup.vsnl.net.in" name="Test" tests="87" failures="0" timestamp="21 Sep 2016 20:20:59 GMT" time="0.315" errors="0">
  <testcase name="@BeforeClass InitiateDriver" time="0.0" classname="com.makaan.Test.LoginTest">
    <failure type="java.lang.IllegalStateException" message="The driver executable does not exist: /lib/geckodriver">
      <![CDATA[java.lang.IllegalStateException: The driver executable does not exist: /lib/geckodriver
	at com.google.common.base.Preconditions.checkState(Preconditions.java:199)
	at org.openqa.selenium.remote.service.DriverService.checkExecutable(DriverService.java:121)
	at org.openqa.selenium.remote.service.DriverService.findExecutable(DriverService.java:116)
	at org.openqa.selenium.firefox.GeckoDriverService.access$100(GeckoDriverService.java:38)
	at org.openqa.selenium.firefox.GeckoDriverService$Builder.findDefaultExecutable(GeckoDriverService.java:91)
	at org.openqa.selenium.remote.service.DriverService$Builder.build(DriverService.java:296)
	at org.openqa.selenium.firefox.FirefoxDriver.createCommandExecutor(FirefoxDriver.java:244)
	at org.openqa.selenium.firefox.FirefoxDriver.<init>(FirefoxDriver.java:219)
	at org.openqa.selenium.firefox.FirefoxDriver.<init>(FirefoxDriver.java:214)
	at org.openqa.selenium.firefox.FirefoxDriver.<init>(FirefoxDriver.java:210)
	at org.openqa.selenium.firefox.FirefoxDriver.<init>(FirefoxDriver.java:123)
	at com.makaan.Webhelper.Webhelper.InitiateDriver(Webhelper.java:48)
	at com.makaan.Middleware.LoginMiddleware.OpenURL(LoginMiddleware.java:40)
	at com.makaan.Test.LoginTest.InitiateDriver(LoginTest.java:23)
... Removed 24 stack frames]]>
    </failure>
  </testcase> <!-- @BeforeClass InitiateDriver -->
  <testcase name="@AfterClass Close" time="0.0" classname="com.makaan.Test.LoginTest">
    <skipped/>
  </testcase> <!-- @AfterClass Close -->
  <testcase name="@BeforeClass InitiateDriver" time="0.0" classname="com.makaan.Test.HomeTest">
    <failure type="java.lang.IllegalStateException" message="The driver executable does not exist: /lib/geckodriver">
      <![CDATA[java.lang.IllegalStateException: The driver executable does not exist: /lib/geckodriver
	at com.google.common.base.Preconditions.checkState(Preconditions.java:199)
	at org.openqa.selenium.remote.service.DriverService.checkExecutable(DriverService.java:121)
	at org.openqa.selenium.remote.service.DriverService.findExecutable(DriverService.java:116)
	at org.openqa.selenium.firefox.GeckoDriverService.access$100(GeckoDriverService.java:38)
	at org.openqa.selenium.firefox.GeckoDriverService$Builder.findDefaultExecutable(GeckoDriverService.java:91)
	at org.openqa.selenium.remote.service.DriverService$Builder.build(DriverService.java:296)
	at org.openqa.selenium.firefox.FirefoxDriver.createCommandExecutor(FirefoxDriver.java:244)
	at org.openqa.selenium.firefox.FirefoxDriver.<init>(FirefoxDriver.java:219)
	at org.openqa.selenium.firefox.FirefoxDriver.<init>(FirefoxDriver.java:214)
	at org.openqa.selenium.firefox.FirefoxDriver.<init>(FirefoxDriver.java:210)
	at org.openqa.selenium.firefox.FirefoxDriver.<init>(FirefoxDriver.java:123)
	at com.makaan.Webhelper.Webhelper.InitiateDriver(Webhelper.java:48)
	at com.makaan.Middleware.HomeMiddleware.OpenURL(HomeMiddleware.java:42)
	at com.makaan.Test.HomeTest.InitiateDriver(HomeTest.java:24)
... Removed 24 stack frames]]>
    </failure>
  </testcase> <!-- @BeforeClass InitiateDriver -->
  <testcase name="@AfterClass Close" time="0.0" classname="com.makaan.Test.HomeTest">
    <skipped/>
  </testcase> <!-- @AfterClass Close -->
  <testcase name="@BeforeClass InitiateDriver" time="0.0" classname="com.makaan.Test.ConnectNowTest">
    <failure type="java.lang.IllegalStateException" message="The driver executable does not exist: /lib/geckodriver">
      <![CDATA[java.lang.IllegalStateException: The driver executable does not exist: /lib/geckodriver
	at com.google.common.base.Preconditions.checkState(Preconditions.java:199)
	at org.openqa.selenium.remote.service.DriverService.checkExecutable(DriverService.java:121)
	at org.openqa.selenium.remote.service.DriverService.findExecutable(DriverService.java:116)
	at org.openqa.selenium.firefox.GeckoDriverService.access$100(GeckoDriverService.java:38)
	at org.openqa.selenium.firefox.GeckoDriverService$Builder.findDefaultExecutable(GeckoDriverService.java:91)
	at org.openqa.selenium.remote.service.DriverService$Builder.build(DriverService.java:296)
	at org.openqa.selenium.firefox.FirefoxDriver.createCommandExecutor(FirefoxDriver.java:244)
	at org.openqa.selenium.firefox.FirefoxDriver.<init>(FirefoxDriver.java:219)
	at org.openqa.selenium.firefox.FirefoxDriver.<init>(FirefoxDriver.java:214)
	at org.openqa.selenium.firefox.FirefoxDriver.<init>(FirefoxDriver.java:210)
	at org.openqa.selenium.firefox.FirefoxDriver.<init>(FirefoxDriver.java:123)
	at com.makaan.Webhelper.Webhelper.InitiateDriver(Webhelper.java:48)
	at com.makaan.Middleware.ConnectNowMiddleware.OpenURL(ConnectNowMiddleware.java:38)
	at com.makaan.Test.ConnectNowTest.InitiateDriver(ConnectNowTest.java:24)
... Removed 24 stack frames]]>
    </failure>
  </testcase> <!-- @BeforeClass InitiateDriver -->
  <testcase name="@AfterClass Close" time="0.0" classname="com.makaan.Test.ConnectNowTest">
    <skipped/>
  </testcase> <!-- @AfterClass Close -->
  <testcase name="@BeforeClass InitiateDriver" time="0.0" classname="com.makaan.Test.SearchTest">
    <failure type="java.lang.IllegalStateException" message="The driver executable does not exist: /lib/geckodriver">
      <![CDATA[java.lang.IllegalStateException: The driver executable does not exist: /lib/geckodriver
	at com.google.common.base.Preconditions.checkState(Preconditions.java:199)
	at org.openqa.selenium.remote.service.DriverService.checkExecutable(DriverService.java:121)
	at org.openqa.selenium.remote.service.DriverService.findExecutable(DriverService.java:116)
	at org.openqa.selenium.firefox.GeckoDriverService.access$100(GeckoDriverService.java:38)
	at org.openqa.selenium.firefox.GeckoDriverService$Builder.findDefaultExecutable(GeckoDriverService.java:91)
	at org.openqa.selenium.remote.service.DriverService$Builder.build(DriverService.java:296)
	at org.openqa.selenium.firefox.FirefoxDriver.createCommandExecutor(FirefoxDriver.java:244)
	at org.openqa.selenium.firefox.FirefoxDriver.<init>(FirefoxDriver.java:219)
	at org.openqa.selenium.firefox.FirefoxDriver.<init>(FirefoxDriver.java:214)
	at org.openqa.selenium.firefox.FirefoxDriver.<init>(FirefoxDriver.java:210)
	at org.openqa.selenium.firefox.FirefoxDriver.<init>(FirefoxDriver.java:123)
	at com.makaan.Webhelper.Webhelper.InitiateDriver(Webhelper.java:48)
	at com.makaan.Middleware.SearchMiddleware.OpenURL(SearchMiddleware.java:41)
	at com.makaan.Test.SearchTest.InitiateDriver(SearchTest.java:22)
... Removed 24 stack frames]]>
    </failure>
  </testcase> <!-- @BeforeClass InitiateDriver -->
  <testcase name="@AfterClass Close" time="0.0" classname="com.makaan.Test.SearchTest">
    <skipped/>
  </testcase> <!-- @AfterClass Close -->
  <testcase name="@BeforeClass InitiateDriver" time="0.0" classname="com.makaan.Test.SERPTest">
    <failure type="java.lang.IllegalStateException" message="The driver executable does not exist: /lib/geckodriver">
      <![CDATA[java.lang.IllegalStateException: The driver executable does not exist: /lib/geckodriver
	at com.google.common.base.Preconditions.checkState(Preconditions.java:199)
	at org.openqa.selenium.remote.service.DriverService.checkExecutable(DriverService.java:121)
	at org.openqa.selenium.remote.service.DriverService.findExecutable(DriverService.java:116)
	at org.openqa.selenium.firefox.GeckoDriverService.access$100(GeckoDriverService.java:38)
	at org.openqa.selenium.firefox.GeckoDriverService$Builder.findDefaultExecutable(GeckoDriverService.java:91)
	at org.openqa.selenium.remote.service.DriverService$Builder.build(DriverService.java:296)
	at org.openqa.selenium.firefox.FirefoxDriver.createCommandExecutor(FirefoxDriver.java:244)
	at org.openqa.selenium.firefox.FirefoxDriver.<init>(FirefoxDriver.java:219)
	at org.openqa.selenium.firefox.FirefoxDriver.<init>(FirefoxDriver.java:214)
	at org.openqa.selenium.firefox.FirefoxDriver.<init>(FirefoxDriver.java:210)
	at org.openqa.selenium.firefox.FirefoxDriver.<init>(FirefoxDriver.java:123)
	at com.makaan.Webhelper.Webhelper.InitiateDriver(Webhelper.java:48)
	at com.makaan.Middleware.SERPMiddleware.OpenURL(SERPMiddleware.java:52)
	at com.makaan.Test.SERPTest.InitiateDriver(SERPTest.java:24)
... Removed 24 stack frames]]>
    </failure>
  </testcase> <!-- @BeforeClass InitiateDriver -->
  <testcase name="@AfterClass Close" time="0.0" classname="com.makaan.Test.SERPTest">
    <skipped/>
  </testcase> <!-- @AfterClass Close -->
  <testcase name="@BeforeClass InitiateDriver" time="0.0" classname="com.makaan.Test.PYRTest">
    <failure type="java.lang.IllegalStateException" message="The driver executable does not exist: /lib/geckodriver">
      <![CDATA[java.lang.IllegalStateException: The driver executable does not exist: /lib/geckodriver
	at com.google.common.base.Preconditions.checkState(Preconditions.java:199)
	at org.openqa.selenium.remote.service.DriverService.checkExecutable(DriverService.java:121)
	at org.openqa.selenium.remote.service.DriverService.findExecutable(DriverService.java:116)
	at org.openqa.selenium.firefox.GeckoDriverService.access$100(GeckoDriverService.java:38)
	at org.openqa.selenium.firefox.GeckoDriverService$Builder.findDefaultExecutable(GeckoDriverService.java:91)
	at org.openqa.selenium.remote.service.DriverService$Builder.build(DriverService.java:296)
	at org.openqa.selenium.firefox.FirefoxDriver.createCommandExecutor(FirefoxDriver.java:244)
	at org.openqa.selenium.firefox.FirefoxDriver.<init>(FirefoxDriver.java:219)
	at org.openqa.selenium.firefox.FirefoxDriver.<init>(FirefoxDriver.java:214)
	at org.openqa.selenium.firefox.FirefoxDriver.<init>(FirefoxDriver.java:210)
	at org.openqa.selenium.firefox.FirefoxDriver.<init>(FirefoxDriver.java:123)
	at com.makaan.Webhelper.Webhelper.InitiateDriver(Webhelper.java:48)
	at com.makaan.Middleware.PYRMiddleware.OpenURL(PYRMiddleware.java:38)
	at com.makaan.Test.PYRTest.InitiateDriver(PYRTest.java:24)
... Removed 24 stack frames]]>
    </failure>
  </testcase> <!-- @BeforeClass InitiateDriver -->
  <testcase name="@AfterClass Close" time="0.0" classname="com.makaan.Test.PYRTest">
    <skipped/>
  </testcase> <!-- @AfterClass Close -->
  <testcase name="@BeforeClass InitiateDriver" time="0.0" classname="com.makaan.Test.ProjectTest">
    <failure type="java.lang.IllegalStateException" message="The driver executable does not exist: /lib/geckodriver">
      <![CDATA[java.lang.IllegalStateException: The driver executable does not exist: /lib/geckodriver
	at com.google.common.base.Preconditions.checkState(Preconditions.java:199)
	at org.openqa.selenium.remote.service.DriverService.checkExecutable(DriverService.java:121)
	at org.openqa.selenium.remote.service.DriverService.findExecutable(DriverService.java:116)
	at org.openqa.selenium.firefox.GeckoDriverService.access$100(GeckoDriverService.java:38)
	at org.openqa.selenium.firefox.GeckoDriverService$Builder.findDefaultExecutable(GeckoDriverService.java:91)
	at org.openqa.selenium.remote.service.DriverService$Builder.build(DriverService.java:296)
	at org.openqa.selenium.firefox.FirefoxDriver.createCommandExecutor(FirefoxDriver.java:244)
	at org.openqa.selenium.firefox.FirefoxDriver.<init>(FirefoxDriver.java:219)
	at org.openqa.selenium.firefox.FirefoxDriver.<init>(FirefoxDriver.java:214)
	at org.openqa.selenium.firefox.FirefoxDriver.<init>(FirefoxDriver.java:210)
	at org.openqa.selenium.firefox.FirefoxDriver.<init>(FirefoxDriver.java:123)
	at com.makaan.Webhelper.Webhelper.InitiateDriver(Webhelper.java:48)
	at com.makaan.Middleware.Project_Middleware.OpenURL(Project_Middleware.java:47)
	at com.makaan.Test.ProjectTest.InitiateDriver(ProjectTest.java:26)
... Removed 24 stack frames]]>
    </failure>
  </testcase> <!-- @BeforeClass InitiateDriver -->
  <testcase name="@AfterClass Close" time="0.0" classname="com.makaan.Test.ProjectTest">
    <skipped/>
  </testcase> <!-- @AfterClass Close -->
  <testcase name="@BeforeClass InitiateDriver" time="0.0" classname="com.makaan.Test.PropertyPage_Test">
    <failure type="java.lang.AssertionError" message="not able to Initiate Driver due to exception expected [true] but found [false]">
      <![CDATA[java.lang.AssertionError: not able to Initiate Driver due to exception expected [true] but found [false]
	at com.makaan.Test.PropertyPage_Test.InitiateDriver(PropertyPage_Test.java:30)
... Removed 27 stack frames]]>
    </failure>
  </testcase> <!-- @BeforeClass InitiateDriver -->
  <testcase name="@AfterClass Close" time="0.0" classname="com.makaan.Test.PropertyPage_Test">
    <skipped/>
  </testcase> <!-- @AfterClass Close -->
  <testcase name="ValidateLoginButton" time="0.001" classname="com.makaan.Test.LoginTest">
    <skipped/>
  </testcase> <!-- ValidateLoginButton -->
  <testcase name="ValidateSocialLogin" time="0.001" classname="com.makaan.Test.LoginTest">
    <skipped/>
  </testcase> <!-- ValidateSocialLogin -->
  <testcase name="ValidateForgotPassword" time="0.002" classname="com.makaan.Test.LoginTest">
    <skipped/>
  </testcase> <!-- ValidateForgotPassword -->
  <testcase name="ValidateResetPassword" time="0.002" classname="com.makaan.Test.LoginTest">
    <skipped/>
  </testcase> <!-- ValidateResetPassword -->
  <testcase name="ValidateMakaanLogin" time="0.002" classname="com.makaan.Test.LoginTest">
    <skipped/>
  </testcase> <!-- ValidateMakaanLogin -->
  <testcase name="ValidateMakaanLogout" time="0.001" classname="com.makaan.Test.LoginTest">
    <skipped/>
  </testcase> <!-- ValidateMakaanLogout -->
  <testcase name="Signup" time="0.001" classname="com.makaan.Test.LoginTest">
    <skipped/>
  </testcase> <!-- Signup -->
  <testcase name="CloseChat" time="0.001" classname="com.makaan.Test.HomeTest">
    <skipped/>
  </testcase> <!-- CloseChat -->
  <testcase name="ValidateMainImage" time="0.002" classname="com.makaan.Test.HomeTest">
    <skipped/>
  </testcase> <!-- ValidateMainImage -->
  <testcase name="ValidateDownloadAppButton" time="0.002" classname="com.makaan.Test.HomeTest">
    <skipped/>
  </testcase> <!-- ValidateDownloadAppButton -->
  <testcase name="ValidateSellerLink" time="0.001" classname="com.makaan.Test.HomeTest">
    <skipped/>
  </testcase> <!-- ValidateSellerLink -->
  <testcase name="ValidateBuyerJourney" time="0.001" classname="com.makaan.Test.HomeTest">
    <skipped/>
  </testcase> <!-- ValidateBuyerJourney -->
  <testcase name="BuyerJourneyDrawer" time="0.001" classname="com.makaan.Test.HomeTest">
    <skipped/>
  </testcase> <!-- BuyerJourneyDrawer -->
  <testcase name="CityDrawer" time="0.001" classname="com.makaan.Test.HomeTest">
    <skipped/>
  </testcase> <!-- CityDrawer -->
  <testcase name="BuilderDrawer" time="0.001" classname="com.makaan.Test.HomeTest">
    <skipped/>
  </testcase> <!-- BuilderDrawer -->
  <testcase name="BrokerDrawer" time="0.0" classname="com.makaan.Test.HomeTest">
    <skipped/>
  </testcase> <!-- BrokerDrawer -->
  <testcase name="MakaanIQDrawer" time="0.001" classname="com.makaan.Test.HomeTest">
    <skipped/>
  </testcase> <!-- MakaanIQDrawer -->
  <testcase name="AppDrawer" time="0.001" classname="com.makaan.Test.HomeTest">
    <skipped/>
  </testcase> <!-- AppDrawer -->
  <testcase name="ListProperty" time="0.001" classname="com.makaan.Test.HomeTest">
    <skipped/>
  </testcase> <!-- ListProperty -->
  <testcase name="ValidateSearchPlaceHolder" time="0.003" classname="com.makaan.Test.HomeTest">
    <skipped/>
  </testcase> <!-- ValidateSearchPlaceHolder -->
  <testcase name="ValidateSpotlightProject" time="0.001" classname="com.makaan.Test.HomeTest">
    <skipped/>
  </testcase> <!-- ValidateSpotlightProject -->
  <testcase name="ValidateFindJoy" time="0.001" classname="com.makaan.Test.HomeTest">
    <skipped/>
  </testcase> <!-- ValidateFindJoy -->
  <testcase name="ValidateMchatCard" time="0.0" classname="com.makaan.Test.HomeTest">
    <skipped/>
  </testcase> <!-- ValidateMchatCard -->
  <testcase name="ValidateHighscoring" time="0.0" classname="com.makaan.Test.HomeTest">
    <skipped/>
  </testcase> <!-- ValidateHighscoring -->
  <testcase name="ValidateCashBackCard" time="0.001" classname="com.makaan.Test.HomeTest">
    <skipped/>
  </testcase> <!-- ValidateCashBackCard -->
  <testcase name="ValidateMplusCard" time="0.001" classname="com.makaan.Test.HomeTest">
    <skipped/>
  </testcase> <!-- ValidateMplusCard -->
  <testcase name="VerifyAppSection" time="0.001" classname="com.makaan.Test.HomeTest">
    <skipped/>
  </testcase> <!-- VerifyAppSection -->
  <testcase name="VerifyFooter" time="0.0" classname="com.makaan.Test.HomeTest">
    <skipped/>
  </testcase> <!-- VerifyFooter -->
  <testcase name="ConnectNow" time="0.0" classname="com.makaan.Test.ConnectNowTest">
    <skipped/>
  </testcase> <!-- ConnectNow -->
  <testcase name="ValidateDB" time="0.0" classname="com.makaan.Test.ConnectNowTest">
    <skipped/>
  </testcase> <!-- ValidateDB -->
  <testcase name="ViewNumberInLead" time="0.0" classname="com.makaan.Test.ConnectNowTest">
    <skipped/>
  </testcase> <!-- ViewNumberInLead -->
  <testcase name="ViewNumberonSERP" time="0.0" classname="com.makaan.Test.ConnectNowTest">
    <skipped/>
  </testcase> <!-- ViewNumberonSERP -->
  <testcase name="ContactSeller" time="0.0" classname="com.makaan.Test.ConnectNowTest">
    <skipped/>
  </testcase> <!-- ContactSeller -->
  <testcase name="ValidateSearchBox" time="0.001" classname="com.makaan.Test.SearchTest">
    <skipped/>
  </testcase> <!-- ValidateSearchBox -->
  <testcase name="ValidateBuyLocalities" time="0.003" classname="com.makaan.Test.SearchTest">
    <skipped/>
  </testcase> <!-- ValidateBuyLocalities -->
  <testcase name="ValidateRentLocalities" time="0.0" classname="com.makaan.Test.SearchTest">
    <skipped/>
  </testcase> <!-- ValidateRentLocalities -->
  <testcase name="ValidateBuyProject" time="0.0" classname="com.makaan.Test.SearchTest">
    <skipped/>
  </testcase> <!-- ValidateBuyProject -->
  <testcase name="ValidateRentProject" time="0.0" classname="com.makaan.Test.SearchTest">
    <skipped/>
  </testcase> <!-- ValidateRentProject -->
  <testcase name="ValidateBuilder" time="0.0" classname="com.makaan.Test.SearchTest">
    <skipped/>
  </testcase> <!-- ValidateBuilder -->
  <testcase name="ValidateSuburbBuy" time="0.001" classname="com.makaan.Test.SearchTest">
    <skipped/>
  </testcase> <!-- ValidateSuburbBuy -->
  <testcase name="ValidateSuburbRent" time="0.0" classname="com.makaan.Test.SearchTest">
    <skipped/>
  </testcase> <!-- ValidateSuburbRent -->
  <testcase name="ValidateCardBuy" time="0.001" classname="com.makaan.Test.SERPTest">
    <skipped/>
  </testcase> <!-- ValidateCardBuy -->
  <testcase name="ValidateCardRent" time="0.001" classname="com.makaan.Test.SERPTest">
    <skipped/>
  </testcase> <!-- ValidateCardRent -->
  <testcase name="BuyFilters" time="0.001" classname="com.makaan.Test.SERPTest">
    <skipped/>
  </testcase> <!-- BuyFilters -->
  <testcase name="RentFilters" time="0.001" classname="com.makaan.Test.SERPTest">
    <skipped/>
  </testcase> <!-- RentFilters -->
  <testcase name="ValidatePropertyBuy" time="0.0" classname="com.makaan.Test.SERPTest">
    <skipped/>
  </testcase> <!-- ValidatePropertyBuy -->
  <testcase name="ValidatePropertyRent" time="0.0" classname="com.makaan.Test.SERPTest">
    <skipped/>
  </testcase> <!-- ValidatePropertyRent -->
  <testcase name="ValidateReadMoreBuy" time="0.001" classname="com.makaan.Test.SERPTest">
    <skipped/>
  </testcase> <!-- ValidateReadMoreBuy -->
  <testcase name="ValidateReadMorerent" time="0.0" classname="com.makaan.Test.SERPTest">
    <skipped/>
  </testcase> <!-- ValidateReadMorerent -->
  <testcase name="ValidateSellerBuy" time="0.0" classname="com.makaan.Test.SERPTest">
    <skipped/>
  </testcase> <!-- ValidateSellerBuy -->
  <testcase name="ValidateSellerRent" time="0.001" classname="com.makaan.Test.SERPTest">
    <skipped/>
  </testcase> <!-- ValidateSellerRent -->
  <testcase name="ValidateLocalityBuy" time="0.0" classname="com.makaan.Test.SERPTest">
    <skipped/>
  </testcase> <!-- ValidateLocalityBuy -->
  <testcase name="ValidateLocalityRent" time="0.0" classname="com.makaan.Test.SERPTest">
    <skipped/>
  </testcase> <!-- ValidateLocalityRent -->
  <testcase name="ValidateProjectBuy" time="0.001" classname="com.makaan.Test.SERPTest">
    <skipped/>
  </testcase> <!-- ValidateProjectBuy -->
  <testcase name="ValidateShortlistBuy" time="0.0" classname="com.makaan.Test.SERPTest">
    <skipped/>
  </testcase> <!-- ValidateShortlistBuy -->
  <testcase name="ValidateShortlistrent" time="0.0" classname="com.makaan.Test.SERPTest">
    <skipped/>
  </testcase> <!-- ValidateShortlistrent -->
  <testcase name="Validatepagination" time="0.0" classname="com.makaan.Test.SERPTest">
    <skipped/>
  </testcase> <!-- Validatepagination -->
  <testcase name="ValidateSidecards" time="0.0" classname="com.makaan.Test.SERPTest">
    <skipped/>
  </testcase> <!-- ValidateSidecards -->
  <testcase name="ValidateMapListToggle" time="0.001" classname="com.makaan.Test.SERPTest">
    <skipped/>
  </testcase> <!-- ValidateMapListToggle -->
  <testcase name="ValidateViewMoreRent" time="0.001" classname="com.makaan.Test.SERPTest">
    <skipped/>
  </testcase> <!-- ValidateViewMoreRent -->
  <testcase name="ValidateSponsoredLink" time="0.0" classname="com.makaan.Test.SERPTest">
    <skipped/>
  </testcase> <!-- ValidateSponsoredLink -->
  <testcase name="ValidateSortingFilter" time="0.0" classname="com.makaan.Test.SERPTest">
    <skipped/>
  </testcase> <!-- ValidateSortingFilter -->
  <testcase name="ValidateViewNumberForListedType" time="0.001" classname="com.makaan.Test.SERPTest">
    <skipped/>
  </testcase> <!-- ValidateViewNumberForListedType -->
  <testcase name="ValidateSetAlert" time="0.0" classname="com.makaan.Test.SERPTest">
    <skipped/>
  </testcase> <!-- ValidateSetAlert -->
  <testcase name="ValidatePYRBuy" time="0.0" classname="com.makaan.Test.PYRTest">
    <skipped/>
  </testcase> <!-- ValidatePYRBuy -->
  <testcase name="ValidatePYRRent" time="0.0" classname="com.makaan.Test.PYRTest">
    <skipped/>
  </testcase> <!-- ValidatePYRRent -->
  <testcase name="VerifyLead" time="0.0" classname="com.makaan.Test.ProjectTest">
    <skipped/>
  </testcase> <!-- VerifyLead -->
  <testcase name="VerifyProjectImage" time="0.0" classname="com.makaan.Test.ProjectTest">
    <skipped/>
  </testcase> <!-- VerifyProjectImage -->
  <testcase name="VerifyHeader" time="0.001" classname="com.makaan.Test.ProjectTest">
    <skipped/>
  </testcase> <!-- VerifyHeader -->
  <testcase name="VerifyNavigationBar" time="0.001" classname="com.makaan.Test.ProjectTest">
    <skipped/>
  </testcase> <!-- VerifyNavigationBar -->
  <testcase name="VerifyOverview" time="0.0" classname="com.makaan.Test.ProjectTest">
    <skipped/>
  </testcase> <!-- VerifyOverview -->
  <testcase name="VerifySimilarProjects" time="0.0" classname="com.makaan.Test.ProjectTest">
    <skipped/>
  </testcase> <!-- VerifySimilarProjects -->
  <testcase name="VerifyAboutBuilder" time="0.0" classname="com.makaan.Test.ProjectTest">
    <skipped/>
  </testcase> <!-- VerifyAboutBuilder -->
  <testcase name="VerifyAboutLocality" time="0.0" classname="com.makaan.Test.ProjectTest">
    <skipped/>
  </testcase> <!-- VerifyAboutLocality -->
  <testcase name="VerifyBreadCrumb" time="0.0" classname="com.makaan.Test.ProjectTest">
    <skipped/>
  </testcase> <!-- VerifyBreadCrumb -->
  <testcase name="ValidatepropertyImage" time="0.0" classname="com.makaan.Test.PropertyPage_Test">
    <skipped/>
  </testcase> <!-- ValidatepropertyImage -->
  <testcase name="ValidateInfo" time="0.0" classname="com.makaan.Test.PropertyPage_Test">
    <skipped/>
  </testcase> <!-- ValidateInfo -->
  <testcase name="ValidateBar" time="0.0" classname="com.makaan.Test.PropertyPage_Test">
    <skipped/>
  </testcase> <!-- ValidateBar -->
  <testcase name="ValidateLead" time="0.0" classname="com.makaan.Test.PropertyPage_Test">
    <skipped/>
  </testcase> <!-- ValidateLead -->
  <testcase name="VerifyOverview" time="0.0" classname="com.makaan.Test.PropertyPage_Test">
    <skipped/>
  </testcase> <!-- VerifyOverview -->
  <testcase name="VerifyAmenityCard" time="0.0" classname="com.makaan.Test.PropertyPage_Test">
    <skipped/>
  </testcase> <!-- VerifyAmenityCard -->
  <testcase name="VerifyFloorPlan" time="0.0" classname="com.makaan.Test.PropertyPage_Test">
    <skipped/>
  </testcase> <!-- VerifyFloorPlan -->
  <testcase name="VerifySimilar" time="0.0" classname="com.makaan.Test.PropertyPage_Test">
    <skipped/>
  </testcase> <!-- VerifySimilar -->
  <testcase name="VerifyBuillder" time="0.001" classname="com.makaan.Test.PropertyPage_Test">
    <skipped/>
  </testcase> <!-- VerifyBuillder -->
  <testcase name="VerifyLocality" time="0.0" classname="com.makaan.Test.PropertyPage_Test">
    <skipped/>
  </testcase> <!-- VerifyLocality -->
  <testcase name="VerifyContactSeller" time="0.001" classname="com.makaan.Test.PropertyPage_Test">
    <skipped/>
  </testcase> <!-- VerifyContactSeller -->
  <testcase name="VerifyBreadCrumb" time="0.001" classname="com.makaan.Test.PropertyPage_Test">
    <skipped/>
  </testcase> <!-- VerifyBreadCrumb -->
</testsuite> <!-- Test -->
