<html>
<head>
<title>TestNG:  Test</title>
<link href="../testng.css" rel="stylesheet" type="text/css" />
<link href="../my-testng.css" rel="stylesheet" type="text/css" />

<style type="text/css">
.log { display: none;} 
.stack-trace { display: none;} 
</style>
<script type="text/javascript">
<!--
function flip(e) {
  current = e.style.display;
  if (current == 'block') {
    e.style.display = 'none';
    return 0;
  }
  else {
    e.style.display = 'block';
    return 1;
  }
}

function toggleBox(szDivId, elem, msg1, msg2)
{
  var res = -1;  if (document.getElementById) {
    res = flip(document.getElementById(szDivId));
  }
  else if (document.all) {
    // this is the way old msie versions work
    res = flip(document.all[szDivId]);
  }
  if(elem) {
    if(res == 0) elem.innerHTML = msg1; else elem.innerHTML = msg2;
  }

}

function toggleAllBoxes() {
  if (document.getElementsByTagName) {
    d = document.getElementsByTagName('div');
    for (i = 0; i < d.length; i++) {
      if (d[i].className == 'log') {
        flip(d[i]);
      }
    }
  }
}

// -->
</script>

</head>
<body>
<h2 align='center'>Test</h2><table border='1' align="center">
<tr>
<td>Tests passed/Failed/Skipped:</td><td>0/0/87</td>
</tr><tr>
<td>Started on:</td><td>Thu Sep 22 01:50:58 IST 2016</td>
</tr>
<tr><td>Total time:</td><td>0 seconds (315 ms)</td>
</tr><tr>
<td>Included groups:</td><td></td>
</tr><tr>
<td>Excluded groups:</td><td></td>
</tr>
</table><p/>
<small><i>(Hover the method name to see the test class name)</i></small><p/>
<table width='100%' border='1' class='invocation-failed'>
<tr><td colspan='4' align='center'><b>FAILED CONFIGURATIONS</b></td></tr>
<tr><td><b>Test method</b></td>
<td width="30%"><b>Exception</b></td>
<td width="10%"><b>Time (seconds)</b></td>
<td><b>Instance</b></td>
</tr>
<tr>
<td title='com.makaan.Test.LoginTest.InitiateDriver()'><b>InitiateDriver</b><br>Test class: com.makaan.Test.LoginTest</td>
<td><div><pre>java.lang.IllegalStateException: The driver executable does not exist: /lib/geckodriver
	at com.google.common.base.Preconditions.checkState(Preconditions.java:199)
	at org.openqa.selenium.remote.service.DriverService.checkExecutable(DriverService.java:121)
	at org.openqa.selenium.remote.service.DriverService.findExecutable(DriverService.java:116)
	at org.openqa.selenium.firefox.GeckoDriverService.access$100(GeckoDriverService.java:38)
	at org.openqa.selenium.firefox.GeckoDriverService$Builder.findDefaultExecutable(GeckoDriverService.java:91)
	at org.openqa.selenium.remote.service.DriverService$Builder.build(DriverService.java:296)
	at org.openqa.selenium.firefox.FirefoxDriver.createCommandExecutor(FirefoxDriver.java:244)
	at org.openqa.selenium.firefox.FirefoxDriver.&lt;init&gt;(FirefoxDriver.java:219)
	at org.openqa.selenium.firefox.FirefoxDriver.&lt;init&gt;(FirefoxDriver.java:214)
	at org.openqa.selenium.firefox.FirefoxDriver.&lt;init&gt;(FirefoxDriver.java:210)
	at org.openqa.selenium.firefox.FirefoxDriver.&lt;init&gt;(FirefoxDriver.java:123)
	at com.makaan.Webhelper.Webhelper.InitiateDriver(Webhelper.java:48)
	at com.makaan.Middleware.LoginMiddleware.OpenURL(LoginMiddleware.java:40)
	at com.makaan.Test.LoginTest.InitiateDriver(LoginTest.java:23)
... Removed 24 stack frames</pre></div><a href='#' onClick='toggleBox("stack-trace1861781750", this, "Click to show all stack frames", "Click to hide stack frames")'>Click to show all stack frames</a>
<div class='stack-trace' id='stack-trace1861781750'><pre>java.lang.IllegalStateException: The driver executable does not exist: /lib/geckodriver
	at com.google.common.base.Preconditions.checkState(Preconditions.java:199)
	at org.openqa.selenium.remote.service.DriverService.checkExecutable(DriverService.java:121)
	at org.openqa.selenium.remote.service.DriverService.findExecutable(DriverService.java:116)
	at org.openqa.selenium.firefox.GeckoDriverService.access$100(GeckoDriverService.java:38)
	at org.openqa.selenium.firefox.GeckoDriverService$Builder.findDefaultExecutable(GeckoDriverService.java:91)
	at org.openqa.selenium.remote.service.DriverService$Builder.build(DriverService.java:296)
	at org.openqa.selenium.firefox.FirefoxDriver.createCommandExecutor(FirefoxDriver.java:244)
	at org.openqa.selenium.firefox.FirefoxDriver.&lt;init&gt;(FirefoxDriver.java:219)
	at org.openqa.selenium.firefox.FirefoxDriver.&lt;init&gt;(FirefoxDriver.java:214)
	at org.openqa.selenium.firefox.FirefoxDriver.&lt;init&gt;(FirefoxDriver.java:210)
	at org.openqa.selenium.firefox.FirefoxDriver.&lt;init&gt;(FirefoxDriver.java:123)
	at com.makaan.Webhelper.Webhelper.InitiateDriver(Webhelper.java:48)
	at com.makaan.Middleware.LoginMiddleware.OpenURL(LoginMiddleware.java:40)
	at com.makaan.Test.LoginTest.InitiateDriver(LoginTest.java:23)
	at sun.reflect.NativeMethodAccessorImpl.invoke0(Native Method)
	at sun.reflect.NativeMethodAccessorImpl.invoke(NativeMethodAccessorImpl.java:62)
	at sun.reflect.DelegatingMethodAccessorImpl.invoke(DelegatingMethodAccessorImpl.java:43)
	at java.lang.reflect.Method.invoke(Method.java:497)
	at org.testng.internal.MethodInvocationHelper.invokeMethod(MethodInvocationHelper.java:84)
	at org.testng.internal.Invoker.invokeConfigurationMethod(Invoker.java:564)
	at org.testng.internal.Invoker.invokeConfigurations(Invoker.java:213)
	at org.testng.internal.Invoker.invokeConfigurations(Invoker.java:138)
	at org.testng.internal.TestMethodWorker.invokeBeforeClassMethods(TestMethodWorker.java:175)
	at org.testng.internal.TestMethodWorker.run(TestMethodWorker.java:107)
	at org.testng.TestRunner.privateRun(TestRunner.java:767)
	at org.testng.TestRunner.run(TestRunner.java:617)
	at org.testng.SuiteRunner.runTest(SuiteRunner.java:334)
	at org.testng.SuiteRunner.runSequentially(SuiteRunner.java:329)
	at org.testng.SuiteRunner.privateRun(SuiteRunner.java:291)
	at org.testng.SuiteRunner.run(SuiteRunner.java:240)
	at org.testng.SuiteRunnerWorker.runSuite(SuiteRunnerWorker.java:52)
	at org.testng.SuiteRunnerWorker.run(SuiteRunnerWorker.java:86)
	at org.testng.TestNG.runSuitesSequentially(TestNG.java:1224)
	at org.testng.TestNG.runSuitesLocally(TestNG.java:1149)
	at org.testng.TestNG.run(TestNG.java:1057)
	at org.testng.remote.RemoteTestNG.run(RemoteTestNG.java:111)
	at org.testng.remote.RemoteTestNG.initAndRun(RemoteTestNG.java:204)
	at org.testng.remote.RemoteTestNG.main(RemoteTestNG.java:175)
</pre></div></td>
<td>0</td>
<td>com.makaan.Test.LoginTest@77a57272</td></tr>
<tr>
<td title='com.makaan.Test.HomeTest.InitiateDriver()'><b>InitiateDriver</b><br>Test class: com.makaan.Test.HomeTest</td>
<td><div><pre>java.lang.IllegalStateException: The driver executable does not exist: /lib/geckodriver
	at com.google.common.base.Preconditions.checkState(Preconditions.java:199)
	at org.openqa.selenium.remote.service.DriverService.checkExecutable(DriverService.java:121)
	at org.openqa.selenium.remote.service.DriverService.findExecutable(DriverService.java:116)
	at org.openqa.selenium.firefox.GeckoDriverService.access$100(GeckoDriverService.java:38)
	at org.openqa.selenium.firefox.GeckoDriverService$Builder.findDefaultExecutable(GeckoDriverService.java:91)
	at org.openqa.selenium.remote.service.DriverService$Builder.build(DriverService.java:296)
	at org.openqa.selenium.firefox.FirefoxDriver.createCommandExecutor(FirefoxDriver.java:244)
	at org.openqa.selenium.firefox.FirefoxDriver.&lt;init&gt;(FirefoxDriver.java:219)
	at org.openqa.selenium.firefox.FirefoxDriver.&lt;init&gt;(FirefoxDriver.java:214)
	at org.openqa.selenium.firefox.FirefoxDriver.&lt;init&gt;(FirefoxDriver.java:210)
	at org.openqa.selenium.firefox.FirefoxDriver.&lt;init&gt;(FirefoxDriver.java:123)
	at com.makaan.Webhelper.Webhelper.InitiateDriver(Webhelper.java:48)
	at com.makaan.Middleware.HomeMiddleware.OpenURL(HomeMiddleware.java:42)
	at com.makaan.Test.HomeTest.InitiateDriver(HomeTest.java:24)
... Removed 24 stack frames</pre></div><a href='#' onClick='toggleBox("stack-trace1354003114", this, "Click to show all stack frames", "Click to hide stack frames")'>Click to show all stack frames</a>
<div class='stack-trace' id='stack-trace1354003114'><pre>java.lang.IllegalStateException: The driver executable does not exist: /lib/geckodriver
	at com.google.common.base.Preconditions.checkState(Preconditions.java:199)
	at org.openqa.selenium.remote.service.DriverService.checkExecutable(DriverService.java:121)
	at org.openqa.selenium.remote.service.DriverService.findExecutable(DriverService.java:116)
	at org.openqa.selenium.firefox.GeckoDriverService.access$100(GeckoDriverService.java:38)
	at org.openqa.selenium.firefox.GeckoDriverService$Builder.findDefaultExecutable(GeckoDriverService.java:91)
	at org.openqa.selenium.remote.service.DriverService$Builder.build(DriverService.java:296)
	at org.openqa.selenium.firefox.FirefoxDriver.createCommandExecutor(FirefoxDriver.java:244)
	at org.openqa.selenium.firefox.FirefoxDriver.&lt;init&gt;(FirefoxDriver.java:219)
	at org.openqa.selenium.firefox.FirefoxDriver.&lt;init&gt;(FirefoxDriver.java:214)
	at org.openqa.selenium.firefox.FirefoxDriver.&lt;init&gt;(FirefoxDriver.java:210)
	at org.openqa.selenium.firefox.FirefoxDriver.&lt;init&gt;(FirefoxDriver.java:123)
	at com.makaan.Webhelper.Webhelper.InitiateDriver(Webhelper.java:48)
	at com.makaan.Middleware.HomeMiddleware.OpenURL(HomeMiddleware.java:42)
	at com.makaan.Test.HomeTest.InitiateDriver(HomeTest.java:24)
	at sun.reflect.NativeMethodAccessorImpl.invoke0(Native Method)
	at sun.reflect.NativeMethodAccessorImpl.invoke(NativeMethodAccessorImpl.java:62)
	at sun.reflect.DelegatingMethodAccessorImpl.invoke(DelegatingMethodAccessorImpl.java:43)
	at java.lang.reflect.Method.invoke(Method.java:497)
	at org.testng.internal.MethodInvocationHelper.invokeMethod(MethodInvocationHelper.java:84)
	at org.testng.internal.Invoker.invokeConfigurationMethod(Invoker.java:564)
	at org.testng.internal.Invoker.invokeConfigurations(Invoker.java:213)
	at org.testng.internal.Invoker.invokeConfigurations(Invoker.java:138)
	at org.testng.internal.TestMethodWorker.invokeBeforeClassMethods(TestMethodWorker.java:175)
	at org.testng.internal.TestMethodWorker.run(TestMethodWorker.java:107)
	at org.testng.TestRunner.privateRun(TestRunner.java:767)
	at org.testng.TestRunner.run(TestRunner.java:617)
	at org.testng.SuiteRunner.runTest(SuiteRunner.java:334)
	at org.testng.SuiteRunner.runSequentially(SuiteRunner.java:329)
	at org.testng.SuiteRunner.privateRun(SuiteRunner.java:291)
	at org.testng.SuiteRunner.run(SuiteRunner.java:240)
	at org.testng.SuiteRunnerWorker.runSuite(SuiteRunnerWorker.java:52)
	at org.testng.SuiteRunnerWorker.run(SuiteRunnerWorker.java:86)
	at org.testng.TestNG.runSuitesSequentially(TestNG.java:1224)
	at org.testng.TestNG.runSuitesLocally(TestNG.java:1149)
	at org.testng.TestNG.run(TestNG.java:1057)
	at org.testng.remote.RemoteTestNG.run(RemoteTestNG.java:111)
	at org.testng.remote.RemoteTestNG.initAndRun(RemoteTestNG.java:204)
	at org.testng.remote.RemoteTestNG.main(RemoteTestNG.java:175)
</pre></div></td>
<td>0</td>
<td>com.makaan.Test.HomeTest@1efee8e7</td></tr>
<tr>
<td title='com.makaan.Test.ConnectNowTest.InitiateDriver()'><b>InitiateDriver</b><br>Test class: com.makaan.Test.ConnectNowTest</td>
<td><div><pre>java.lang.IllegalStateException: The driver executable does not exist: /lib/geckodriver
	at com.google.common.base.Preconditions.checkState(Preconditions.java:199)
	at org.openqa.selenium.remote.service.DriverService.checkExecutable(DriverService.java:121)
	at org.openqa.selenium.remote.service.DriverService.findExecutable(DriverService.java:116)
	at org.openqa.selenium.firefox.GeckoDriverService.access$100(GeckoDriverService.java:38)
	at org.openqa.selenium.firefox.GeckoDriverService$Builder.findDefaultExecutable(GeckoDriverService.java:91)
	at org.openqa.selenium.remote.service.DriverService$Builder.build(DriverService.java:296)
	at org.openqa.selenium.firefox.FirefoxDriver.createCommandExecutor(FirefoxDriver.java:244)
	at org.openqa.selenium.firefox.FirefoxDriver.&lt;init&gt;(FirefoxDriver.java:219)
	at org.openqa.selenium.firefox.FirefoxDriver.&lt;init&gt;(FirefoxDriver.java:214)
	at org.openqa.selenium.firefox.FirefoxDriver.&lt;init&gt;(FirefoxDriver.java:210)
	at org.openqa.selenium.firefox.FirefoxDriver.&lt;init&gt;(FirefoxDriver.java:123)
	at com.makaan.Webhelper.Webhelper.InitiateDriver(Webhelper.java:48)
	at com.makaan.Middleware.ConnectNowMiddleware.OpenURL(ConnectNowMiddleware.java:38)
	at com.makaan.Test.ConnectNowTest.InitiateDriver(ConnectNowTest.java:24)
... Removed 24 stack frames</pre></div><a href='#' onClick='toggleBox("stack-trace1546908073", this, "Click to show all stack frames", "Click to hide stack frames")'>Click to show all stack frames</a>
<div class='stack-trace' id='stack-trace1546908073'><pre>java.lang.IllegalStateException: The driver executable does not exist: /lib/geckodriver
	at com.google.common.base.Preconditions.checkState(Preconditions.java:199)
	at org.openqa.selenium.remote.service.DriverService.checkExecutable(DriverService.java:121)
	at org.openqa.selenium.remote.service.DriverService.findExecutable(DriverService.java:116)
	at org.openqa.selenium.firefox.GeckoDriverService.access$100(GeckoDriverService.java:38)
	at org.openqa.selenium.firefox.GeckoDriverService$Builder.findDefaultExecutable(GeckoDriverService.java:91)
	at org.openqa.selenium.remote.service.DriverService$Builder.build(DriverService.java:296)
	at org.openqa.selenium.firefox.FirefoxDriver.createCommandExecutor(FirefoxDriver.java:244)
	at org.openqa.selenium.firefox.FirefoxDriver.&lt;init&gt;(FirefoxDriver.java:219)
	at org.openqa.selenium.firefox.FirefoxDriver.&lt;init&gt;(FirefoxDriver.java:214)
	at org.openqa.selenium.firefox.FirefoxDriver.&lt;init&gt;(FirefoxDriver.java:210)
	at org.openqa.selenium.firefox.FirefoxDriver.&lt;init&gt;(FirefoxDriver.java:123)
	at com.makaan.Webhelper.Webhelper.InitiateDriver(Webhelper.java:48)
	at com.makaan.Middleware.ConnectNowMiddleware.OpenURL(ConnectNowMiddleware.java:38)
	at com.makaan.Test.ConnectNowTest.InitiateDriver(ConnectNowTest.java:24)
	at sun.reflect.NativeMethodAccessorImpl.invoke0(Native Method)
	at sun.reflect.NativeMethodAccessorImpl.invoke(NativeMethodAccessorImpl.java:62)
	at sun.reflect.DelegatingMethodAccessorImpl.invoke(DelegatingMethodAccessorImpl.java:43)
	at java.lang.reflect.Method.invoke(Method.java:497)
	at org.testng.internal.MethodInvocationHelper.invokeMethod(MethodInvocationHelper.java:84)
	at org.testng.internal.Invoker.invokeConfigurationMethod(Invoker.java:564)
	at org.testng.internal.Invoker.invokeConfigurations(Invoker.java:213)
	at org.testng.internal.Invoker.invokeConfigurations(Invoker.java:138)
	at org.testng.internal.TestMethodWorker.invokeBeforeClassMethods(TestMethodWorker.java:175)
	at org.testng.internal.TestMethodWorker.run(TestMethodWorker.java:107)
	at org.testng.TestRunner.privateRun(TestRunner.java:767)
	at org.testng.TestRunner.run(TestRunner.java:617)
	at org.testng.SuiteRunner.runTest(SuiteRunner.java:334)
	at org.testng.SuiteRunner.runSequentially(SuiteRunner.java:329)
	at org.testng.SuiteRunner.privateRun(SuiteRunner.java:291)
	at org.testng.SuiteRunner.run(SuiteRunner.java:240)
	at org.testng.SuiteRunnerWorker.runSuite(SuiteRunnerWorker.java:52)
	at org.testng.SuiteRunnerWorker.run(SuiteRunnerWorker.java:86)
	at org.testng.TestNG.runSuitesSequentially(TestNG.java:1224)
	at org.testng.TestNG.runSuitesLocally(TestNG.java:1149)
	at org.testng.TestNG.run(TestNG.java:1057)
	at org.testng.remote.RemoteTestNG.run(RemoteTestNG.java:111)
	at org.testng.remote.RemoteTestNG.initAndRun(RemoteTestNG.java:204)
	at org.testng.remote.RemoteTestNG.main(RemoteTestNG.java:175)
</pre></div></td>
<td>0</td>
<td>com.makaan.Test.ConnectNowTest@46238e3f</td></tr>
<tr>
<td title='com.makaan.Test.SearchTest.InitiateDriver()'><b>InitiateDriver</b><br>Test class: com.makaan.Test.SearchTest</td>
<td><div><pre>java.lang.IllegalStateException: The driver executable does not exist: /lib/geckodriver
	at com.google.common.base.Preconditions.checkState(Preconditions.java:199)
	at org.openqa.selenium.remote.service.DriverService.checkExecutable(DriverService.java:121)
	at org.openqa.selenium.remote.service.DriverService.findExecutable(DriverService.java:116)
	at org.openqa.selenium.firefox.GeckoDriverService.access$100(GeckoDriverService.java:38)
	at org.openqa.selenium.firefox.GeckoDriverService$Builder.findDefaultExecutable(GeckoDriverService.java:91)
	at org.openqa.selenium.remote.service.DriverService$Builder.build(DriverService.java:296)
	at org.openqa.selenium.firefox.FirefoxDriver.createCommandExecutor(FirefoxDriver.java:244)
	at org.openqa.selenium.firefox.FirefoxDriver.&lt;init&gt;(FirefoxDriver.java:219)
	at org.openqa.selenium.firefox.FirefoxDriver.&lt;init&gt;(FirefoxDriver.java:214)
	at org.openqa.selenium.firefox.FirefoxDriver.&lt;init&gt;(FirefoxDriver.java:210)
	at org.openqa.selenium.firefox.FirefoxDriver.&lt;init&gt;(FirefoxDriver.java:123)
	at com.makaan.Webhelper.Webhelper.InitiateDriver(Webhelper.java:48)
	at com.makaan.Middleware.SearchMiddleware.OpenURL(SearchMiddleware.java:41)
	at com.makaan.Test.SearchTest.InitiateDriver(SearchTest.java:22)
... Removed 24 stack frames</pre></div><a href='#' onClick='toggleBox("stack-trace1661123505", this, "Click to show all stack frames", "Click to hide stack frames")'>Click to show all stack frames</a>
<div class='stack-trace' id='stack-trace1661123505'><pre>java.lang.IllegalStateException: The driver executable does not exist: /lib/geckodriver
	at com.google.common.base.Preconditions.checkState(Preconditions.java:199)
	at org.openqa.selenium.remote.service.DriverService.checkExecutable(DriverService.java:121)
	at org.openqa.selenium.remote.service.DriverService.findExecutable(DriverService.java:116)
	at org.openqa.selenium.firefox.GeckoDriverService.access$100(GeckoDriverService.java:38)
	at org.openqa.selenium.firefox.GeckoDriverService$Builder.findDefaultExecutable(GeckoDriverService.java:91)
	at org.openqa.selenium.remote.service.DriverService$Builder.build(DriverService.java:296)
	at org.openqa.selenium.firefox.FirefoxDriver.createCommandExecutor(FirefoxDriver.java:244)
	at org.openqa.selenium.firefox.FirefoxDriver.&lt;init&gt;(FirefoxDriver.java:219)
	at org.openqa.selenium.firefox.FirefoxDriver.&lt;init&gt;(FirefoxDriver.java:214)
	at org.openqa.selenium.firefox.FirefoxDriver.&lt;init&gt;(FirefoxDriver.java:210)
	at org.openqa.selenium.firefox.FirefoxDriver.&lt;init&gt;(FirefoxDriver.java:123)
	at com.makaan.Webhelper.Webhelper.InitiateDriver(Webhelper.java:48)
	at com.makaan.Middleware.SearchMiddleware.OpenURL(SearchMiddleware.java:41)
	at com.makaan.Test.SearchTest.InitiateDriver(SearchTest.java:22)
	at sun.reflect.NativeMethodAccessorImpl.invoke0(Native Method)
	at sun.reflect.NativeMethodAccessorImpl.invoke(NativeMethodAccessorImpl.java:62)
	at sun.reflect.DelegatingMethodAccessorImpl.invoke(DelegatingMethodAccessorImpl.java:43)
	at java.lang.reflect.Method.invoke(Method.java:497)
	at org.testng.internal.MethodInvocationHelper.invokeMethod(MethodInvocationHelper.java:84)
	at org.testng.internal.Invoker.invokeConfigurationMethod(Invoker.java:564)
	at org.testng.internal.Invoker.invokeConfigurations(Invoker.java:213)
	at org.testng.internal.Invoker.invokeConfigurations(Invoker.java:138)
	at org.testng.internal.TestMethodWorker.invokeBeforeClassMethods(TestMethodWorker.java:175)
	at org.testng.internal.TestMethodWorker.run(TestMethodWorker.java:107)
	at org.testng.TestRunner.privateRun(TestRunner.java:767)
	at org.testng.TestRunner.run(TestRunner.java:617)
	at org.testng.SuiteRunner.runTest(SuiteRunner.java:334)
	at org.testng.SuiteRunner.runSequentially(SuiteRunner.java:329)
	at org.testng.SuiteRunner.privateRun(SuiteRunner.java:291)
	at org.testng.SuiteRunner.run(SuiteRunner.java:240)
	at org.testng.SuiteRunnerWorker.runSuite(SuiteRunnerWorker.java:52)
	at org.testng.SuiteRunnerWorker.run(SuiteRunnerWorker.java:86)
	at org.testng.TestNG.runSuitesSequentially(TestNG.java:1224)
	at org.testng.TestNG.runSuitesLocally(TestNG.java:1149)
	at org.testng.TestNG.run(TestNG.java:1057)
	at org.testng.remote.RemoteTestNG.run(RemoteTestNG.java:111)
	at org.testng.remote.RemoteTestNG.initAndRun(RemoteTestNG.java:204)
	at org.testng.remote.RemoteTestNG.main(RemoteTestNG.java:175)
</pre></div></td>
<td>0</td>
<td>com.makaan.Test.SearchTest@6e2c9341</td></tr>
<tr>
<td title='com.makaan.Test.SERPTest.InitiateDriver()'><b>InitiateDriver</b><br>Test class: com.makaan.Test.SERPTest</td>
<td><div><pre>java.lang.IllegalStateException: The driver executable does not exist: /lib/geckodriver
	at com.google.common.base.Preconditions.checkState(Preconditions.java:199)
	at org.openqa.selenium.remote.service.DriverService.checkExecutable(DriverService.java:121)
	at org.openqa.selenium.remote.service.DriverService.findExecutable(DriverService.java:116)
	at org.openqa.selenium.firefox.GeckoDriverService.access$100(GeckoDriverService.java:38)
	at org.openqa.selenium.firefox.GeckoDriverService$Builder.findDefaultExecutable(GeckoDriverService.java:91)
	at org.openqa.selenium.remote.service.DriverService$Builder.build(DriverService.java:296)
	at org.openqa.selenium.firefox.FirefoxDriver.createCommandExecutor(FirefoxDriver.java:244)
	at org.openqa.selenium.firefox.FirefoxDriver.&lt;init&gt;(FirefoxDriver.java:219)
	at org.openqa.selenium.firefox.FirefoxDriver.&lt;init&gt;(FirefoxDriver.java:214)
	at org.openqa.selenium.firefox.FirefoxDriver.&lt;init&gt;(FirefoxDriver.java:210)
	at org.openqa.selenium.firefox.FirefoxDriver.&lt;init&gt;(FirefoxDriver.java:123)
	at com.makaan.Webhelper.Webhelper.InitiateDriver(Webhelper.java:48)
	at com.makaan.Middleware.SERPMiddleware.OpenURL(SERPMiddleware.java:52)
	at com.makaan.Test.SERPTest.InitiateDriver(SERPTest.java:24)
... Removed 24 stack frames</pre></div><a href='#' onClick='toggleBox("stack-trace690686166", this, "Click to show all stack frames", "Click to hide stack frames")'>Click to show all stack frames</a>
<div class='stack-trace' id='stack-trace690686166'><pre>java.lang.IllegalStateException: The driver executable does not exist: /lib/geckodriver
	at com.google.common.base.Preconditions.checkState(Preconditions.java:199)
	at org.openqa.selenium.remote.service.DriverService.checkExecutable(DriverService.java:121)
	at org.openqa.selenium.remote.service.DriverService.findExecutable(DriverService.java:116)
	at org.openqa.selenium.firefox.GeckoDriverService.access$100(GeckoDriverService.java:38)
	at org.openqa.selenium.firefox.GeckoDriverService$Builder.findDefaultExecutable(GeckoDriverService.java:91)
	at org.openqa.selenium.remote.service.DriverService$Builder.build(DriverService.java:296)
	at org.openqa.selenium.firefox.FirefoxDriver.createCommandExecutor(FirefoxDriver.java:244)
	at org.openqa.selenium.firefox.FirefoxDriver.&lt;init&gt;(FirefoxDriver.java:219)
	at org.openqa.selenium.firefox.FirefoxDriver.&lt;init&gt;(FirefoxDriver.java:214)
	at org.openqa.selenium.firefox.FirefoxDriver.&lt;init&gt;(FirefoxDriver.java:210)
	at org.openqa.selenium.firefox.FirefoxDriver.&lt;init&gt;(FirefoxDriver.java:123)
	at com.makaan.Webhelper.Webhelper.InitiateDriver(Webhelper.java:48)
	at com.makaan.Middleware.SERPMiddleware.OpenURL(SERPMiddleware.java:52)
	at com.makaan.Test.SERPTest.InitiateDriver(SERPTest.java:24)
	at sun.reflect.NativeMethodAccessorImpl.invoke0(Native Method)
	at sun.reflect.NativeMethodAccessorImpl.invoke(NativeMethodAccessorImpl.java:62)
	at sun.reflect.DelegatingMethodAccessorImpl.invoke(DelegatingMethodAccessorImpl.java:43)
	at java.lang.reflect.Method.invoke(Method.java:497)
	at org.testng.internal.MethodInvocationHelper.invokeMethod(MethodInvocationHelper.java:84)
	at org.testng.internal.Invoker.invokeConfigurationMethod(Invoker.java:564)
	at org.testng.internal.Invoker.invokeConfigurations(Invoker.java:213)
	at org.testng.internal.Invoker.invokeConfigurations(Invoker.java:138)
	at org.testng.internal.TestMethodWorker.invokeBeforeClassMethods(TestMethodWorker.java:175)
	at org.testng.internal.TestMethodWorker.run(TestMethodWorker.java:107)
	at org.testng.TestRunner.privateRun(TestRunner.java:767)
	at org.testng.TestRunner.run(TestRunner.java:617)
	at org.testng.SuiteRunner.runTest(SuiteRunner.java:334)
	at org.testng.SuiteRunner.runSequentially(SuiteRunner.java:329)
	at org.testng.SuiteRunner.privateRun(SuiteRunner.java:291)
	at org.testng.SuiteRunner.run(SuiteRunner.java:240)
	at org.testng.SuiteRunnerWorker.runSuite(SuiteRunnerWorker.java:52)
	at org.testng.SuiteRunnerWorker.run(SuiteRunnerWorker.java:86)
	at org.testng.TestNG.runSuitesSequentially(TestNG.java:1224)
	at org.testng.TestNG.runSuitesLocally(TestNG.java:1149)
	at org.testng.TestNG.run(TestNG.java:1057)
	at org.testng.remote.RemoteTestNG.run(RemoteTestNG.java:111)
	at org.testng.remote.RemoteTestNG.initAndRun(RemoteTestNG.java:204)
	at org.testng.remote.RemoteTestNG.main(RemoteTestNG.java:175)
</pre></div></td>
<td>0</td>
<td>com.makaan.Test.SERPTest@33b37288</td></tr>
<tr>
<td title='com.makaan.Test.PYRTest.InitiateDriver()'><b>InitiateDriver</b><br>Test class: com.makaan.Test.PYRTest</td>
<td><div><pre>java.lang.IllegalStateException: The driver executable does not exist: /lib/geckodriver
	at com.google.common.base.Preconditions.checkState(Preconditions.java:199)
	at org.openqa.selenium.remote.service.DriverService.checkExecutable(DriverService.java:121)
	at org.openqa.selenium.remote.service.DriverService.findExecutable(DriverService.java:116)
	at org.openqa.selenium.firefox.GeckoDriverService.access$100(GeckoDriverService.java:38)
	at org.openqa.selenium.firefox.GeckoDriverService$Builder.findDefaultExecutable(GeckoDriverService.java:91)
	at org.openqa.selenium.remote.service.DriverService$Builder.build(DriverService.java:296)
	at org.openqa.selenium.firefox.FirefoxDriver.createCommandExecutor(FirefoxDriver.java:244)
	at org.openqa.selenium.firefox.FirefoxDriver.&lt;init&gt;(FirefoxDriver.java:219)
	at org.openqa.selenium.firefox.FirefoxDriver.&lt;init&gt;(FirefoxDriver.java:214)
	at org.openqa.selenium.firefox.FirefoxDriver.&lt;init&gt;(FirefoxDriver.java:210)
	at org.openqa.selenium.firefox.FirefoxDriver.&lt;init&gt;(FirefoxDriver.java:123)
	at com.makaan.Webhelper.Webhelper.InitiateDriver(Webhelper.java:48)
	at com.makaan.Middleware.PYRMiddleware.OpenURL(PYRMiddleware.java:38)
	at com.makaan.Test.PYRTest.InitiateDriver(PYRTest.java:24)
... Removed 24 stack frames</pre></div><a href='#' onClick='toggleBox("stack-trace1970436060", this, "Click to show all stack frames", "Click to hide stack frames")'>Click to show all stack frames</a>
<div class='stack-trace' id='stack-trace1970436060'><pre>java.lang.IllegalStateException: The driver executable does not exist: /lib/geckodriver
	at com.google.common.base.Preconditions.checkState(Preconditions.java:199)
	at org.openqa.selenium.remote.service.DriverService.checkExecutable(DriverService.java:121)
	at org.openqa.selenium.remote.service.DriverService.findExecutable(DriverService.java:116)
	at org.openqa.selenium.firefox.GeckoDriverService.access$100(GeckoDriverService.java:38)
	at org.openqa.selenium.firefox.GeckoDriverService$Builder.findDefaultExecutable(GeckoDriverService.java:91)
	at org.openqa.selenium.remote.service.DriverService$Builder.build(DriverService.java:296)
	at org.openqa.selenium.firefox.FirefoxDriver.createCommandExecutor(FirefoxDriver.java:244)
	at org.openqa.selenium.firefox.FirefoxDriver.&lt;init&gt;(FirefoxDriver.java:219)
	at org.openqa.selenium.firefox.FirefoxDriver.&lt;init&gt;(FirefoxDriver.java:214)
	at org.openqa.selenium.firefox.FirefoxDriver.&lt;init&gt;(FirefoxDriver.java:210)
	at org.openqa.selenium.firefox.FirefoxDriver.&lt;init&gt;(FirefoxDriver.java:123)
	at com.makaan.Webhelper.Webhelper.InitiateDriver(Webhelper.java:48)
	at com.makaan.Middleware.PYRMiddleware.OpenURL(PYRMiddleware.java:38)
	at com.makaan.Test.PYRTest.InitiateDriver(PYRTest.java:24)
	at sun.reflect.NativeMethodAccessorImpl.invoke0(Native Method)
	at sun.reflect.NativeMethodAccessorImpl.invoke(NativeMethodAccessorImpl.java:62)
	at sun.reflect.DelegatingMethodAccessorImpl.invoke(DelegatingMethodAccessorImpl.java:43)
	at java.lang.reflect.Method.invoke(Method.java:497)
	at org.testng.internal.MethodInvocationHelper.invokeMethod(MethodInvocationHelper.java:84)
	at org.testng.internal.Invoker.invokeConfigurationMethod(Invoker.java:564)
	at org.testng.internal.Invoker.invokeConfigurations(Invoker.java:213)
	at org.testng.internal.Invoker.invokeConfigurations(Invoker.java:138)
	at org.testng.internal.TestMethodWorker.invokeBeforeClassMethods(TestMethodWorker.java:175)
	at org.testng.internal.TestMethodWorker.run(TestMethodWorker.java:107)
	at org.testng.TestRunner.privateRun(TestRunner.java:767)
	at org.testng.TestRunner.run(TestRunner.java:617)
	at org.testng.SuiteRunner.runTest(SuiteRunner.java:334)
	at org.testng.SuiteRunner.runSequentially(SuiteRunner.java:329)
	at org.testng.SuiteRunner.privateRun(SuiteRunner.java:291)
	at org.testng.SuiteRunner.run(SuiteRunner.java:240)
	at org.testng.SuiteRunnerWorker.runSuite(SuiteRunnerWorker.java:52)
	at org.testng.SuiteRunnerWorker.run(SuiteRunnerWorker.java:86)
	at org.testng.TestNG.runSuitesSequentially(TestNG.java:1224)
	at org.testng.TestNG.runSuitesLocally(TestNG.java:1149)
	at org.testng.TestNG.run(TestNG.java:1057)
	at org.testng.remote.RemoteTestNG.run(RemoteTestNG.java:111)
	at org.testng.remote.RemoteTestNG.initAndRun(RemoteTestNG.java:204)
	at org.testng.remote.RemoteTestNG.main(RemoteTestNG.java:175)
</pre></div></td>
<td>0</td>
<td>com.makaan.Test.PYRTest@7181ae3f</td></tr>
<tr>
<td title='com.makaan.Test.ProjectTest.InitiateDriver()'><b>InitiateDriver</b><br>Test class: com.makaan.Test.ProjectTest</td>
<td><div><pre>java.lang.IllegalStateException: The driver executable does not exist: /lib/geckodriver
	at com.google.common.base.Preconditions.checkState(Preconditions.java:199)
	at org.openqa.selenium.remote.service.DriverService.checkExecutable(DriverService.java:121)
	at org.openqa.selenium.remote.service.DriverService.findExecutable(DriverService.java:116)
	at org.openqa.selenium.firefox.GeckoDriverService.access$100(GeckoDriverService.java:38)
	at org.openqa.selenium.firefox.GeckoDriverService$Builder.findDefaultExecutable(GeckoDriverService.java:91)
	at org.openqa.selenium.remote.service.DriverService$Builder.build(DriverService.java:296)
	at org.openqa.selenium.firefox.FirefoxDriver.createCommandExecutor(FirefoxDriver.java:244)
	at org.openqa.selenium.firefox.FirefoxDriver.&lt;init&gt;(FirefoxDriver.java:219)
	at org.openqa.selenium.firefox.FirefoxDriver.&lt;init&gt;(FirefoxDriver.java:214)
	at org.openqa.selenium.firefox.FirefoxDriver.&lt;init&gt;(FirefoxDriver.java:210)
	at org.openqa.selenium.firefox.FirefoxDriver.&lt;init&gt;(FirefoxDriver.java:123)
	at com.makaan.Webhelper.Webhelper.InitiateDriver(Webhelper.java:48)
	at com.makaan.Middleware.Project_Middleware.OpenURL(Project_Middleware.java:47)
	at com.makaan.Test.ProjectTest.InitiateDriver(ProjectTest.java:26)
... Removed 24 stack frames</pre></div><a href='#' onClick='toggleBox("stack-trace293508253", this, "Click to show all stack frames", "Click to hide stack frames")'>Click to show all stack frames</a>
<div class='stack-trace' id='stack-trace293508253'><pre>java.lang.IllegalStateException: The driver executable does not exist: /lib/geckodriver
	at com.google.common.base.Preconditions.checkState(Preconditions.java:199)
	at org.openqa.selenium.remote.service.DriverService.checkExecutable(DriverService.java:121)
	at org.openqa.selenium.remote.service.DriverService.findExecutable(DriverService.java:116)
	at org.openqa.selenium.firefox.GeckoDriverService.access$100(GeckoDriverService.java:38)
	at org.openqa.selenium.firefox.GeckoDriverService$Builder.findDefaultExecutable(GeckoDriverService.java:91)
	at org.openqa.selenium.remote.service.DriverService$Builder.build(DriverService.java:296)
	at org.openqa.selenium.firefox.FirefoxDriver.createCommandExecutor(FirefoxDriver.java:244)
	at org.openqa.selenium.firefox.FirefoxDriver.&lt;init&gt;(FirefoxDriver.java:219)
	at org.openqa.selenium.firefox.FirefoxDriver.&lt;init&gt;(FirefoxDriver.java:214)
	at org.openqa.selenium.firefox.FirefoxDriver.&lt;init&gt;(FirefoxDriver.java:210)
	at org.openqa.selenium.firefox.FirefoxDriver.&lt;init&gt;(FirefoxDriver.java:123)
	at com.makaan.Webhelper.Webhelper.InitiateDriver(Webhelper.java:48)
	at com.makaan.Middleware.Project_Middleware.OpenURL(Project_Middleware.java:47)
	at com.makaan.Test.ProjectTest.InitiateDriver(ProjectTest.java:26)
	at sun.reflect.NativeMethodAccessorImpl.invoke0(Native Method)
	at sun.reflect.NativeMethodAccessorImpl.invoke(NativeMethodAccessorImpl.java:62)
	at sun.reflect.DelegatingMethodAccessorImpl.invoke(DelegatingMethodAccessorImpl.java:43)
	at java.lang.reflect.Method.invoke(Method.java:497)
	at org.testng.internal.MethodInvocationHelper.invokeMethod(MethodInvocationHelper.java:84)
	at org.testng.internal.Invoker.invokeConfigurationMethod(Invoker.java:564)
	at org.testng.internal.Invoker.invokeConfigurations(Invoker.java:213)
	at org.testng.internal.Invoker.invokeConfigurations(Invoker.java:138)
	at org.testng.internal.TestMethodWorker.invokeBeforeClassMethods(TestMethodWorker.java:175)
	at org.testng.internal.TestMethodWorker.run(TestMethodWorker.java:107)
	at org.testng.TestRunner.privateRun(TestRunner.java:767)
	at org.testng.TestRunner.run(TestRunner.java:617)
	at org.testng.SuiteRunner.runTest(SuiteRunner.java:334)
	at org.testng.SuiteRunner.runSequentially(SuiteRunner.java:329)
	at org.testng.SuiteRunner.privateRun(SuiteRunner.java:291)
	at org.testng.SuiteRunner.run(SuiteRunner.java:240)
	at org.testng.SuiteRunnerWorker.runSuite(SuiteRunnerWorker.java:52)
	at org.testng.SuiteRunnerWorker.run(SuiteRunnerWorker.java:86)
	at org.testng.TestNG.runSuitesSequentially(TestNG.java:1224)
	at org.testng.TestNG.runSuitesLocally(TestNG.java:1149)
	at org.testng.TestNG.run(TestNG.java:1057)
	at org.testng.remote.RemoteTestNG.run(RemoteTestNG.java:111)
	at org.testng.remote.RemoteTestNG.initAndRun(RemoteTestNG.java:204)
	at org.testng.remote.RemoteTestNG.main(RemoteTestNG.java:175)
</pre></div></td>
<td>0</td>
<td>com.makaan.Test.ProjectTest@32464a14</td></tr>
<tr>
<td title='com.makaan.Test.PropertyPage_Test.InitiateDriver()'><b>InitiateDriver</b><br>Test class: com.makaan.Test.PropertyPage_Test</td>
<td><div><pre>java.lang.AssertionError: not able to Initiate Driver due to exception expected [true] but found [false]
	at com.makaan.Test.PropertyPage_Test.InitiateDriver(PropertyPage_Test.java:30)
... Removed 27 stack frames</pre></div><a href='#' onClick='toggleBox("stack-trace1687662712", this, "Click to show all stack frames", "Click to hide stack frames")'>Click to show all stack frames</a>
<div class='stack-trace' id='stack-trace1687662712'><pre>java.lang.AssertionError: not able to Initiate Driver due to exception expected [true] but found [false]
	at org.testng.Assert.fail(Assert.java:94)
	at org.testng.Assert.failNotEquals(Assert.java:494)
	at org.testng.Assert.assertTrue(Assert.java:42)
	at com.makaan.Test.PropertyPage_Test.InitiateDriver(PropertyPage_Test.java:30)
	at sun.reflect.NativeMethodAccessorImpl.invoke0(Native Method)
	at sun.reflect.NativeMethodAccessorImpl.invoke(NativeMethodAccessorImpl.java:62)
	at sun.reflect.DelegatingMethodAccessorImpl.invoke(DelegatingMethodAccessorImpl.java:43)
	at java.lang.reflect.Method.invoke(Method.java:497)
	at org.testng.internal.MethodInvocationHelper.invokeMethod(MethodInvocationHelper.java:84)
	at org.testng.internal.Invoker.invokeConfigurationMethod(Invoker.java:564)
	at org.testng.internal.Invoker.invokeConfigurations(Invoker.java:213)
	at org.testng.internal.Invoker.invokeConfigurations(Invoker.java:138)
	at org.testng.internal.TestMethodWorker.invokeBeforeClassMethods(TestMethodWorker.java:175)
	at org.testng.internal.TestMethodWorker.run(TestMethodWorker.java:107)
	at org.testng.TestRunner.privateRun(TestRunner.java:767)
	at org.testng.TestRunner.run(TestRunner.java:617)
	at org.testng.SuiteRunner.runTest(SuiteRunner.java:334)
	at org.testng.SuiteRunner.runSequentially(SuiteRunner.java:329)
	at org.testng.SuiteRunner.privateRun(SuiteRunner.java:291)
	at org.testng.SuiteRunner.run(SuiteRunner.java:240)
	at org.testng.SuiteRunnerWorker.runSuite(SuiteRunnerWorker.java:52)
	at org.testng.SuiteRunnerWorker.run(SuiteRunnerWorker.java:86)
	at org.testng.TestNG.runSuitesSequentially(TestNG.java:1224)
	at org.testng.TestNG.runSuitesLocally(TestNG.java:1149)
	at org.testng.TestNG.run(TestNG.java:1057)
	at org.testng.remote.RemoteTestNG.run(RemoteTestNG.java:111)
	at org.testng.remote.RemoteTestNG.initAndRun(RemoteTestNG.java:204)
	at org.testng.remote.RemoteTestNG.main(RemoteTestNG.java:175)
</pre></div></td>
<td>0</td>
<td>com.makaan.Test.PropertyPage_Test@3d8314f0</td></tr>
</table><p>
<table width='100%' border='1' class='invocation-skipped'>
<tr><td colspan='4' align='center'><b>SKIPPED CONFIGURATIONS</b></td></tr>
<tr><td><b>Test method</b></td>
<td width="30%"><b>Exception</b></td>
<td width="10%"><b>Time (seconds)</b></td>
<td><b>Instance</b></td>
</tr>
<tr>
<td title='com.makaan.Test.LoginTest.Close()'><b>Close</b><br>Test class: com.makaan.Test.LoginTest</td>
<td></td>
<td>0</td>
<td>com.makaan.Test.LoginTest@77a57272</td></tr>
<tr>
<td title='com.makaan.Test.HomeTest.Close()'><b>Close</b><br>Test class: com.makaan.Test.HomeTest</td>
<td></td>
<td>0</td>
<td>com.makaan.Test.HomeTest@1efee8e7</td></tr>
<tr>
<td title='com.makaan.Test.ConnectNowTest.Close()'><b>Close</b><br>Test class: com.makaan.Test.ConnectNowTest</td>
<td></td>
<td>0</td>
<td>com.makaan.Test.ConnectNowTest@46238e3f</td></tr>
<tr>
<td title='com.makaan.Test.SearchTest.Close()'><b>Close</b><br>Test class: com.makaan.Test.SearchTest</td>
<td></td>
<td>0</td>
<td>com.makaan.Test.SearchTest@6e2c9341</td></tr>
<tr>
<td title='com.makaan.Test.SERPTest.Close()'><b>Close</b><br>Test class: com.makaan.Test.SERPTest</td>
<td></td>
<td>0</td>
<td>com.makaan.Test.SERPTest@33b37288</td></tr>
<tr>
<td title='com.makaan.Test.PYRTest.Close()'><b>Close</b><br>Test class: com.makaan.Test.PYRTest</td>
<td></td>
<td>0</td>
<td>com.makaan.Test.PYRTest@7181ae3f</td></tr>
<tr>
<td title='com.makaan.Test.ProjectTest.Close()'><b>Close</b><br>Test class: com.makaan.Test.ProjectTest</td>
<td></td>
<td>0</td>
<td>com.makaan.Test.ProjectTest@32464a14</td></tr>
<tr>
<td title='com.makaan.Test.PropertyPage_Test.Close()'><b>Close</b><br>Test class: com.makaan.Test.PropertyPage_Test</td>
<td></td>
<td>0</td>
<td>com.makaan.Test.PropertyPage_Test@3d8314f0</td></tr>
</table><p>
<table width='100%' border='1' class='invocation-skipped'>
<tr><td colspan='4' align='center'><b>SKIPPED TESTS</b></td></tr>
<tr><td><b>Test method</b></td>
<td width="30%"><b>Exception</b></td>
<td width="10%"><b>Time (seconds)</b></td>
<td><b>Instance</b></td>
</tr>
<tr>
<td title='com.makaan.Test.HomeTest.AppDrawer()'><b>AppDrawer</b><br>Test class: com.makaan.Test.HomeTest</td>
<td></td>
<td>0</td>
<td>com.makaan.Test.HomeTest@1efee8e7</td></tr>
<tr>
<td title='com.makaan.Test.HomeTest.BrokerDrawer()'><b>BrokerDrawer</b><br>Test class: com.makaan.Test.HomeTest</td>
<td></td>
<td>0</td>
<td>com.makaan.Test.HomeTest@1efee8e7</td></tr>
<tr>
<td title='com.makaan.Test.HomeTest.BuilderDrawer()'><b>BuilderDrawer</b><br>Test class: com.makaan.Test.HomeTest</td>
<td></td>
<td>0</td>
<td>com.makaan.Test.HomeTest@1efee8e7</td></tr>
<tr>
<td title='com.makaan.Test.SERPTest.BuyFilters()'><b>BuyFilters</b><br>Test class: com.makaan.Test.SERPTest</td>
<td></td>
<td>0</td>
<td>com.makaan.Test.SERPTest@33b37288</td></tr>
<tr>
<td title='com.makaan.Test.HomeTest.BuyerJourneyDrawer()'><b>BuyerJourneyDrawer</b><br>Test class: com.makaan.Test.HomeTest</td>
<td></td>
<td>0</td>
<td>com.makaan.Test.HomeTest@1efee8e7</td></tr>
<tr>
<td title='com.makaan.Test.HomeTest.CityDrawer()'><b>CityDrawer</b><br>Test class: com.makaan.Test.HomeTest</td>
<td></td>
<td>0</td>
<td>com.makaan.Test.HomeTest@1efee8e7</td></tr>
<tr>
<td title='com.makaan.Test.HomeTest.CloseChat()'><b>CloseChat</b><br>Test class: com.makaan.Test.HomeTest</td>
<td></td>
<td>0</td>
<td>com.makaan.Test.HomeTest@1efee8e7</td></tr>
<tr>
<td title='com.makaan.Test.ConnectNowTest.ConnectNow()'><b>ConnectNow</b><br>Test class: com.makaan.Test.ConnectNowTest</td>
<td></td>
<td>0</td>
<td>com.makaan.Test.ConnectNowTest@46238e3f</td></tr>
<tr>
<td title='com.makaan.Test.ConnectNowTest.ContactSeller()'><b>ContactSeller</b><br>Test class: com.makaan.Test.ConnectNowTest</td>
<td></td>
<td>0</td>
<td>com.makaan.Test.ConnectNowTest@46238e3f</td></tr>
<tr>
<td title='com.makaan.Test.HomeTest.ListProperty()'><b>ListProperty</b><br>Test class: com.makaan.Test.HomeTest</td>
<td></td>
<td>0</td>
<td>com.makaan.Test.HomeTest@1efee8e7</td></tr>
<tr>
<td title='com.makaan.Test.HomeTest.MakaanIQDrawer()'><b>MakaanIQDrawer</b><br>Test class: com.makaan.Test.HomeTest</td>
<td></td>
<td>0</td>
<td>com.makaan.Test.HomeTest@1efee8e7</td></tr>
<tr>
<td title='com.makaan.Test.SERPTest.RentFilters()'><b>RentFilters</b><br>Test class: com.makaan.Test.SERPTest</td>
<td></td>
<td>0</td>
<td>com.makaan.Test.SERPTest@33b37288</td></tr>
<tr>
<td title='com.makaan.Test.LoginTest.Signup()'><b>Signup</b><br>Test class: com.makaan.Test.LoginTest</td>
<td></td>
<td>0</td>
<td>com.makaan.Test.LoginTest@77a57272</td></tr>
<tr>
<td title='com.makaan.Test.PropertyPage_Test.ValidateBar()'><b>ValidateBar</b><br>Test class: com.makaan.Test.PropertyPage_Test</td>
<td></td>
<td>0</td>
<td>com.makaan.Test.PropertyPage_Test@3d8314f0</td></tr>
<tr>
<td title='com.makaan.Test.SearchTest.ValidateBuilder()'><b>ValidateBuilder</b><br>Test class: com.makaan.Test.SearchTest</td>
<td></td>
<td>0</td>
<td>com.makaan.Test.SearchTest@6e2c9341</td></tr>
<tr>
<td title='com.makaan.Test.SearchTest.ValidateBuyLocalities()'><b>ValidateBuyLocalities</b><br>Test class: com.makaan.Test.SearchTest</td>
<td></td>
<td>0</td>
<td>com.makaan.Test.SearchTest@6e2c9341</td></tr>
<tr>
<td title='com.makaan.Test.SearchTest.ValidateBuyProject()'><b>ValidateBuyProject</b><br>Test class: com.makaan.Test.SearchTest</td>
<td></td>
<td>0</td>
<td>com.makaan.Test.SearchTest@6e2c9341</td></tr>
<tr>
<td title='com.makaan.Test.HomeTest.ValidateBuyerJourney()'><b>ValidateBuyerJourney</b><br>Test class: com.makaan.Test.HomeTest</td>
<td></td>
<td>0</td>
<td>com.makaan.Test.HomeTest@1efee8e7</td></tr>
<tr>
<td title='com.makaan.Test.SERPTest.ValidateCardBuy()'><b>ValidateCardBuy</b><br>Test class: com.makaan.Test.SERPTest</td>
<td></td>
<td>0</td>
<td>com.makaan.Test.SERPTest@33b37288</td></tr>
<tr>
<td title='com.makaan.Test.SERPTest.ValidateCardRent()'><b>ValidateCardRent</b><br>Test class: com.makaan.Test.SERPTest</td>
<td></td>
<td>0</td>
<td>com.makaan.Test.SERPTest@33b37288</td></tr>
<tr>
<td title='com.makaan.Test.HomeTest.ValidateCashBackCard()'><b>ValidateCashBackCard</b><br>Test class: com.makaan.Test.HomeTest</td>
<td></td>
<td>0</td>
<td>com.makaan.Test.HomeTest@1efee8e7</td></tr>
<tr>
<td title='com.makaan.Test.ConnectNowTest.ValidateDB()'><b>ValidateDB</b><br>Test class: com.makaan.Test.ConnectNowTest</td>
<td></td>
<td>0</td>
<td>com.makaan.Test.ConnectNowTest@46238e3f</td></tr>
<tr>
<td title='com.makaan.Test.HomeTest.ValidateDownloadAppButton()'><b>ValidateDownloadAppButton</b><br>Test class: com.makaan.Test.HomeTest</td>
<td></td>
<td>0</td>
<td>com.makaan.Test.HomeTest@1efee8e7</td></tr>
<tr>
<td title='com.makaan.Test.HomeTest.ValidateFindJoy()'><b>ValidateFindJoy</b><br>Test class: com.makaan.Test.HomeTest</td>
<td></td>
<td>0</td>
<td>com.makaan.Test.HomeTest@1efee8e7</td></tr>
<tr>
<td title='com.makaan.Test.LoginTest.ValidateForgotPassword()'><b>ValidateForgotPassword</b><br>Test class: com.makaan.Test.LoginTest</td>
<td></td>
<td>0</td>
<td>com.makaan.Test.LoginTest@77a57272</td></tr>
<tr>
<td title='com.makaan.Test.HomeTest.ValidateHighscoring()'><b>ValidateHighscoring</b><br>Test class: com.makaan.Test.HomeTest</td>
<td></td>
<td>0</td>
<td>com.makaan.Test.HomeTest@1efee8e7</td></tr>
<tr>
<td title='com.makaan.Test.PropertyPage_Test.ValidateInfo()'><b>ValidateInfo</b><br>Test class: com.makaan.Test.PropertyPage_Test</td>
<td></td>
<td>0</td>
<td>com.makaan.Test.PropertyPage_Test@3d8314f0</td></tr>
<tr>
<td title='com.makaan.Test.PropertyPage_Test.ValidateLead()'><b>ValidateLead</b><br>Test class: com.makaan.Test.PropertyPage_Test</td>
<td></td>
<td>0</td>
<td>com.makaan.Test.PropertyPage_Test@3d8314f0</td></tr>
<tr>
<td title='com.makaan.Test.SERPTest.ValidateLocalityBuy()'><b>ValidateLocalityBuy</b><br>Test class: com.makaan.Test.SERPTest</td>
<td></td>
<td>0</td>
<td>com.makaan.Test.SERPTest@33b37288</td></tr>
<tr>
<td title='com.makaan.Test.SERPTest.ValidateLocalityRent()'><b>ValidateLocalityRent</b><br>Test class: com.makaan.Test.SERPTest</td>
<td></td>
<td>0</td>
<td>com.makaan.Test.SERPTest@33b37288</td></tr>
<tr>
<td title='com.makaan.Test.LoginTest.ValidateLoginButton()'><b>ValidateLoginButton</b><br>Test class: com.makaan.Test.LoginTest</td>
<td></td>
<td>0</td>
<td>com.makaan.Test.LoginTest@77a57272</td></tr>
<tr>
<td title='com.makaan.Test.HomeTest.ValidateMainImage()'><b>ValidateMainImage</b><br>Test class: com.makaan.Test.HomeTest</td>
<td></td>
<td>0</td>
<td>com.makaan.Test.HomeTest@1efee8e7</td></tr>
<tr>
<td title='com.makaan.Test.LoginTest.ValidateMakaanLogin()'><b>ValidateMakaanLogin</b><br>Test class: com.makaan.Test.LoginTest</td>
<td></td>
<td>0</td>
<td>com.makaan.Test.LoginTest@77a57272</td></tr>
<tr>
<td title='com.makaan.Test.LoginTest.ValidateMakaanLogout()'><b>ValidateMakaanLogout</b><br>Test class: com.makaan.Test.LoginTest</td>
<td></td>
<td>0</td>
<td>com.makaan.Test.LoginTest@77a57272</td></tr>
<tr>
<td title='com.makaan.Test.SERPTest.ValidateMapListToggle()'><b>ValidateMapListToggle</b><br>Test class: com.makaan.Test.SERPTest</td>
<td></td>
<td>0</td>
<td>com.makaan.Test.SERPTest@33b37288</td></tr>
<tr>
<td title='com.makaan.Test.HomeTest.ValidateMchatCard()'><b>ValidateMchatCard</b><br>Test class: com.makaan.Test.HomeTest</td>
<td></td>
<td>0</td>
<td>com.makaan.Test.HomeTest@1efee8e7</td></tr>
<tr>
<td title='com.makaan.Test.HomeTest.ValidateMplusCard()'><b>ValidateMplusCard</b><br>Test class: com.makaan.Test.HomeTest</td>
<td></td>
<td>0</td>
<td>com.makaan.Test.HomeTest@1efee8e7</td></tr>
<tr>
<td title='com.makaan.Test.PYRTest.ValidatePYRBuy()'><b>ValidatePYRBuy</b><br>Test class: com.makaan.Test.PYRTest</td>
<td></td>
<td>0</td>
<td>com.makaan.Test.PYRTest@7181ae3f</td></tr>
<tr>
<td title='com.makaan.Test.PYRTest.ValidatePYRRent()'><b>ValidatePYRRent</b><br>Test class: com.makaan.Test.PYRTest</td>
<td></td>
<td>0</td>
<td>com.makaan.Test.PYRTest@7181ae3f</td></tr>
<tr>
<td title='com.makaan.Test.SERPTest.ValidateProjectBuy()'><b>ValidateProjectBuy</b><br>Test class: com.makaan.Test.SERPTest</td>
<td></td>
<td>0</td>
<td>com.makaan.Test.SERPTest@33b37288</td></tr>
<tr>
<td title='com.makaan.Test.SERPTest.ValidatePropertyBuy()'><b>ValidatePropertyBuy</b><br>Test class: com.makaan.Test.SERPTest</td>
<td></td>
<td>0</td>
<td>com.makaan.Test.SERPTest@33b37288</td></tr>
<tr>
<td title='com.makaan.Test.SERPTest.ValidatePropertyRent()'><b>ValidatePropertyRent</b><br>Test class: com.makaan.Test.SERPTest</td>
<td></td>
<td>0</td>
<td>com.makaan.Test.SERPTest@33b37288</td></tr>
<tr>
<td title='com.makaan.Test.SERPTest.ValidateReadMoreBuy()'><b>ValidateReadMoreBuy</b><br>Test class: com.makaan.Test.SERPTest</td>
<td></td>
<td>0</td>
<td>com.makaan.Test.SERPTest@33b37288</td></tr>
<tr>
<td title='com.makaan.Test.SERPTest.ValidateReadMorerent()'><b>ValidateReadMorerent</b><br>Test class: com.makaan.Test.SERPTest</td>
<td></td>
<td>0</td>
<td>com.makaan.Test.SERPTest@33b37288</td></tr>
<tr>
<td title='com.makaan.Test.SearchTest.ValidateRentLocalities()'><b>ValidateRentLocalities</b><br>Test class: com.makaan.Test.SearchTest</td>
<td></td>
<td>0</td>
<td>com.makaan.Test.SearchTest@6e2c9341</td></tr>
<tr>
<td title='com.makaan.Test.SearchTest.ValidateRentProject()'><b>ValidateRentProject</b><br>Test class: com.makaan.Test.SearchTest</td>
<td></td>
<td>0</td>
<td>com.makaan.Test.SearchTest@6e2c9341</td></tr>
<tr>
<td title='com.makaan.Test.LoginTest.ValidateResetPassword()'><b>ValidateResetPassword</b><br>Test class: com.makaan.Test.LoginTest</td>
<td></td>
<td>0</td>
<td>com.makaan.Test.LoginTest@77a57272</td></tr>
<tr>
<td title='com.makaan.Test.SearchTest.ValidateSearchBox()'><b>ValidateSearchBox</b><br>Test class: com.makaan.Test.SearchTest</td>
<td></td>
<td>0</td>
<td>com.makaan.Test.SearchTest@6e2c9341</td></tr>
<tr>
<td title='com.makaan.Test.HomeTest.ValidateSearchPlaceHolder()'><b>ValidateSearchPlaceHolder</b><br>Test class: com.makaan.Test.HomeTest</td>
<td></td>
<td>0</td>
<td>com.makaan.Test.HomeTest@1efee8e7</td></tr>
<tr>
<td title='com.makaan.Test.SERPTest.ValidateSellerBuy()'><b>ValidateSellerBuy</b><br>Test class: com.makaan.Test.SERPTest</td>
<td></td>
<td>0</td>
<td>com.makaan.Test.SERPTest@33b37288</td></tr>
<tr>
<td title='com.makaan.Test.HomeTest.ValidateSellerLink()'><b>ValidateSellerLink</b><br>Test class: com.makaan.Test.HomeTest</td>
<td></td>
<td>0</td>
<td>com.makaan.Test.HomeTest@1efee8e7</td></tr>
<tr>
<td title='com.makaan.Test.SERPTest.ValidateSellerRent()'><b>ValidateSellerRent</b><br>Test class: com.makaan.Test.SERPTest</td>
<td></td>
<td>0</td>
<td>com.makaan.Test.SERPTest@33b37288</td></tr>
<tr>
<td title='com.makaan.Test.SERPTest.ValidateSetAlert()'><b>ValidateSetAlert</b><br>Test class: com.makaan.Test.SERPTest</td>
<td></td>
<td>0</td>
<td>com.makaan.Test.SERPTest@33b37288</td></tr>
<tr>
<td title='com.makaan.Test.SERPTest.ValidateShortlistBuy()'><b>ValidateShortlistBuy</b><br>Test class: com.makaan.Test.SERPTest</td>
<td></td>
<td>0</td>
<td>com.makaan.Test.SERPTest@33b37288</td></tr>
<tr>
<td title='com.makaan.Test.SERPTest.ValidateShortlistrent()'><b>ValidateShortlistrent</b><br>Test class: com.makaan.Test.SERPTest</td>
<td></td>
<td>0</td>
<td>com.makaan.Test.SERPTest@33b37288</td></tr>
<tr>
<td title='com.makaan.Test.SERPTest.ValidateSidecards()'><b>ValidateSidecards</b><br>Test class: com.makaan.Test.SERPTest</td>
<td></td>
<td>0</td>
<td>com.makaan.Test.SERPTest@33b37288</td></tr>
<tr>
<td title='com.makaan.Test.LoginTest.ValidateSocialLogin()'><b>ValidateSocialLogin</b><br>Test class: com.makaan.Test.LoginTest</td>
<td></td>
<td>0</td>
<td>com.makaan.Test.LoginTest@77a57272</td></tr>
<tr>
<td title='com.makaan.Test.SERPTest.ValidateSortingFilter()'><b>ValidateSortingFilter</b><br>Test class: com.makaan.Test.SERPTest</td>
<td></td>
<td>0</td>
<td>com.makaan.Test.SERPTest@33b37288</td></tr>
<tr>
<td title='com.makaan.Test.SERPTest.ValidateSponsoredLink()'><b>ValidateSponsoredLink</b><br>Test class: com.makaan.Test.SERPTest</td>
<td></td>
<td>0</td>
<td>com.makaan.Test.SERPTest@33b37288</td></tr>
<tr>
<td title='com.makaan.Test.HomeTest.ValidateSpotlightProject()'><b>ValidateSpotlightProject</b><br>Test class: com.makaan.Test.HomeTest</td>
<td></td>
<td>0</td>
<td>com.makaan.Test.HomeTest@1efee8e7</td></tr>
<tr>
<td title='com.makaan.Test.SearchTest.ValidateSuburbBuy()'><b>ValidateSuburbBuy</b><br>Test class: com.makaan.Test.SearchTest</td>
<td></td>
<td>0</td>
<td>com.makaan.Test.SearchTest@6e2c9341</td></tr>
<tr>
<td title='com.makaan.Test.SearchTest.ValidateSuburbRent()'><b>ValidateSuburbRent</b><br>Test class: com.makaan.Test.SearchTest</td>
<td></td>
<td>0</td>
<td>com.makaan.Test.SearchTest@6e2c9341</td></tr>
<tr>
<td title='com.makaan.Test.SERPTest.ValidateViewMoreRent()'><b>ValidateViewMoreRent</b><br>Test class: com.makaan.Test.SERPTest</td>
<td></td>
<td>0</td>
<td>com.makaan.Test.SERPTest@33b37288</td></tr>
<tr>
<td title='com.makaan.Test.SERPTest.ValidateViewNumberForListedType()'><b>ValidateViewNumberForListedType</b><br>Test class: com.makaan.Test.SERPTest</td>
<td></td>
<td>0</td>
<td>com.makaan.Test.SERPTest@33b37288</td></tr>
<tr>
<td title='com.makaan.Test.SERPTest.Validatepagination()'><b>Validatepagination</b><br>Test class: com.makaan.Test.SERPTest</td>
<td></td>
<td>0</td>
<td>com.makaan.Test.SERPTest@33b37288</td></tr>
<tr>
<td title='com.makaan.Test.PropertyPage_Test.ValidatepropertyImage()'><b>ValidatepropertyImage</b><br>Test class: com.makaan.Test.PropertyPage_Test</td>
<td></td>
<td>0</td>
<td>com.makaan.Test.PropertyPage_Test@3d8314f0</td></tr>
<tr>
<td title='com.makaan.Test.ProjectTest.VerifyAboutBuilder()'><b>VerifyAboutBuilder</b><br>Test class: com.makaan.Test.ProjectTest</td>
<td></td>
<td>0</td>
<td>com.makaan.Test.ProjectTest@32464a14</td></tr>
<tr>
<td title='com.makaan.Test.ProjectTest.VerifyAboutLocality()'><b>VerifyAboutLocality</b><br>Test class: com.makaan.Test.ProjectTest</td>
<td></td>
<td>0</td>
<td>com.makaan.Test.ProjectTest@32464a14</td></tr>
<tr>
<td title='com.makaan.Test.PropertyPage_Test.VerifyAmenityCard()'><b>VerifyAmenityCard</b><br>Test class: com.makaan.Test.PropertyPage_Test</td>
<td></td>
<td>0</td>
<td>com.makaan.Test.PropertyPage_Test@3d8314f0</td></tr>
<tr>
<td title='com.makaan.Test.HomeTest.VerifyAppSection()'><b>VerifyAppSection</b><br>Test class: com.makaan.Test.HomeTest</td>
<td></td>
<td>0</td>
<td>com.makaan.Test.HomeTest@1efee8e7</td></tr>
<tr>
<td title='com.makaan.Test.ProjectTest.VerifyBreadCrumb()'><b>VerifyBreadCrumb</b><br>Test class: com.makaan.Test.ProjectTest</td>
<td></td>
<td>0</td>
<td>com.makaan.Test.ProjectTest@32464a14</td></tr>
<tr>
<td title='com.makaan.Test.PropertyPage_Test.VerifyBreadCrumb()'><b>VerifyBreadCrumb</b><br>Test class: com.makaan.Test.PropertyPage_Test</td>
<td></td>
<td>0</td>
<td>com.makaan.Test.PropertyPage_Test@3d8314f0</td></tr>
<tr>
<td title='com.makaan.Test.PropertyPage_Test.VerifyBuillder()'><b>VerifyBuillder</b><br>Test class: com.makaan.Test.PropertyPage_Test</td>
<td></td>
<td>0</td>
<td>com.makaan.Test.PropertyPage_Test@3d8314f0</td></tr>
<tr>
<td title='com.makaan.Test.PropertyPage_Test.VerifyContactSeller()'><b>VerifyContactSeller</b><br>Test class: com.makaan.Test.PropertyPage_Test</td>
<td></td>
<td>0</td>
<td>com.makaan.Test.PropertyPage_Test@3d8314f0</td></tr>
<tr>
<td title='com.makaan.Test.PropertyPage_Test.VerifyFloorPlan()'><b>VerifyFloorPlan</b><br>Test class: com.makaan.Test.PropertyPage_Test</td>
<td></td>
<td>0</td>
<td>com.makaan.Test.PropertyPage_Test@3d8314f0</td></tr>
<tr>
<td title='com.makaan.Test.HomeTest.VerifyFooter()'><b>VerifyFooter</b><br>Test class: com.makaan.Test.HomeTest</td>
<td></td>
<td>0</td>
<td>com.makaan.Test.HomeTest@1efee8e7</td></tr>
<tr>
<td title='com.makaan.Test.ProjectTest.VerifyHeader()'><b>VerifyHeader</b><br>Test class: com.makaan.Test.ProjectTest</td>
<td></td>
<td>0</td>
<td>com.makaan.Test.ProjectTest@32464a14</td></tr>
<tr>
<td title='com.makaan.Test.ProjectTest.VerifyLead()'><b>VerifyLead</b><br>Test class: com.makaan.Test.ProjectTest</td>
<td></td>
<td>0</td>
<td>com.makaan.Test.ProjectTest@32464a14</td></tr>
<tr>
<td title='com.makaan.Test.PropertyPage_Test.VerifyLocality()'><b>VerifyLocality</b><br>Test class: com.makaan.Test.PropertyPage_Test</td>
<td></td>
<td>0</td>
<td>com.makaan.Test.PropertyPage_Test@3d8314f0</td></tr>
<tr>
<td title='com.makaan.Test.ProjectTest.VerifyNavigationBar()'><b>VerifyNavigationBar</b><br>Test class: com.makaan.Test.ProjectTest</td>
<td></td>
<td>0</td>
<td>com.makaan.Test.ProjectTest@32464a14</td></tr>
<tr>
<td title='com.makaan.Test.ProjectTest.VerifyOverview()'><b>VerifyOverview</b><br>Test class: com.makaan.Test.ProjectTest</td>
<td></td>
<td>0</td>
<td>com.makaan.Test.ProjectTest@32464a14</td></tr>
<tr>
<td title='com.makaan.Test.PropertyPage_Test.VerifyOverview()'><b>VerifyOverview</b><br>Test class: com.makaan.Test.PropertyPage_Test</td>
<td></td>
<td>0</td>
<td>com.makaan.Test.PropertyPage_Test@3d8314f0</td></tr>
<tr>
<td title='com.makaan.Test.ProjectTest.VerifyProjectImage()'><b>VerifyProjectImage</b><br>Test class: com.makaan.Test.ProjectTest</td>
<td></td>
<td>0</td>
<td>com.makaan.Test.ProjectTest@32464a14</td></tr>
<tr>
<td title='com.makaan.Test.PropertyPage_Test.VerifySimilar()'><b>VerifySimilar</b><br>Test class: com.makaan.Test.PropertyPage_Test</td>
<td></td>
<td>0</td>
<td>com.makaan.Test.PropertyPage_Test@3d8314f0</td></tr>
<tr>
<td title='com.makaan.Test.ProjectTest.VerifySimilarProjects()'><b>VerifySimilarProjects</b><br>Test class: com.makaan.Test.ProjectTest</td>
<td></td>
<td>0</td>
<td>com.makaan.Test.ProjectTest@32464a14</td></tr>
<tr>
<td title='com.makaan.Test.ConnectNowTest.ViewNumberInLead()'><b>ViewNumberInLead</b><br>Test class: com.makaan.Test.ConnectNowTest</td>
<td></td>
<td>0</td>
<td>com.makaan.Test.ConnectNowTest@46238e3f</td></tr>
<tr>
<td title='com.makaan.Test.ConnectNowTest.ViewNumberonSERP()'><b>ViewNumberonSERP</b><br>Test class: com.makaan.Test.ConnectNowTest</td>
<td></td>
<td>0</td>
<td>com.makaan.Test.ConnectNowTest@46238e3f</td></tr>
</table><p>
</body>
</html>