<?xml version="1.0" encoding="UTF-8"?>
<testng-results skipped="0" failed="3" total="12" passed="9">
  <reporter-output>
  </reporter-output>
  <suite name="Default suite" duration-ms="575901" started-at="2016-09-30T13:57:36Z" finished-at="2016-09-30T14:07:12Z">
    <groups>
    </groups>
    <test name="Default test" duration-ms="575901" started-at="2016-09-30T13:57:36Z" finished-at="2016-09-30T14:07:12Z">
      <class name="com.makaan.Test.PropertyPage_Test">
        <test-method status="PASS" signature="InitiateDriver()[pri:0, instance:com.makaan.Test.PropertyPage_Test@60438a68]" name="InitiateDriver" is-config="true" duration-ms="14143" started-at="2016-09-30T19:27:36Z" finished-at="2016-09-30T19:27:50Z">
          <reporter-output>
          </reporter-output>
        </test-method> <!-- InitiateDriver -->
        <test-method status="PASS" signature="ValidatepropertyImage()[pri:0, instance:com.makaan.Test.PropertyPage_Test@60438a68]" name="ValidatepropertyImage" duration-ms="8241" started-at="2016-09-30T19:27:50Z" finished-at="2016-09-30T19:27:58Z">
          <reporter-output>
          </reporter-output>
        </test-method> <!-- ValidatepropertyImage -->
        <test-method status="PASS" signature="ValidateInfo()[pri:0, instance:com.makaan.Test.PropertyPage_Test@60438a68]" name="ValidateInfo" duration-ms="1009" started-at="2016-09-30T19:27:58Z" finished-at="2016-09-30T19:27:59Z">
          <reporter-output>
          </reporter-output>
        </test-method> <!-- ValidateInfo -->
        <test-method status="PASS" signature="ValidateBar()[pri:0, instance:com.makaan.Test.PropertyPage_Test@60438a68]" name="ValidateBar" duration-ms="104806" started-at="2016-09-30T19:27:59Z" finished-at="2016-09-30T19:29:44Z">
          <reporter-output>
          </reporter-output>
        </test-method> <!-- ValidateBar -->
        <test-method status="PASS" signature="ValidateLead()[pri:0, instance:com.makaan.Test.PropertyPage_Test@60438a68]" name="ValidateLead" duration-ms="93884" started-at="2016-09-30T19:29:44Z" finished-at="2016-09-30T19:31:18Z">
          <reporter-output>
          </reporter-output>
        </test-method> <!-- ValidateLead -->
        <test-method status="PASS" signature="VerifyBreadCrumb()[pri:0, instance:com.makaan.Test.PropertyPage_Test@60438a68]" name="VerifyBreadCrumb" duration-ms="45339" started-at="2016-09-30T19:31:18Z" finished-at="2016-09-30T19:32:03Z">
          <reporter-output>
          </reporter-output>
        </test-method> <!-- VerifyBreadCrumb -->
        <test-method status="PASS" signature="VerifyAmenityCard()[pri:0, instance:com.makaan.Test.PropertyPage_Test@60438a68]" name="VerifyAmenityCard" duration-ms="29810" started-at="2016-09-30T19:32:03Z" finished-at="2016-09-30T19:32:33Z">
          <reporter-output>
          </reporter-output>
        </test-method> <!-- VerifyAmenityCard -->
        <test-method status="PASS" signature="VerifyFloorPlan()[pri:0, instance:com.makaan.Test.PropertyPage_Test@60438a68]" name="VerifyFloorPlan" duration-ms="13355" started-at="2016-09-30T19:32:33Z" finished-at="2016-09-30T19:32:47Z">
          <reporter-output>
          </reporter-output>
        </test-method> <!-- VerifyFloorPlan -->
        <test-method status="FAIL" signature="VerifySimilar()[pri:0, instance:com.makaan.Test.PropertyPage_Test@60438a68]" name="VerifySimilar" duration-ms="65555" started-at="2016-09-30T19:32:47Z" finished-at="2016-09-30T19:33:52Z">
          <exception class="java.lang.AssertionError">
            <message>
              <![CDATA[not able to Verify Similar Property Cardorg.openqa.selenium.InvalidSelectorException: Given xpath expression "//li[@itemprop='itemListElement'][" is invalid (WARNING: The server did not provide any stacktrace information)
Command duration or timeout: 63 milliseconds
For documentation on this error, please visit: http://seleniumhq.org/exceptions/invalid_selector_exception.html
Build info: version: '3.0.0-beta1', revision: '8e4315c', time: '2016-07-28 18:04:05 -0700'
System info: host: 'PT-MAC-42.local', ip: '10.10.3.195', os.name: 'Mac OS X', os.arch: 'x86_64', os.version: '10.11.6', java.version: '1.8.0_45'
Driver info: org.openqa.selenium.firefox.FirefoxDriver
Capabilities [{rotatable=false, raisesAccessibilityExceptions=false, appBuildId=20160623154057, version=, platform=MAC, proxy={}, command_id=1, specificationLevel=0, acceptSslCerts=false, browserVersion=47.0.1, platformVersion=15.6.0, XULappId={ec8030f7-c20a-464f-9b0e-13a3a9e97384}, browserName=Firefox, takesScreenshot=true, takesElementScreenshot=true, platformName=Darwin, device=desktop}]
Session ID: 32ecb9f9-0c43-7749-abac-9cc1dc779e3b
*** Element info: {Using=xpath, value=//li[@itemprop='itemListElement'][} expected [true] but found [false]]]>
            </message>
            <full-stacktrace>
              <![CDATA[java.lang.AssertionError: not able to Verify Similar Property Cardorg.openqa.selenium.InvalidSelectorException: Given xpath expression "//li[@itemprop='itemListElement'][" is invalid (WARNING: The server did not provide any stacktrace information)
Command duration or timeout: 63 milliseconds
For documentation on this error, please visit: http://seleniumhq.org/exceptions/invalid_selector_exception.html
Build info: version: '3.0.0-beta1', revision: '8e4315c', time: '2016-07-28 18:04:05 -0700'
System info: host: 'PT-MAC-42.local', ip: '10.10.3.195', os.name: 'Mac OS X', os.arch: 'x86_64', os.version: '10.11.6', java.version: '1.8.0_45'
Driver info: org.openqa.selenium.firefox.FirefoxDriver
Capabilities [{rotatable=false, raisesAccessibilityExceptions=false, appBuildId=20160623154057, version=, platform=MAC, proxy={}, command_id=1, specificationLevel=0, acceptSslCerts=false, browserVersion=47.0.1, platformVersion=15.6.0, XULappId={ec8030f7-c20a-464f-9b0e-13a3a9e97384}, browserName=Firefox, takesScreenshot=true, takesElementScreenshot=true, platformName=Darwin, device=desktop}]
Session ID: 32ecb9f9-0c43-7749-abac-9cc1dc779e3b
*** Element info: {Using=xpath, value=//li[@itemprop='itemListElement'][} expected [true] but found [false]
	at org.testng.Assert.fail(Assert.java:94)
	at org.testng.Assert.failNotEquals(Assert.java:494)
	at org.testng.Assert.assertTrue(Assert.java:42)
	at com.makaan.Test.PropertyPage_Test.VerifySimilar(PropertyPage_Test.java:168)
	at sun.reflect.NativeMethodAccessorImpl.invoke0(Native Method)
	at sun.reflect.NativeMethodAccessorImpl.invoke(NativeMethodAccessorImpl.java:62)
	at sun.reflect.DelegatingMethodAccessorImpl.invoke(DelegatingMethodAccessorImpl.java:43)
	at java.lang.reflect.Method.invoke(Method.java:497)
	at org.testng.internal.MethodInvocationHelper.invokeMethod(MethodInvocationHelper.java:84)
	at org.testng.internal.Invoker.invokeMethod(Invoker.java:714)
	at org.testng.internal.Invoker.invokeTestMethod(Invoker.java:901)
	at org.testng.internal.Invoker.invokeTestMethods(Invoker.java:1231)
	at org.testng.internal.TestMethodWorker.invokeTestMethods(TestMethodWorker.java:127)
	at org.testng.internal.TestMethodWorker.run(TestMethodWorker.java:111)
	at org.testng.TestRunner.privateRun(TestRunner.java:767)
	at org.testng.TestRunner.run(TestRunner.java:617)
	at org.testng.SuiteRunner.runTest(SuiteRunner.java:334)
	at org.testng.SuiteRunner.runSequentially(SuiteRunner.java:329)
	at org.testng.SuiteRunner.privateRun(SuiteRunner.java:291)
	at org.testng.SuiteRunner.run(SuiteRunner.java:240)
	at org.testng.SuiteRunnerWorker.runSuite(SuiteRunnerWorker.java:52)
	at org.testng.SuiteRunnerWorker.run(SuiteRunnerWorker.java:86)
	at org.testng.TestNG.runSuitesSequentially(TestNG.java:1224)
	at org.testng.TestNG.runSuitesLocally(TestNG.java:1149)
	at org.testng.TestNG.run(TestNG.java:1057)
	at org.testng.remote.RemoteTestNG.run(RemoteTestNG.java:111)
	at org.testng.remote.RemoteTestNG.initAndRun(RemoteTestNG.java:204)
	at org.testng.remote.RemoteTestNG.main(RemoteTestNG.java:175)
]]>
            </full-stacktrace>
          </exception> <!-- java.lang.AssertionError -->
          <reporter-output>
          </reporter-output>
        </test-method> <!-- VerifySimilar -->
        <test-method status="FAIL" signature="VerifyBuillder()[pri:0, instance:com.makaan.Test.PropertyPage_Test@60438a68]" name="VerifyBuillder" duration-ms="61277" started-at="2016-09-30T19:33:52Z" finished-at="2016-09-30T19:34:53Z">
          <exception class="java.lang.AssertionError">
            <message>
              <![CDATA[Fail: Ongoing Project Count is not matching expected [true] but found [false]]]>
            </message>
            <full-stacktrace>
              <![CDATA[java.lang.AssertionError: Fail: Ongoing Project Count is not matching expected [true] but found [false]
	at org.testng.Assert.fail(Assert.java:94)
	at org.testng.Assert.failNotEquals(Assert.java:494)
	at org.testng.Assert.assertTrue(Assert.java:42)
	at com.makaan.Test.PropertyPage_Test.VerifyBuillder(PropertyPage_Test.java:184)
	at sun.reflect.NativeMethodAccessorImpl.invoke0(Native Method)
	at sun.reflect.NativeMethodAccessorImpl.invoke(NativeMethodAccessorImpl.java:62)
	at sun.reflect.DelegatingMethodAccessorImpl.invoke(DelegatingMethodAccessorImpl.java:43)
	at java.lang.reflect.Method.invoke(Method.java:497)
	at org.testng.internal.MethodInvocationHelper.invokeMethod(MethodInvocationHelper.java:84)
	at org.testng.internal.Invoker.invokeMethod(Invoker.java:714)
	at org.testng.internal.Invoker.invokeTestMethod(Invoker.java:901)
	at org.testng.internal.Invoker.invokeTestMethods(Invoker.java:1231)
	at org.testng.internal.TestMethodWorker.invokeTestMethods(TestMethodWorker.java:127)
	at org.testng.internal.TestMethodWorker.run(TestMethodWorker.java:111)
	at org.testng.TestRunner.privateRun(TestRunner.java:767)
	at org.testng.TestRunner.run(TestRunner.java:617)
	at org.testng.SuiteRunner.runTest(SuiteRunner.java:334)
	at org.testng.SuiteRunner.runSequentially(SuiteRunner.java:329)
	at org.testng.SuiteRunner.privateRun(SuiteRunner.java:291)
	at org.testng.SuiteRunner.run(SuiteRunner.java:240)
	at org.testng.SuiteRunnerWorker.runSuite(SuiteRunnerWorker.java:52)
	at org.testng.SuiteRunnerWorker.run(SuiteRunnerWorker.java:86)
	at org.testng.TestNG.runSuitesSequentially(TestNG.java:1224)
	at org.testng.TestNG.runSuitesLocally(TestNG.java:1149)
	at org.testng.TestNG.run(TestNG.java:1057)
	at org.testng.remote.RemoteTestNG.run(RemoteTestNG.java:111)
	at org.testng.remote.RemoteTestNG.initAndRun(RemoteTestNG.java:204)
	at org.testng.remote.RemoteTestNG.main(RemoteTestNG.java:175)
]]>
            </full-stacktrace>
          </exception> <!-- java.lang.AssertionError -->
          <reporter-output>
          </reporter-output>
        </test-method> <!-- VerifyBuillder -->
        <test-method status="PASS" signature="VerifyLocality()[pri:0, instance:com.makaan.Test.PropertyPage_Test@60438a68]" name="VerifyLocality" duration-ms="74967" started-at="2016-09-30T19:34:53Z" finished-at="2016-09-30T19:36:08Z">
          <reporter-output>
          </reporter-output>
        </test-method> <!-- VerifyLocality -->
        <test-method status="FAIL" signature="VerifyContactSeller()[pri:0, instance:com.makaan.Test.PropertyPage_Test@60438a68]" name="VerifyContactSeller" duration-ms="26470" started-at="2016-09-30T19:36:08Z" finished-at="2016-09-30T19:36:35Z">
          <exception class="java.lang.AssertionError">
            <message>
              <![CDATA[not able to Verify Contact Sellerorg.openqa.selenium.NoSuchElementException: Unable to locate element: //div[@class='call-screen-content'] (WARNING: The server did not provide any stacktrace information)
Command duration or timeout: 14 milliseconds
For documentation on this error, please visit: http://seleniumhq.org/exceptions/no_such_element.html
Build info: version: '3.0.0-beta1', revision: '8e4315c', time: '2016-07-28 18:04:05 -0700'
System info: host: 'PT-MAC-42.local', ip: '10.10.3.195', os.name: 'Mac OS X', os.arch: 'x86_64', os.version: '10.11.6', java.version: '1.8.0_45'
Driver info: org.openqa.selenium.firefox.FirefoxDriver
Capabilities [{rotatable=false, raisesAccessibilityExceptions=false, appBuildId=20160623154057, version=, platform=MAC, proxy={}, command_id=1, specificationLevel=0, acceptSslCerts=false, browserVersion=47.0.1, platformVersion=15.6.0, XULappId={ec8030f7-c20a-464f-9b0e-13a3a9e97384}, browserName=Firefox, takesScreenshot=true, takesElementScreenshot=true, platformName=Darwin, device=desktop}]
Session ID: 32ecb9f9-0c43-7749-abac-9cc1dc779e3b
*** Element info: {Using=xpath, value=//div[@class='call-screen-content']} expected [true] but found [false]]]>
            </message>
            <full-stacktrace>
              <![CDATA[java.lang.AssertionError: not able to Verify Contact Sellerorg.openqa.selenium.NoSuchElementException: Unable to locate element: //div[@class='call-screen-content'] (WARNING: The server did not provide any stacktrace information)
Command duration or timeout: 14 milliseconds
For documentation on this error, please visit: http://seleniumhq.org/exceptions/no_such_element.html
Build info: version: '3.0.0-beta1', revision: '8e4315c', time: '2016-07-28 18:04:05 -0700'
System info: host: 'PT-MAC-42.local', ip: '10.10.3.195', os.name: 'Mac OS X', os.arch: 'x86_64', os.version: '10.11.6', java.version: '1.8.0_45'
Driver info: org.openqa.selenium.firefox.FirefoxDriver
Capabilities [{rotatable=false, raisesAccessibilityExceptions=false, appBuildId=20160623154057, version=, platform=MAC, proxy={}, command_id=1, specificationLevel=0, acceptSslCerts=false, browserVersion=47.0.1, platformVersion=15.6.0, XULappId={ec8030f7-c20a-464f-9b0e-13a3a9e97384}, browserName=Firefox, takesScreenshot=true, takesElementScreenshot=true, platformName=Darwin, device=desktop}]
Session ID: 32ecb9f9-0c43-7749-abac-9cc1dc779e3b
*** Element info: {Using=xpath, value=//div[@class='call-screen-content']} expected [true] but found [false]
	at org.testng.Assert.fail(Assert.java:94)
	at org.testng.Assert.failNotEquals(Assert.java:494)
	at org.testng.Assert.assertTrue(Assert.java:42)
	at com.makaan.Test.PropertyPage_Test.VerifyContactSeller(PropertyPage_Test.java:222)
	at sun.reflect.NativeMethodAccessorImpl.invoke0(Native Method)
	at sun.reflect.NativeMethodAccessorImpl.invoke(NativeMethodAccessorImpl.java:62)
	at sun.reflect.DelegatingMethodAccessorImpl.invoke(DelegatingMethodAccessorImpl.java:43)
	at java.lang.reflect.Method.invoke(Method.java:497)
	at org.testng.internal.MethodInvocationHelper.invokeMethod(MethodInvocationHelper.java:84)
	at org.testng.internal.Invoker.invokeMethod(Invoker.java:714)
	at org.testng.internal.Invoker.invokeTestMethod(Invoker.java:901)
	at org.testng.internal.Invoker.invokeTestMethods(Invoker.java:1231)
	at org.testng.internal.TestMethodWorker.invokeTestMethods(TestMethodWorker.java:127)
	at org.testng.internal.TestMethodWorker.run(TestMethodWorker.java:111)
	at org.testng.TestRunner.privateRun(TestRunner.java:767)
	at org.testng.TestRunner.run(TestRunner.java:617)
	at org.testng.SuiteRunner.runTest(SuiteRunner.java:334)
	at org.testng.SuiteRunner.runSequentially(SuiteRunner.java:329)
	at org.testng.SuiteRunner.privateRun(SuiteRunner.java:291)
	at org.testng.SuiteRunner.run(SuiteRunner.java:240)
	at org.testng.SuiteRunnerWorker.runSuite(SuiteRunnerWorker.java:52)
	at org.testng.SuiteRunnerWorker.run(SuiteRunnerWorker.java:86)
	at org.testng.TestNG.runSuitesSequentially(TestNG.java:1224)
	at org.testng.TestNG.runSuitesLocally(TestNG.java:1149)
	at org.testng.TestNG.run(TestNG.java:1057)
	at org.testng.remote.RemoteTestNG.run(RemoteTestNG.java:111)
	at org.testng.remote.RemoteTestNG.initAndRun(RemoteTestNG.java:204)
	at org.testng.remote.RemoteTestNG.main(RemoteTestNG.java:175)
]]>
            </full-stacktrace>
          </exception> <!-- java.lang.AssertionError -->
          <reporter-output>
          </reporter-output>
        </test-method> <!-- VerifyContactSeller -->
        <test-method status="PASS" signature="VerifyOverview()[pri:0, instance:com.makaan.Test.PropertyPage_Test@60438a68]" name="VerifyOverview" duration-ms="36301" started-at="2016-09-30T19:36:35Z" finished-at="2016-09-30T19:37:11Z">
          <reporter-output>
          </reporter-output>
        </test-method> <!-- VerifyOverview -->
        <test-method status="PASS" signature="Close()[pri:0, instance:com.makaan.Test.PropertyPage_Test@60438a68]" name="Close" is-config="true" duration-ms="716" started-at="2016-09-30T19:37:11Z" finished-at="2016-09-30T19:37:12Z">
          <reporter-output>
          </reporter-output>
        </test-method> <!-- Close -->
      </class> <!-- com.makaan.Test.PropertyPage_Test -->
    </test> <!-- Default test -->
  </suite> <!-- Default suite -->
</testng-results>
